==========================================================================================
Information: 
Exchange parameters generated by TB2J 0.7.0
Generation time: 21/11/11 18:51:48
 Input from non-collinear Siesta data.
 working directory: /home/hexu/projects/TB2J_tutor/CrI3_Siesta/DFT/y
 fdf_fname: siesta-y.fdf.
Warning: The DMI component parallel to the spin orientation, the Jani which has the component of that orientation should be disregarded
 e.g. if the spins are along z, the xz, yz, zz, zx, zy components and the z component of DMI.
 If you need these component, try to do three calculations with spin along x, y, z,  or use structure with z rotated to x, y and z. And then use TB2J_merge.py to get the full set of parameters.

==========================================================================================
Cell (Angstrom):
-5.849  -0.000   3.372
-5.849   0.000  -3.372
-0.000  -13.256   0.001

==========================================================================================
Atoms:  
(Note: charge and magmoms only count the wannier functions.)
Atom_number      x         y         z     w_charge    M(x)      M(y)      M(z)   
Cr1            -3.9026   -6.6281    0.0007    5.6940   -0.0000   -0.0000    3.3505
Cr2            -7.7953   -6.6281    0.0007    5.6940   -0.0000   -0.0000    3.3505
I1             -2.0276   -5.0719    1.1666    5.0780   -0.0012    0.0002   -0.1151
I2             -7.8766   -8.1847    2.2073    5.0780    0.0005    0.0004   -0.1141
I3             -5.8490   -5.0699    1.0412    5.0789    0.0007   -0.0005   -0.1118
I4             -5.8490   -8.1864   -1.0397    5.0789    0.0007   -0.0005   -0.1118
I5             -3.8214   -5.0716   -2.2059    5.0780    0.0005    0.0004   -0.1141
I6             -9.6703   -8.1844   -1.1652    5.0780   -0.0012    0.0002   -0.1151
Total                                        41.8577   -0.0000    0.0001    6.0192

==========================================================================================
Exchange: 
    i      j          R        J_iso(meV)          vector          distance(A) 
----------------------------------------------------------------------------------------
   Cr1   Cr2   (  0,   0,   0)  1.7022   (-3.893, -0.000, -0.000)  3.893 
J_iso:  1.7022 
[Testing!] Jprime: 11.753,  B: -5.241
[Testing!] DMI: (-0.0000 -0.0000  0.0000)
[Testing!]J_ani:
[[ -0.29   -0.      0.   ]
 [ -0.     -0.573   0.164]
 [  0.      0.164 -10.482]]
----------------------------------------------------------------------------------------
   Cr2   Cr1   (  0,   0,   0)  1.7022   ( 3.893,  0.000,  0.000)  3.893 
J_iso:  1.7022 
[Testing!] Jprime: 11.753,  B: -5.241
[Testing!] DMI: ( 0.0000  0.0000 -0.0000)
[Testing!]J_ani:
[[ -0.29   -0.      0.   ]
 [ -0.     -0.573   0.164]
 [  0.      0.164 -10.482]]
----------------------------------------------------------------------------------------
   Cr1   Cr2   (  0,  -1,   0)  1.5670   ( 1.956, -0.000,  3.372)  3.899 
J_iso:  1.5670 
[Testing!] Jprime: 11.566,  B: -5.242
[Testing!] DMI: ( 0.0000 -0.0000 -0.0000)
[Testing!]J_ani:
[[ -0.666   0.358   0.303]
 [  0.358  -0.304  -0.089]
 [  0.303  -0.089 -10.484]]
----------------------------------------------------------------------------------------
   Cr2   Cr1   (  0,   1,   0)  1.5670   (-1.956,  0.000, -3.372)  3.899 
J_iso:  1.5670 
[Testing!] Jprime: 11.566,  B: -5.242
[Testing!] DMI: (-0.0000  0.0000  0.0000)
[Testing!]J_ani:
[[ -0.666   0.358   0.303]
 [  0.358  -0.304  -0.089]
 [  0.303  -0.089 -10.484]]
----------------------------------------------------------------------------------------
   Cr1   Cr2   ( -1,   0,   0)  1.5670   ( 1.956,  0.000, -3.372)  3.899 
J_iso:  1.5670 
[Testing!] Jprime: 11.566,  B: -5.242
[Testing!] DMI: (-0.0000 -0.0000 -0.0000)
[Testing!]J_ani:
[[ -0.666  -0.358  -0.303]
 [ -0.358  -0.304  -0.089]
 [ -0.303  -0.089 -10.484]]
----------------------------------------------------------------------------------------
   Cr2   Cr1   (  1,   0,   0)  1.5670   (-1.956, -0.000,  3.372)  3.899 
J_iso:  1.5670 
[Testing!] Jprime: 11.566,  B: -5.242
[Testing!] DMI: ( 0.0000  0.0000  0.0000)
[Testing!]J_ani:
[[ -0.666  -0.358  -0.303]
 [ -0.358  -0.304  -0.089]
 [ -0.303  -0.089 -10.484]]
----------------------------------------------------------------------------------------
   Cr1   Cr1   ( -1,   1,   0)  0.8763   (-0.000,  0.001, -6.745)  6.745 
J_iso:  0.8763 
[Testing!] Jprime: 3.311,  B: -1.263
[Testing!] DMI: (-0.0000  0.0205 -0.0833)
[Testing!]J_ani:
[[-0.042  0.    -0.   ]
 [ 0.    -0.142 -0.166]
 [-0.    -0.166 -2.526]]
----------------------------------------------------------------------------------------
   Cr2   Cr2   ( -1,   1,   0)  0.8763   (-0.000,  0.001, -6.745)  6.745 
J_iso:  0.8763 
[Testing!] Jprime: 3.311,  B: -1.263
[Testing!] DMI: (-0.0000 -0.0205  0.0833)
[Testing!]J_ani:
[[-0.042 -0.     0.   ]
 [-0.    -0.142 -0.166]
 [ 0.    -0.166 -2.526]]
----------------------------------------------------------------------------------------
   Cr1   Cr1   (  1,  -1,   0)  0.8763   ( 0.000, -0.001,  6.745)  6.745 
J_iso:  0.8763 
[Testing!] Jprime: 3.311,  B: -1.263
[Testing!] DMI: ( 0.0000 -0.0205  0.0833)
[Testing!]J_ani:
[[-0.042  0.    -0.   ]
 [ 0.    -0.142 -0.166]
 [-0.    -0.166 -2.526]]
----------------------------------------------------------------------------------------
   Cr2   Cr2   (  1,  -1,   0)  0.8763   ( 0.000, -0.001,  6.745)  6.745 
J_iso:  0.8763 
[Testing!] Jprime: 3.311,  B: -1.263
[Testing!] DMI: ( 0.0000  0.0205 -0.0833)
[Testing!]J_ani:
[[-0.042 -0.     0.   ]
 [-0.    -0.142 -0.166]
 [ 0.    -0.166 -2.526]]
----------------------------------------------------------------------------------------
   Cr2   Cr2   (  1,   0,   0)  0.8471   (-5.849, -0.000,  3.372)  6.752 
J_iso:  0.8471 
[Testing!] Jprime: 3.189,  B: -1.222
[Testing!] DMI: ( 0.0392 -0.0191 -0.0424)
[Testing!]J_ani:
[[-0.093  0.033  0.029]
 [ 0.033 -0.112  0.085]
 [ 0.029  0.085 -2.444]]
----------------------------------------------------------------------------------------
   Cr1   Cr1   ( -1,   0,   0)  0.8471   ( 5.849,  0.000, -3.372)  6.752 
J_iso:  0.8471 
[Testing!] Jprime: 3.189,  B: -1.222
[Testing!] DMI: ( 0.0392 -0.0191 -0.0424)
[Testing!]J_ani:
[[-0.093  0.033  0.029]
 [ 0.033 -0.112  0.085]
 [ 0.029  0.085 -2.444]]
----------------------------------------------------------------------------------------
   Cr2   Cr2   ( -1,   0,   0)  0.8471   ( 5.849,  0.000, -3.372)  6.752 
J_iso:  0.8471 
[Testing!] Jprime: 3.189,  B: -1.222
[Testing!] DMI: (-0.0392  0.0191  0.0424)
[Testing!]J_ani:
[[-0.093  0.033  0.029]
 [ 0.033 -0.112  0.085]
 [ 0.029  0.085 -2.444]]
----------------------------------------------------------------------------------------
   Cr1   Cr1   (  1,   0,   0)  0.8471   (-5.849, -0.000,  3.372)  6.752 
J_iso:  0.8471 
[Testing!] Jprime: 3.189,  B: -1.222
[Testing!] DMI: (-0.0392  0.0191  0.0424)
[Testing!]J_ani:
[[-0.093  0.033  0.029]
 [ 0.033 -0.112  0.085]
 [ 0.029  0.085 -2.444]]
----------------------------------------------------------------------------------------
   Cr1   Cr1   (  0,   1,   0)  0.8471   (-5.849,  0.000, -3.372)  6.752 
J_iso:  0.8471 
[Testing!] Jprime: 3.189,  B: -1.222
[Testing!] DMI: (-0.0392 -0.0191 -0.0424)
[Testing!]J_ani:
[[-0.093 -0.033 -0.029]
 [-0.033 -0.112  0.085]
 [-0.029  0.085 -2.444]]
----------------------------------------------------------------------------------------
   Cr1   Cr1   (  0,  -1,   0)  0.8471   ( 5.849, -0.000,  3.372)  6.752 
J_iso:  0.8471 
[Testing!] Jprime: 3.189,  B: -1.222
[Testing!] DMI: ( 0.0392  0.0191  0.0424)
[Testing!]J_ani:
[[-0.093 -0.033 -0.029]
 [-0.033 -0.112  0.085]
 [-0.029  0.085 -2.444]]
----------------------------------------------------------------------------------------
   Cr2   Cr2   (  0,  -1,   0)  0.8471   ( 5.849, -0.000,  3.372)  6.752 
J_iso:  0.8471 
[Testing!] Jprime: 3.189,  B: -1.222
[Testing!] DMI: (-0.0392 -0.0191 -0.0424)
[Testing!]J_ani:
[[-0.093 -0.033 -0.029]
 [-0.033 -0.112  0.085]
 [-0.029  0.085 -2.444]]
----------------------------------------------------------------------------------------
   Cr2   Cr2   (  0,   1,   0)  0.8471   (-5.849,  0.000, -3.372)  6.752 
J_iso:  0.8471 
[Testing!] Jprime: 3.189,  B: -1.222
[Testing!] DMI: ( 0.0392  0.0191  0.0424)
[Testing!]J_ani:
[[-0.093 -0.033 -0.029]
 [-0.033 -0.112  0.085]
 [-0.029  0.085 -2.444]]
----------------------------------------------------------------------------------------
   Cr2   Cr1   ( -1,   1,   0) -0.1270   ( 3.893,  0.001, -6.745)  7.788 
J_iso: -0.1270 
[Testing!] Jprime: 0.193,  B: -0.185
[Testing!] DMI: (-0.0000  0.0000  0.0000)
[Testing!]J_ani:
[[-0.056 -0.02  -0.021]
 [-0.02  -0.043  0.012]
 [-0.021  0.012 -0.37 ]]
----------------------------------------------------------------------------------------
   Cr1   Cr2   (  1,  -1,   0) -0.1270   (-3.893, -0.001,  6.745)  7.788 
J_iso: -0.1270 
[Testing!] Jprime: 0.193,  B: -0.185
[Testing!] DMI: ( 0.0000 -0.0000 -0.0000)
[Testing!]J_ani:
[[-0.056 -0.02  -0.021]
 [-0.02  -0.043  0.012]
 [-0.021  0.012 -0.37 ]]
----------------------------------------------------------------------------------------
   Cr1   Cr2   ( -1,   1,   0) -0.1270   (-3.893,  0.001, -6.745)  7.788 
J_iso: -0.1270 
[Testing!] Jprime: 0.193,  B: -0.185
[Testing!] DMI: (-0.0000 -0.0000 -0.0000)
[Testing!]J_ani:
[[-0.056  0.02   0.021]
 [ 0.02  -0.043  0.012]
 [ 0.021  0.012 -0.37 ]]
----------------------------------------------------------------------------------------
   Cr2   Cr1   (  1,  -1,   0) -0.1270   ( 3.893, -0.001,  6.745)  7.788 
J_iso: -0.1270 
[Testing!] Jprime: 0.193,  B: -0.185
[Testing!] DMI: ( 0.0000  0.0000  0.0000)
[Testing!]J_ani:
[[-0.056  0.02   0.021]
 [ 0.02  -0.043  0.012]
 [ 0.021  0.012 -0.37 ]]
----------------------------------------------------------------------------------------
   Cr1   Cr2   ( -1,  -1,   0) -0.0951   ( 7.805, -0.000,  0.000)  7.805 
J_iso: -0.0951 
[Testing!] Jprime: 0.233,  B: -0.187
[Testing!] DMI: (-0.0000 -0.0000  0.0000)
[Testing!]J_ani:
[[-0.035  0.    -0.   ]
 [ 0.    -0.056 -0.021]
 [-0.    -0.021 -0.374]]
----------------------------------------------------------------------------------------
   Cr2   Cr1   (  1,   1,   0) -0.0951   (-7.805,  0.000, -0.000)  7.805 
J_iso: -0.0951 
[Testing!] Jprime: 0.233,  B: -0.187
[Testing!] DMI: ( 0.0000  0.0000 -0.0000)
[Testing!]J_ani:
[[-0.035  0.    -0.   ]
 [ 0.    -0.056 -0.021]
 [-0.    -0.021 -0.374]]
----------------------------------------------------------------------------------------
   Cr2   Cr1   ( -1,   2,   0)  0.0092   (-1.956,  0.001, -10.117) 10.305 
J_iso:  0.0092 
[Testing!] Jprime: 0.168,  B: -0.083
[Testing!] DMI: (-0.0000 -0.0000  0.0000)
[Testing!]J_ani:
[[-0.009  0.     0.018]
 [ 0.    -0.007 -0.005]
 [ 0.018 -0.005 -0.166]]
----------------------------------------------------------------------------------------
   Cr1   Cr2   (  1,  -2,   0)  0.0092   ( 1.956, -0.001, 10.117) 10.305 
J_iso:  0.0092 
[Testing!] Jprime: 0.168,  B: -0.083
[Testing!] DMI: ( 0.0000  0.0000 -0.0000)
[Testing!]J_ani:
[[-0.009  0.     0.018]
 [ 0.    -0.007 -0.005]
 [ 0.018 -0.005 -0.166]]
----------------------------------------------------------------------------------------
   Cr1   Cr2   ( -2,   1,   0)  0.0092   ( 1.956,  0.001, -10.117) 10.305 
J_iso:  0.0092 
[Testing!] Jprime: 0.168,  B: -0.083
[Testing!] DMI: (-0.0000  0.0000 -0.0000)
[Testing!]J_ani:
[[-0.009 -0.    -0.018]
 [-0.    -0.007 -0.005]
 [-0.018 -0.005 -0.166]]
----------------------------------------------------------------------------------------
   Cr2   Cr1   (  2,  -1,   0)  0.0092   (-1.956, -0.001, 10.117) 10.305 
J_iso:  0.0092 
[Testing!] Jprime: 0.168,  B: -0.083
[Testing!] DMI: ( 0.0000 -0.0000  0.0000)
[Testing!]J_ani:
[[-0.009 -0.    -0.018]
 [-0.    -0.007 -0.005]
 [-0.018 -0.005 -0.166]]
----------------------------------------------------------------------------------------
   Cr1   Cr2   (  1,   0,   0)  0.0085   (-9.742, -0.000,  3.372) 10.309 
J_iso:  0.0085 
[Testing!] Jprime: 0.160,  B: -0.080
[Testing!] DMI: ( 0.0000  0.0000  0.0000)
[Testing!]J_ani:
[[-0.007  0.    -0.012]
 [ 0.    -0.009  0.009]
 [-0.012  0.009 -0.159]]
----------------------------------------------------------------------------------------
   Cr2   Cr1   ( -1,   0,   0)  0.0085   ( 9.742,  0.000, -3.372) 10.309 
J_iso:  0.0085 
[Testing!] Jprime: 0.160,  B: -0.080
[Testing!] DMI: (-0.0000 -0.0000 -0.0000)
[Testing!]J_ani:
[[-0.007  0.    -0.012]
 [ 0.    -0.009  0.009]
 [-0.012  0.009 -0.159]]
----------------------------------------------------------------------------------------
   Cr2   Cr1   (  0,  -1,   0)  0.0085   ( 9.742, -0.000,  3.372) 10.309 
J_iso:  0.0085 
[Testing!] Jprime: 0.160,  B: -0.080
[Testing!] DMI: ( 0.0000 -0.0000 -0.0000)
[Testing!]J_ani:
[[-0.007 -0.     0.012]
 [-0.    -0.009  0.009]
 [ 0.012  0.009 -0.159]]
----------------------------------------------------------------------------------------
   Cr1   Cr2   (  0,   1,   0)  0.0085   (-9.742,  0.000, -3.372) 10.309 
J_iso:  0.0085 
[Testing!] Jprime: 0.160,  B: -0.080
[Testing!] DMI: (-0.0000  0.0000  0.0000)
[Testing!]J_ani:
[[-0.007 -0.     0.012]
 [-0.    -0.009  0.009]
 [ 0.012  0.009 -0.159]]
----------------------------------------------------------------------------------------
   Cr1   Cr2   ( -2,   0,   0)  0.0129   ( 7.805,  0.001, -6.745) 10.316 
J_iso:  0.0129 
[Testing!] Jprime: 0.153,  B: -0.075
[Testing!] DMI: (-0.0000  0.0000  0.0000)
[Testing!]J_ani:
[[-0.011  0.001  0.015]
 [ 0.001 -0.009 -0.005]
 [ 0.015 -0.005 -0.15 ]]
----------------------------------------------------------------------------------------
   Cr2   Cr1   (  2,   0,   0)  0.0129   (-7.805, -0.001,  6.745) 10.316 
J_iso:  0.0129 
[Testing!] Jprime: 0.153,  B: -0.075
[Testing!] DMI: ( 0.0000 -0.0000 -0.0000)
[Testing!]J_ani:
[[-0.011  0.001  0.015]
 [ 0.001 -0.009 -0.005]
 [ 0.015 -0.005 -0.15 ]]
----------------------------------------------------------------------------------------
   Cr1   Cr2   (  0,  -2,   0)  0.0129   ( 7.805, -0.001,  6.745) 10.316 
J_iso:  0.0129 
[Testing!] Jprime: 0.153,  B: -0.075
[Testing!] DMI: ( 0.0000  0.0000  0.0000)
[Testing!]J_ani:
[[-0.011 -0.001 -0.015]
 [-0.001 -0.009 -0.005]
 [-0.015 -0.005 -0.15 ]]
----------------------------------------------------------------------------------------
   Cr2   Cr1   (  0,   2,   0)  0.0129   (-7.805,  0.001, -6.745) 10.316 
J_iso:  0.0129 
[Testing!] Jprime: 0.153,  B: -0.075
[Testing!] DMI: (-0.0000 -0.0000 -0.0000)
[Testing!]J_ani:
[[-0.011 -0.001 -0.015]
 [-0.001 -0.009 -0.005]
 [-0.015 -0.005 -0.15 ]]
----------------------------------------------------------------------------------------
   Cr1   Cr1   (  2,  -1,   0) -0.0424   (-5.849, -0.001, 10.117) 11.686 
J_iso: -0.0424 
[Testing!] Jprime: 0.028,  B: -0.038
[Testing!] DMI: ( 0.0038  0.0008 -0.0053)
[Testing!]J_ani:
[[-0.007  0.003  0.   ]
 [ 0.003 -0.005 -0.003]
 [ 0.    -0.003 -0.076]]
----------------------------------------------------------------------------------------
   Cr1   Cr1   ( -2,   1,   0) -0.0424   ( 5.849,  0.001, -10.117) 11.686 
J_iso: -0.0424 
[Testing!] Jprime: 0.028,  B: -0.038
[Testing!] DMI: (-0.0038 -0.0008  0.0053)
[Testing!]J_ani:
[[-0.007  0.003  0.   ]
 [ 0.003 -0.005 -0.003]
 [ 0.    -0.003 -0.076]]
----------------------------------------------------------------------------------------
   Cr2   Cr2   ( -2,   1,   0) -0.0424   ( 5.849,  0.001, -10.117) 11.686 
J_iso: -0.0424 
[Testing!] Jprime: 0.028,  B: -0.038
[Testing!] DMI: ( 0.0038  0.0008 -0.0053)
[Testing!]J_ani:
[[-0.007  0.003  0.   ]
 [ 0.003 -0.005 -0.003]
 [ 0.    -0.003 -0.076]]
----------------------------------------------------------------------------------------
   Cr2   Cr2   (  2,  -1,   0) -0.0424   (-5.849, -0.001, 10.117) 11.686 
J_iso: -0.0424 
[Testing!] Jprime: 0.028,  B: -0.038
[Testing!] DMI: (-0.0038 -0.0008  0.0053)
[Testing!]J_ani:
[[-0.007  0.003  0.   ]
 [ 0.003 -0.005 -0.003]
 [ 0.    -0.003 -0.076]]
----------------------------------------------------------------------------------------
   Cr1   Cr1   ( -1,   2,   0) -0.0424   (-5.849,  0.001, -10.117) 11.686 
J_iso: -0.0424 
[Testing!] Jprime: 0.028,  B: -0.038
[Testing!] DMI: ( 0.0038 -0.0008  0.0053)
[Testing!]J_ani:
[[-0.007 -0.003 -0.   ]
 [-0.003 -0.005 -0.003]
 [-0.    -0.003 -0.076]]
----------------------------------------------------------------------------------------
   Cr2   Cr2   ( -1,   2,   0) -0.0424   (-5.849,  0.001, -10.117) 11.686 
J_iso: -0.0424 
[Testing!] Jprime: 0.028,  B: -0.038
[Testing!] DMI: (-0.0038  0.0008 -0.0053)
[Testing!]J_ani:
[[-0.007 -0.003 -0.   ]
 [-0.003 -0.005 -0.003]
 [-0.    -0.003 -0.076]]
----------------------------------------------------------------------------------------
   Cr1   Cr1   (  1,  -2,   0) -0.0424   ( 5.849, -0.001, 10.117) 11.686 
J_iso: -0.0424 
[Testing!] Jprime: 0.028,  B: -0.038
[Testing!] DMI: (-0.0038  0.0008 -0.0053)
[Testing!]J_ani:
[[-0.007 -0.003 -0.   ]
 [-0.003 -0.005 -0.003]
 [-0.    -0.003 -0.076]]
----------------------------------------------------------------------------------------
   Cr2   Cr2   (  1,  -2,   0) -0.0424   ( 5.849, -0.001, 10.117) 11.686 
J_iso: -0.0424 
[Testing!] Jprime: 0.028,  B: -0.038
[Testing!] DMI: ( 0.0038 -0.0008  0.0053)
[Testing!]J_ani:
[[-0.007 -0.003 -0.   ]
 [-0.003 -0.005 -0.003]
 [-0.    -0.003 -0.076]]
----------------------------------------------------------------------------------------
   Cr1   Cr1   ( -1,  -1,   0) -0.0403   (11.698,  0.000,  0.000) 11.698 
J_iso: -0.0403 
[Testing!] Jprime: 0.024,  B: -0.035
[Testing!] DMI: (-0.0084 -0.0000  0.0000)
[Testing!]J_ani:
[[-0.006 -0.     0.   ]
 [-0.    -0.005  0.005]
 [ 0.     0.005 -0.07 ]]
----------------------------------------------------------------------------------------
   Cr2   Cr2   ( -1,  -1,   0) -0.0403   (11.698,  0.000,  0.000) 11.698 
J_iso: -0.0403 
[Testing!] Jprime: 0.024,  B: -0.035
[Testing!] DMI: ( 0.0084 -0.0000  0.0000)
[Testing!]J_ani:
[[-0.006  0.    -0.   ]
 [ 0.    -0.005  0.005]
 [-0.     0.005 -0.07 ]]
----------------------------------------------------------------------------------------
   Cr1   Cr1   (  1,   1,   0) -0.0403   (-11.698, -0.000, -0.000) 11.698 
J_iso: -0.0403 
[Testing!] Jprime: 0.024,  B: -0.035
[Testing!] DMI: ( 0.0084  0.0000 -0.0000)
[Testing!]J_ani:
[[-0.006 -0.     0.   ]
 [-0.    -0.005  0.005]
 [ 0.     0.005 -0.07 ]]
----------------------------------------------------------------------------------------
   Cr2   Cr2   (  1,   1,   0) -0.0403   (-11.698, -0.000, -0.000) 11.698 
J_iso: -0.0403 
[Testing!] Jprime: 0.024,  B: -0.035
[Testing!] DMI: (-0.0084  0.0000 -0.0000)
[Testing!]J_ani:
[[-0.006  0.    -0.   ]
 [ 0.    -0.005  0.005]
 [-0.     0.005 -0.07 ]]
----------------------------------------------------------------------------------------
   Cr1   Cr1   ( -2,   2,   0) -0.0120   (-0.000,  0.001, -13.490) 13.490 
J_iso: -0.0120 
[Testing!] Jprime: -0.009,  B: -0.002
[Testing!] DMI: (-0.0000  0.0035 -0.0035)
[Testing!]J_ani:
[[-0.002  0.    -0.   ]
 [ 0.    -0.002  0.   ]
 [-0.     0.    -0.005]]
----------------------------------------------------------------------------------------
   Cr2   Cr2   ( -2,   2,   0) -0.0120   (-0.000,  0.001, -13.490) 13.490 
J_iso: -0.0120 
[Testing!] Jprime: -0.009,  B: -0.002
[Testing!] DMI: (-0.0000 -0.0035  0.0035)
[Testing!]J_ani:
[[-0.002 -0.     0.   ]
 [-0.    -0.002  0.   ]
 [ 0.     0.    -0.005]]
----------------------------------------------------------------------------------------
   Cr1   Cr1   (  2,  -2,   0) -0.0120   ( 0.000, -0.001, 13.490) 13.490 
J_iso: -0.0120 
[Testing!] Jprime: -0.009,  B: -0.002
[Testing!] DMI: ( 0.0000 -0.0035  0.0035)
[Testing!]J_ani:
[[-0.002  0.    -0.   ]
 [ 0.    -0.002  0.   ]
 [-0.     0.    -0.005]]
----------------------------------------------------------------------------------------
   Cr2   Cr2   (  2,  -2,   0) -0.0120   ( 0.000, -0.001, 13.490) 13.490 
J_iso: -0.0120 
[Testing!] Jprime: -0.009,  B: -0.002
[Testing!] DMI: ( 0.0000  0.0035 -0.0035)
[Testing!]J_ani:
[[-0.002 -0.     0.   ]
 [-0.    -0.002  0.   ]
 [ 0.     0.    -0.005]]
----------------------------------------------------------------------------------------
   Cr1   Cr1   ( -2,   0,   0) -0.0122   (11.698,  0.001, -6.745) 13.503 
J_iso: -0.0122 
[Testing!] Jprime: -0.011,  B: -0.001
[Testing!] DMI: (-0.0014 -0.0032 -0.0016)
[Testing!]J_ani:
[[-0.003 -0.     0.   ]
 [-0.    -0.001 -0.   ]
 [ 0.    -0.    -0.003]]
----------------------------------------------------------------------------------------
   Cr2   Cr2   ( -2,   0,   0) -0.0122   (11.698,  0.001, -6.745) 13.503 
J_iso: -0.0122 
[Testing!] Jprime: -0.011,  B: -0.001
[Testing!] DMI: ( 0.0014  0.0032  0.0016)
[Testing!]J_ani:
[[-0.003 -0.     0.   ]
 [-0.    -0.001 -0.   ]
 [ 0.    -0.    -0.003]]
----------------------------------------------------------------------------------------
   Cr1   Cr1   (  2,   0,   0) -0.0122   (-11.698, -0.001,  6.745) 13.503 
J_iso: -0.0122 
[Testing!] Jprime: -0.011,  B: -0.001
[Testing!] DMI: ( 0.0014  0.0032  0.0016)
[Testing!]J_ani:
[[-0.003 -0.     0.   ]
 [-0.    -0.001 -0.   ]
 [ 0.    -0.    -0.003]]
----------------------------------------------------------------------------------------
   Cr2   Cr2   (  2,   0,   0) -0.0122   (-11.698, -0.001,  6.745) 13.503 
J_iso: -0.0122 
[Testing!] Jprime: -0.011,  B: -0.001
[Testing!] DMI: (-0.0014 -0.0032 -0.0016)
[Testing!]J_ani:
[[-0.003 -0.     0.   ]
 [-0.    -0.001 -0.   ]
 [ 0.    -0.    -0.003]]
----------------------------------------------------------------------------------------
   Cr1   Cr1   (  0,  -2,   0) -0.0122   (11.698, -0.001,  6.745) 13.503 
J_iso: -0.0122 
[Testing!] Jprime: -0.011,  B: -0.001
[Testing!] DMI: (-0.0014  0.0032  0.0016)
[Testing!]J_ani:
[[-0.003  0.    -0.   ]
 [ 0.    -0.001 -0.   ]
 [-0.    -0.    -0.003]]
----------------------------------------------------------------------------------------
   Cr2   Cr2   (  0,  -2,   0) -0.0122   (11.698, -0.001,  6.745) 13.503 
J_iso: -0.0122 
[Testing!] Jprime: -0.011,  B: -0.001
[Testing!] DMI: ( 0.0014 -0.0032 -0.0016)
[Testing!]J_ani:
[[-0.003  0.    -0.   ]
 [ 0.    -0.001 -0.   ]
 [-0.    -0.    -0.003]]
----------------------------------------------------------------------------------------
   Cr1   Cr1   (  0,   2,   0) -0.0122   (-11.698,  0.001, -6.745) 13.503 
J_iso: -0.0122 
[Testing!] Jprime: -0.011,  B: -0.001
[Testing!] DMI: ( 0.0014 -0.0032 -0.0016)
[Testing!]J_ani:
[[-0.003  0.    -0.   ]
 [ 0.    -0.001 -0.   ]
 [-0.    -0.    -0.003]]
----------------------------------------------------------------------------------------
   Cr2   Cr2   (  0,   2,   0) -0.0122   (-11.698,  0.001, -6.745) 13.503 
J_iso: -0.0122 
[Testing!] Jprime: -0.011,  B: -0.001
[Testing!] DMI: (-0.0014  0.0032  0.0016)
[Testing!]J_ani:
[[-0.003  0.    -0.   ]
 [ 0.    -0.001 -0.   ]
 [-0.    -0.    -0.003]]
----------------------------------------------------------------------------------------
   Cr2   Cr1   ( -2,   2,   0)  0.0026   ( 3.893,  0.001, -13.490) 14.040 
J_iso:  0.0026 
[Testing!] Jprime: 0.012,  B: -0.006
[Testing!] DMI: (-0.0000  0.0000 -0.0000)
[Testing!]J_ani:
[[-0.003 -0.002 -0.001]
 [-0.002 -0.001  0.   ]
 [-0.001  0.    -0.012]]
----------------------------------------------------------------------------------------
   Cr1   Cr2   (  2,  -2,   0)  0.0026   (-3.893, -0.001, 13.490) 14.040 
J_iso:  0.0026 
[Testing!] Jprime: 0.012,  B: -0.006
[Testing!] DMI: ( 0.0000 -0.0000  0.0000)
[Testing!]J_ani:
[[-0.003 -0.002 -0.001]
 [-0.002 -0.001  0.   ]
 [-0.001  0.    -0.012]]
----------------------------------------------------------------------------------------
   Cr1   Cr2   ( -2,   2,   0)  0.0026   (-3.893,  0.001, -13.490) 14.040 
J_iso:  0.0026 
[Testing!] Jprime: 0.012,  B: -0.006
[Testing!] DMI: (-0.0000 -0.0000  0.0000)
[Testing!]J_ani:
[[-0.003  0.002  0.001]
 [ 0.002 -0.001  0.   ]
 [ 0.001  0.    -0.012]]
----------------------------------------------------------------------------------------
   Cr2   Cr1   (  2,  -2,   0)  0.0026   ( 3.893, -0.001, 13.490) 14.040 
J_iso:  0.0026 
[Testing!] Jprime: 0.012,  B: -0.006
[Testing!] DMI: ( 0.0000  0.0000 -0.0000)
[Testing!]J_ani:
[[-0.003  0.002  0.001]
 [ 0.002 -0.001  0.   ]
 [ 0.001  0.    -0.012]]
----------------------------------------------------------------------------------------
   Cr2   Cr1   ( -2,   1,   0)  0.0020   ( 9.742,  0.001, -10.117) 14.045 
J_iso:  0.0020 
[Testing!] Jprime: 0.012,  B: -0.006
[Testing!] DMI: ( 0.0000  0.0000  0.0000)
[Testing!]J_ani:
[[-0.003 -0.     0.002]
 [-0.    -0.    -0.001]
 [ 0.002 -0.001 -0.012]]
----------------------------------------------------------------------------------------
   Cr1   Cr2   (  2,  -1,   0)  0.0020   (-9.742, -0.001, 10.117) 14.045 
J_iso:  0.0020 
[Testing!] Jprime: 0.012,  B: -0.006
[Testing!] DMI: (-0.0000 -0.0000 -0.0000)
[Testing!]J_ani:
[[-0.003 -0.     0.002]
 [-0.    -0.    -0.001]
 [ 0.002 -0.001 -0.012]]
----------------------------------------------------------------------------------------
   Cr1   Cr2   ( -1,   2,   0)  0.0020   (-9.742,  0.001, -10.117) 14.045 
J_iso:  0.0020 
[Testing!] Jprime: 0.012,  B: -0.006
[Testing!] DMI: ( 0.0000 -0.0000 -0.0000)
[Testing!]J_ani:
[[-0.003  0.    -0.002]
 [ 0.    -0.    -0.001]
 [-0.002 -0.001 -0.012]]
----------------------------------------------------------------------------------------
   Cr2   Cr1   (  1,  -2,   0)  0.0020   ( 9.742, -0.001, 10.117) 14.045 
J_iso:  0.0020 
[Testing!] Jprime: 0.012,  B: -0.006
[Testing!] DMI: (-0.0000  0.0000  0.0000)
[Testing!]J_ani:
[[-0.003  0.    -0.002]
 [ 0.    -0.    -0.001]
 [-0.002 -0.001 -0.012]]
----------------------------------------------------------------------------------------
   Cr2   Cr1   (  2,   1,   0)  0.0018   (-13.654, -0.000,  3.372) 14.065 
J_iso:  0.0018 
[Testing!] Jprime: 0.012,  B: -0.006
[Testing!] DMI: ( 0.0000  0.0000 -0.0000)
[Testing!]J_ani:
[[-0.003  0.001 -0.001]
 [ 0.001 -0.001  0.   ]
 [-0.001  0.    -0.011]]
----------------------------------------------------------------------------------------
   Cr1   Cr2   ( -2,  -1,   0)  0.0018   (13.654,  0.000, -3.372) 14.065 
J_iso:  0.0018 
[Testing!] Jprime: 0.012,  B: -0.006
[Testing!] DMI: (-0.0000 -0.0000  0.0000)
[Testing!]J_ani:
[[-0.003  0.001 -0.001]
 [ 0.001 -0.001  0.   ]
 [-0.001  0.    -0.011]]
----------------------------------------------------------------------------------------
   Cr2   Cr1   (  1,   2,   0)  0.0018   (-13.654,  0.000, -3.372) 14.065 
J_iso:  0.0018 
[Testing!] Jprime: 0.012,  B: -0.006
[Testing!] DMI: (-0.0000  0.0000 -0.0000)
[Testing!]J_ani:
[[-0.003 -0.001  0.001]
 [-0.001 -0.001  0.   ]
 [ 0.001  0.    -0.011]]
----------------------------------------------------------------------------------------
   Cr1   Cr2   ( -1,  -2,   0)  0.0018   (13.654, -0.000,  3.372) 14.065 
J_iso:  0.0018 
[Testing!] Jprime: 0.012,  B: -0.006
[Testing!] DMI: ( 0.0000 -0.0000  0.0000)
[Testing!]J_ani:
[[-0.003 -0.001  0.001]
 [-0.001 -0.001  0.   ]
 [ 0.001  0.    -0.011]]
----------------------------------------------------------------------------------------
   Cr1   Cr2   ( -3,   1,   0) -0.0065   ( 7.805,  0.001, -13.490) 15.585 
J_iso: -0.0065 
[Testing!] Jprime: 0.011,  B: -0.009
[Testing!] DMI: (-0.0000 -0.0000 -0.0000)
[Testing!]J_ani:
[[-0.001  0.001 -0.   ]
 [ 0.001 -0.001 -0.001]
 [-0.    -0.001 -0.018]]
----------------------------------------------------------------------------------------
   Cr2   Cr1   (  3,  -1,   0) -0.0065   (-7.805, -0.001, 13.490) 15.585 
J_iso: -0.0065 
[Testing!] Jprime: 0.011,  B: -0.009
[Testing!] DMI: ( 0.0000  0.0000  0.0000)
[Testing!]J_ani:
[[-0.001  0.001 -0.   ]
 [ 0.001 -0.001 -0.001]
 [-0.    -0.001 -0.018]]
----------------------------------------------------------------------------------------
   Cr1   Cr2   (  1,  -3,   0) -0.0065   ( 7.805, -0.001, 13.490) 15.585 
J_iso: -0.0065 
[Testing!] Jprime: 0.011,  B: -0.009
[Testing!] DMI: ( 0.0000 -0.0000 -0.0000)
[Testing!]J_ani:
[[-0.001 -0.001  0.   ]
 [-0.001 -0.001 -0.001]
 [ 0.    -0.001 -0.018]]
----------------------------------------------------------------------------------------
   Cr2   Cr1   ( -1,   3,   0) -0.0065   (-7.805,  0.001, -13.490) 15.585 
J_iso: -0.0065 
[Testing!] Jprime: 0.011,  B: -0.009
[Testing!] DMI: (-0.0000  0.0000  0.0000)
[Testing!]J_ani:
[[-0.001 -0.001  0.   ]
 [-0.001 -0.001 -0.001]
 [ 0.    -0.001 -0.018]]
----------------------------------------------------------------------------------------
   Cr1   Cr2   (  1,   1,   0) -0.0050   (-15.591, -0.000, -0.000) 15.591 
J_iso: -0.0050 
[Testing!] Jprime: 0.012,  B: -0.010
[Testing!] DMI: (-0.0000 -0.0000  0.0000)
[Testing!]J_ani:
[[-0.001  0.     0.   ]
 [ 0.    -0.002  0.002]
 [ 0.     0.002 -0.019]]
----------------------------------------------------------------------------------------
   Cr2   Cr1   ( -1,  -1,   0) -0.0050   (15.591,  0.000,  0.000) 15.591 
J_iso: -0.0050 
[Testing!] Jprime: 0.012,  B: -0.010
[Testing!] DMI: ( 0.0000  0.0000 -0.0000)
[Testing!]J_ani:
[[-0.001  0.     0.   ]
 [ 0.    -0.002  0.002]
 [ 0.     0.002 -0.019]]
----------------------------------------------------------------------------------------
   Cr2   Cr1   ( -2,   3,   0) -0.0012   (-1.956,  0.002, -16.862) 16.976 
J_iso: -0.0012 
[Testing!] Jprime: 0.001,  B: -0.001
[Testing!] DMI: (-0.0000  0.0000 -0.0000)
[Testing!]J_ani:
[[-0.001 -0.     0.001]
 [-0.    -0.    -0.   ]
 [ 0.001 -0.    -0.002]]
----------------------------------------------------------------------------------------
   Cr1   Cr2   (  2,  -3,   0) -0.0012   ( 1.956, -0.002, 16.862) 16.976 
J_iso: -0.0012 
[Testing!] Jprime: 0.001,  B: -0.001
[Testing!] DMI: ( 0.0000 -0.0000  0.0000)
[Testing!]J_ani:
[[-0.001 -0.     0.001]
 [-0.    -0.    -0.   ]
 [ 0.001 -0.    -0.002]]
----------------------------------------------------------------------------------------
   Cr1   Cr2   ( -3,   2,   0) -0.0012   ( 1.956,  0.002, -16.862) 16.976 
J_iso: -0.0012 
[Testing!] Jprime: 0.001,  B: -0.001
[Testing!] DMI: (-0.0000 -0.0000  0.0000)
[Testing!]J_ani:
[[-0.001  0.    -0.001]
 [ 0.    -0.    -0.   ]
 [-0.001 -0.    -0.002]]
----------------------------------------------------------------------------------------
   Cr2   Cr1   (  3,  -2,   0) -0.0012   (-1.956, -0.002, 16.862) 16.976 
J_iso: -0.0012 
[Testing!] Jprime: 0.001,  B: -0.001
[Testing!] DMI: ( 0.0000  0.0000 -0.0000)
[Testing!]J_ani:
[[-0.001  0.    -0.001]
 [ 0.    -0.    -0.   ]
 [-0.001 -0.    -0.002]]
----------------------------------------------------------------------------------------
   Cr2   Cr1   ( -2,   0,   0) -0.0012   (15.591,  0.001, -6.745) 16.987 
J_iso: -0.0012 
[Testing!] Jprime: 0.001,  B: -0.001
[Testing!] DMI: ( 0.0000  0.0000  0.0000)
[Testing!]J_ani:
[[-0.001  0.    -0.001]
 [ 0.    -0.     0.   ]
 [-0.001  0.    -0.002]]
----------------------------------------------------------------------------------------
   Cr1   Cr2   (  2,   0,   0) -0.0012   (-15.591, -0.001,  6.745) 16.987 
J_iso: -0.0012 
[Testing!] Jprime: 0.001,  B: -0.001
[Testing!] DMI: (-0.0000 -0.0000 -0.0000)
[Testing!]J_ani:
[[-0.001  0.    -0.001]
 [ 0.    -0.     0.   ]
 [-0.001  0.    -0.002]]
----------------------------------------------------------------------------------------
   Cr2   Cr1   (  0,  -2,   0) -0.0012   (15.591, -0.001,  6.745) 16.987 
J_iso: -0.0012 
[Testing!] Jprime: 0.001,  B: -0.001
[Testing!] DMI: (-0.0000  0.0000  0.0000)
[Testing!]J_ani:
[[-0.001 -0.     0.001]
 [-0.    -0.     0.   ]
 [ 0.001  0.    -0.002]]
----------------------------------------------------------------------------------------
   Cr1   Cr2   (  0,   2,   0) -0.0012   (-15.591,  0.001, -6.745) 16.987 
J_iso: -0.0012 
[Testing!] Jprime: 0.001,  B: -0.001
[Testing!] DMI: ( 0.0000 -0.0000 -0.0000)
[Testing!]J_ani:
[[-0.001 -0.     0.001]
 [-0.    -0.     0.   ]
 [ 0.001  0.    -0.002]]
----------------------------------------------------------------------------------------
   Cr2   Cr1   (  3,   0,   0) -0.0013   (-13.654, -0.001, 10.117) 16.994 
J_iso: -0.0013 
[Testing!] Jprime: 0.000,  B: -0.001
[Testing!] DMI: ( 0.0000  0.0000 -0.0000)
[Testing!]J_ani:
[[-0.001  0.     0.001]
 [ 0.    -0.     0.   ]
 [ 0.001  0.    -0.002]]
----------------------------------------------------------------------------------------
   Cr1   Cr2   ( -3,   0,   0) -0.0013   (13.654,  0.001, -10.117) 16.994 
J_iso: -0.0013 
[Testing!] Jprime: 0.000,  B: -0.001
[Testing!] DMI: (-0.0000 -0.0000  0.0000)
[Testing!]J_ani:
[[-0.001  0.     0.001]
 [ 0.    -0.     0.   ]
 [ 0.001  0.    -0.002]]
----------------------------------------------------------------------------------------
   Cr2   Cr1   (  0,   3,   0) -0.0013   (-13.654,  0.001, -10.117) 16.994 
J_iso: -0.0013 
[Testing!] Jprime: 0.000,  B: -0.001
[Testing!] DMI: (-0.0000  0.0000 -0.0000)
[Testing!]J_ani:
[[-0.001 -0.    -0.001]
 [-0.    -0.     0.   ]
 [-0.001  0.    -0.002]]
----------------------------------------------------------------------------------------
   Cr1   Cr2   (  0,  -3,   0) -0.0013   (13.654, -0.001, 10.117) 16.994 
J_iso: -0.0013 
[Testing!] Jprime: 0.000,  B: -0.001
[Testing!] DMI: ( 0.0000 -0.0000  0.0000)
[Testing!]J_ani:
[[-0.001 -0.    -0.001]
 [-0.    -0.     0.   ]
 [-0.001  0.    -0.002]]
----------------------------------------------------------------------------------------
   Cr1   Cr1   ( -3,   2,   0)  0.0005   ( 5.849,  0.002, -16.862) 17.848 
J_iso:  0.0005 
[Testing!] Jprime: 0.004,  B: -0.002
[Testing!] DMI: (-0.0001  0.0003 -0.0000)
[Testing!]J_ani:
[[-0.    -0.    -0.   ]
 [-0.    -0.    -0.   ]
 [-0.    -0.    -0.004]]
----------------------------------------------------------------------------------------
   Cr2   Cr2   ( -3,   2,   0)  0.0005   ( 5.849,  0.002, -16.862) 17.848 
J_iso:  0.0005 
[Testing!] Jprime: 0.004,  B: -0.002
[Testing!] DMI: ( 0.0001 -0.0003  0.0000)
[Testing!]J_ani:
[[-0.    -0.    -0.   ]
 [-0.    -0.    -0.   ]
 [-0.    -0.    -0.004]]
----------------------------------------------------------------------------------------
   Cr1   Cr1   (  3,  -2,   0)  0.0005   (-5.849, -0.002, 16.862) 17.848 
J_iso:  0.0005 
[Testing!] Jprime: 0.004,  B: -0.002
[Testing!] DMI: ( 0.0001 -0.0003  0.0000)
[Testing!]J_ani:
[[-0.    -0.    -0.   ]
 [-0.    -0.    -0.   ]
 [-0.    -0.    -0.004]]
----------------------------------------------------------------------------------------
   Cr2   Cr2   (  3,  -2,   0)  0.0005   (-5.849, -0.002, 16.862) 17.848 
J_iso:  0.0005 
[Testing!] Jprime: 0.004,  B: -0.002
[Testing!] DMI: (-0.0001  0.0003 -0.0000)
[Testing!]J_ani:
[[-0.    -0.    -0.   ]
 [-0.    -0.    -0.   ]
 [-0.    -0.    -0.004]]
----------------------------------------------------------------------------------------
   Cr1   Cr1   ( -2,   3,   0)  0.0005   (-5.849,  0.002, -16.862) 17.848 
J_iso:  0.0005 
[Testing!] Jprime: 0.004,  B: -0.002
[Testing!] DMI: ( 0.0001  0.0003 -0.0000)
[Testing!]J_ani:
[[-0.     0.     0.   ]
 [ 0.    -0.    -0.   ]
 [ 0.    -0.    -0.004]]
----------------------------------------------------------------------------------------
   Cr2   Cr2   ( -2,   3,   0)  0.0005   (-5.849,  0.002, -16.862) 17.848 
J_iso:  0.0005 
[Testing!] Jprime: 0.004,  B: -0.002
[Testing!] DMI: (-0.0001 -0.0003  0.0000)
[Testing!]J_ani:
[[-0.     0.     0.   ]
 [ 0.    -0.    -0.   ]
 [ 0.    -0.    -0.004]]
----------------------------------------------------------------------------------------
   Cr1   Cr1   (  2,  -3,   0)  0.0005   ( 5.849, -0.002, 16.862) 17.848 
J_iso:  0.0005 
[Testing!] Jprime: 0.004,  B: -0.002
[Testing!] DMI: (-0.0001 -0.0003  0.0000)
[Testing!]J_ani:
[[-0.     0.     0.   ]
 [ 0.    -0.    -0.   ]
 [ 0.    -0.    -0.004]]
----------------------------------------------------------------------------------------
   Cr2   Cr2   (  2,  -3,   0)  0.0005   ( 5.849, -0.002, 16.862) 17.848 
J_iso:  0.0005 
[Testing!] Jprime: 0.004,  B: -0.002
[Testing!] DMI: ( 0.0001  0.0003 -0.0000)
[Testing!]J_ani:
[[-0.     0.     0.   ]
 [ 0.    -0.    -0.   ]
 [ 0.    -0.    -0.004]]
----------------------------------------------------------------------------------------
   Cr1   Cr1   ( -3,   1,   0)  0.0005   (11.698,  0.001, -13.490) 17.856 
J_iso:  0.0005 
[Testing!] Jprime: 0.004,  B: -0.002
[Testing!] DMI: (-0.0001 -0.0003  0.0000)
[Testing!]J_ani:
[[-0.    -0.     0.001]
 [-0.    -0.     0.   ]
 [ 0.001  0.    -0.003]]
----------------------------------------------------------------------------------------
   Cr2   Cr2   ( -3,   1,   0)  0.0005   (11.698,  0.001, -13.490) 17.856 
J_iso:  0.0005 
[Testing!] Jprime: 0.004,  B: -0.002
[Testing!] DMI: ( 0.0001  0.0003 -0.0000)
[Testing!]J_ani:
[[-0.    -0.     0.001]
 [-0.    -0.     0.   ]
 [ 0.001  0.    -0.003]]
----------------------------------------------------------------------------------------
   Cr1   Cr1   (  3,  -1,   0)  0.0005   (-11.698, -0.001, 13.490) 17.856 
J_iso:  0.0005 
[Testing!] Jprime: 0.004,  B: -0.002
[Testing!] DMI: ( 0.0001  0.0003 -0.0000)
[Testing!]J_ani:
[[-0.    -0.     0.001]
 [-0.    -0.     0.   ]
 [ 0.001  0.    -0.003]]
----------------------------------------------------------------------------------------
   Cr2   Cr2   (  3,  -1,   0)  0.0005   (-11.698, -0.001, 13.490) 17.856 
J_iso:  0.0005 
[Testing!] Jprime: 0.004,  B: -0.002
[Testing!] DMI: (-0.0001 -0.0003  0.0000)
[Testing!]J_ani:
[[-0.    -0.     0.001]
 [-0.    -0.     0.   ]
 [ 0.001  0.    -0.003]]
----------------------------------------------------------------------------------------
   Cr1   Cr1   ( -1,   3,   0)  0.0005   (-11.698,  0.001, -13.490) 17.856 
J_iso:  0.0005 
[Testing!] Jprime: 0.004,  B: -0.002
[Testing!] DMI: ( 0.0001 -0.0003  0.0000)
[Testing!]J_ani:
[[-0.     0.    -0.001]
 [ 0.    -0.     0.   ]
 [-0.001  0.    -0.003]]
----------------------------------------------------------------------------------------
   Cr2   Cr2   ( -1,   3,   0)  0.0005   (-11.698,  0.001, -13.490) 17.856 
J_iso:  0.0005 
[Testing!] Jprime: 0.004,  B: -0.002
[Testing!] DMI: (-0.0001  0.0003 -0.0000)
[Testing!]J_ani:
[[-0.     0.    -0.001]
 [ 0.    -0.     0.   ]
 [-0.001  0.    -0.003]]
----------------------------------------------------------------------------------------
   Cr1   Cr1   (  1,  -3,   0)  0.0005   (11.698, -0.001, 13.490) 17.856 
J_iso:  0.0005 
[Testing!] Jprime: 0.004,  B: -0.002
[Testing!] DMI: (-0.0001  0.0003 -0.0000)
[Testing!]J_ani:
[[-0.     0.    -0.001]
 [ 0.    -0.     0.   ]
 [-0.001  0.    -0.003]]
----------------------------------------------------------------------------------------
   Cr2   Cr2   (  1,  -3,   0)  0.0005   (11.698, -0.001, 13.490) 17.856 
J_iso:  0.0005 
[Testing!] Jprime: 0.004,  B: -0.002
[Testing!] DMI: ( 0.0001 -0.0003  0.0000)
[Testing!]J_ani:
[[-0.     0.    -0.001]
 [ 0.    -0.     0.   ]
 [-0.001  0.    -0.003]]
----------------------------------------------------------------------------------------
   Cr1   Cr1   ( -2,  -1,   0)  0.0004   (17.547,  0.000, -3.372) 17.868 
J_iso:  0.0004 
[Testing!] Jprime: 0.003,  B: -0.002
[Testing!] DMI: (-0.0001 -0.0002 -0.0000)
[Testing!]J_ani:
[[-0.     0.    -0.   ]
 [ 0.    -0.     0.   ]
 [-0.     0.    -0.003]]
----------------------------------------------------------------------------------------
   Cr2   Cr2   ( -2,  -1,   0)  0.0004   (17.547,  0.000, -3.372) 17.868 
J_iso:  0.0004 
[Testing!] Jprime: 0.003,  B: -0.002
[Testing!] DMI: ( 0.0001  0.0002  0.0000)
[Testing!]J_ani:
[[-0.     0.    -0.   ]
 [ 0.    -0.     0.   ]
 [-0.     0.    -0.003]]
----------------------------------------------------------------------------------------
   Cr1   Cr1   (  2,   1,   0)  0.0004   (-17.547, -0.000,  3.372) 17.868 
J_iso:  0.0004 
[Testing!] Jprime: 0.003,  B: -0.002
[Testing!] DMI: ( 0.0001  0.0002  0.0000)
[Testing!]J_ani:
[[-0.     0.    -0.   ]
 [ 0.    -0.     0.   ]
 [-0.     0.    -0.003]]
----------------------------------------------------------------------------------------
   Cr2   Cr2   (  2,   1,   0)  0.0004   (-17.547, -0.000,  3.372) 17.868 
J_iso:  0.0004 
[Testing!] Jprime: 0.003,  B: -0.002
[Testing!] DMI: (-0.0001 -0.0002 -0.0000)
[Testing!]J_ani:
[[-0.     0.    -0.   ]
 [ 0.    -0.     0.   ]
 [-0.     0.    -0.003]]
----------------------------------------------------------------------------------------
   Cr1   Cr1   ( -1,  -2,   0)  0.0004   (17.547, -0.000,  3.372) 17.868 
J_iso:  0.0004 
[Testing!] Jprime: 0.003,  B: -0.002
[Testing!] DMI: (-0.0001  0.0002  0.0000)
[Testing!]J_ani:
[[-0.    -0.     0.   ]
 [-0.    -0.     0.   ]
 [ 0.     0.    -0.003]]
----------------------------------------------------------------------------------------
   Cr2   Cr2   ( -1,  -2,   0)  0.0004   (17.547, -0.000,  3.372) 17.868 
J_iso:  0.0004 
[Testing!] Jprime: 0.003,  B: -0.002
[Testing!] DMI: ( 0.0001 -0.0002 -0.0000)
[Testing!]J_ani:
[[-0.    -0.     0.   ]
 [-0.    -0.     0.   ]
 [ 0.     0.    -0.003]]
----------------------------------------------------------------------------------------
   Cr1   Cr1   (  1,   2,   0)  0.0004   (-17.547,  0.000, -3.372) 17.868 
J_iso:  0.0004 
[Testing!] Jprime: 0.003,  B: -0.002
[Testing!] DMI: ( 0.0001 -0.0002 -0.0000)
[Testing!]J_ani:
[[-0.    -0.     0.   ]
 [-0.    -0.     0.   ]
 [ 0.     0.    -0.003]]
----------------------------------------------------------------------------------------
   Cr2   Cr2   (  1,   2,   0)  0.0004   (-17.547,  0.000, -3.372) 17.868 
J_iso:  0.0004 
[Testing!] Jprime: 0.003,  B: -0.002
[Testing!] DMI: (-0.0001  0.0002  0.0000)
[Testing!]J_ani:
[[-0.    -0.     0.   ]
 [-0.    -0.     0.   ]
 [ 0.     0.    -0.003]]
----------------------------------------------------------------------------------------
   Cr2   Cr1   ( -3,   2,   0)  0.0003   ( 9.742,  0.002, -16.862) 19.474 
J_iso:  0.0003 
[Testing!] Jprime: 0.002,  B: -0.001
[Testing!] DMI: ( 0.0000 -0.0000 -0.0000)
[Testing!]J_ani:
[[-0.     0.    -0.   ]
 [ 0.    -0.    -0.   ]
 [-0.    -0.    -0.002]]
----------------------------------------------------------------------------------------
   Cr1   Cr2   (  3,  -2,   0)  0.0003   (-9.742, -0.002, 16.862) 19.474 
J_iso:  0.0003 
[Testing!] Jprime: 0.002,  B: -0.001
[Testing!] DMI: (-0.0000  0.0000  0.0000)
[Testing!]J_ani:
[[-0.     0.    -0.   ]
 [ 0.    -0.    -0.   ]
 [-0.    -0.    -0.002]]
----------------------------------------------------------------------------------------
   Cr1   Cr2   ( -2,   3,   0)  0.0003   (-9.742,  0.002, -16.862) 19.474 
J_iso:  0.0003 
[Testing!] Jprime: 0.002,  B: -0.001
[Testing!] DMI: ( 0.0000  0.0000  0.0000)
[Testing!]J_ani:
[[-0.    -0.     0.   ]
 [-0.    -0.    -0.   ]
 [ 0.    -0.    -0.002]]
----------------------------------------------------------------------------------------
   Cr2   Cr1   (  2,  -3,   0)  0.0003   ( 9.742, -0.002, 16.862) 19.474 
J_iso:  0.0003 
[Testing!] Jprime: 0.002,  B: -0.001
[Testing!] DMI: (-0.0000 -0.0000 -0.0000)
[Testing!]J_ani:
[[-0.    -0.     0.   ]
 [-0.    -0.    -0.   ]
 [ 0.    -0.    -0.002]]
----------------------------------------------------------------------------------------
   Cr1   Cr2   ( -2,  -2,   0)  0.0003   (19.503, -0.000,  0.000) 19.503 
J_iso:  0.0003 
[Testing!] Jprime: 0.002,  B: -0.001
[Testing!] DMI: ( 0.0000  0.0000 -0.0000)
[Testing!]J_ani:
[[-0.     0.    -0.   ]
 [ 0.    -0.     0.   ]
 [-0.     0.    -0.002]]
----------------------------------------------------------------------------------------
   Cr2   Cr1   (  2,   2,   0)  0.0003   (-19.503,  0.000, -0.000) 19.503 
J_iso:  0.0003 
[Testing!] Jprime: 0.002,  B: -0.001
[Testing!] DMI: (-0.0000 -0.0000  0.0000)
[Testing!]J_ani:
[[-0.     0.    -0.   ]
 [ 0.    -0.     0.   ]
 [-0.     0.    -0.002]]
----------------------------------------------------------------------------------------
   Cr1   Cr1   ( -3,   3,   0) -0.0002   (-0.000,  0.002, -20.235) 20.235 
J_iso: -0.0002 
[Testing!] Jprime: 0.000,  B: -0.000
[Testing!] DMI: ( 0.0000  0.0002  0.0001)
[Testing!]J_ani:
[[-0.     0.    -0.   ]
 [ 0.    -0.    -0.   ]
 [-0.    -0.    -0.001]]
----------------------------------------------------------------------------------------
   Cr2   Cr2   ( -3,   3,   0) -0.0002   (-0.000,  0.002, -20.235) 20.235 
J_iso: -0.0002 
[Testing!] Jprime: 0.000,  B: -0.000
[Testing!] DMI: ( 0.0000 -0.0002 -0.0001)
[Testing!]J_ani:
[[-0.    -0.     0.   ]
 [-0.    -0.    -0.   ]
 [ 0.    -0.    -0.001]]
----------------------------------------------------------------------------------------
   Cr1   Cr1   (  3,  -3,   0) -0.0002   ( 0.000, -0.002, 20.235) 20.235 
J_iso: -0.0002 
[Testing!] Jprime: 0.000,  B: -0.000
[Testing!] DMI: (-0.0000 -0.0002 -0.0001)
[Testing!]J_ani:
[[-0.     0.    -0.   ]
 [ 0.    -0.    -0.   ]
 [-0.    -0.    -0.001]]
----------------------------------------------------------------------------------------
   Cr2   Cr2   (  3,  -3,   0) -0.0002   ( 0.000, -0.002, 20.235) 20.235 
J_iso: -0.0002 
[Testing!] Jprime: 0.000,  B: -0.000
[Testing!] DMI: (-0.0000  0.0002  0.0001)
[Testing!]J_ani:
[[-0.    -0.     0.   ]
 [-0.    -0.    -0.   ]
 [ 0.    -0.    -0.001]]
----------------------------------------------------------------------------------------
   Cr1   Cr1   ( -3,   0,   0) -0.0001   (17.547,  0.001, -10.117) 20.255 
J_iso: -0.0001 
[Testing!] Jprime: 0.000,  B: -0.000
[Testing!] DMI: (-0.0000 -0.0002  0.0001)
[Testing!]J_ani:
[[-0.     0.    -0.   ]
 [ 0.    -0.     0.   ]
 [-0.     0.    -0.001]]
----------------------------------------------------------------------------------------
   Cr2   Cr2   ( -3,   0,   0) -0.0001   (17.547,  0.001, -10.117) 20.255 
J_iso: -0.0001 
[Testing!] Jprime: 0.000,  B: -0.000
[Testing!] DMI: ( 0.0000  0.0002 -0.0001)
[Testing!]J_ani:
[[-0.     0.    -0.   ]
 [ 0.    -0.     0.   ]
 [-0.     0.    -0.001]]
----------------------------------------------------------------------------------------
   Cr1   Cr1   (  3,   0,   0) -0.0001   (-17.547, -0.001, 10.117) 20.255 
J_iso: -0.0001 
[Testing!] Jprime: 0.000,  B: -0.000
[Testing!] DMI: ( 0.0000  0.0002 -0.0001)
[Testing!]J_ani:
[[-0.     0.    -0.   ]
 [ 0.    -0.     0.   ]
 [-0.     0.    -0.001]]
----------------------------------------------------------------------------------------
   Cr2   Cr2   (  3,   0,   0) -0.0001   (-17.547, -0.001, 10.117) 20.255 
J_iso: -0.0001 
[Testing!] Jprime: 0.000,  B: -0.000
[Testing!] DMI: (-0.0000 -0.0002  0.0001)
[Testing!]J_ani:
[[-0.     0.    -0.   ]
 [ 0.    -0.     0.   ]
 [-0.     0.    -0.001]]
----------------------------------------------------------------------------------------
   Cr1   Cr1   (  0,  -3,   0) -0.0001   (17.547, -0.001, 10.117) 20.255 
J_iso: -0.0001 
[Testing!] Jprime: 0.000,  B: -0.000
[Testing!] DMI: (-0.0000  0.0002 -0.0001)
[Testing!]J_ani:
[[-0.    -0.     0.   ]
 [-0.    -0.     0.   ]
 [ 0.     0.    -0.001]]
----------------------------------------------------------------------------------------
   Cr2   Cr2   (  0,  -3,   0) -0.0001   (17.547, -0.001, 10.117) 20.255 
J_iso: -0.0001 
[Testing!] Jprime: 0.000,  B: -0.000
[Testing!] DMI: ( 0.0000 -0.0002  0.0001)
[Testing!]J_ani:
[[-0.    -0.     0.   ]
 [-0.    -0.     0.   ]
 [ 0.     0.    -0.001]]
----------------------------------------------------------------------------------------
   Cr1   Cr1   (  0,   3,   0) -0.0001   (-17.547,  0.001, -10.117) 20.255 
J_iso: -0.0001 
[Testing!] Jprime: 0.000,  B: -0.000
[Testing!] DMI: ( 0.0000 -0.0002  0.0001)
[Testing!]J_ani:
[[-0.    -0.     0.   ]
 [-0.    -0.     0.   ]
 [ 0.     0.    -0.001]]
----------------------------------------------------------------------------------------
   Cr2   Cr2   (  0,   3,   0) -0.0001   (-17.547,  0.001, -10.117) 20.255 
J_iso: -0.0001 
[Testing!] Jprime: 0.000,  B: -0.000
[Testing!] DMI: (-0.0000  0.0002 -0.0001)
[Testing!]J_ani:
[[-0.    -0.     0.   ]
 [-0.    -0.     0.   ]
 [ 0.     0.    -0.001]]
----------------------------------------------------------------------------------------
   Cr2   Cr1   ( -3,   3,   0) -0.0001   ( 3.893,  0.002, -20.235) 20.606 
J_iso: -0.0001 
[Testing!] Jprime: 0.000,  B: -0.000
[Testing!] DMI: (-0.0000  0.0000  0.0000)
[Testing!]J_ani:
[[-0. -0. -0.]
 [-0. -0.  0.]
 [-0.  0. -0.]]
----------------------------------------------------------------------------------------
   Cr1   Cr2   (  3,  -3,   0) -0.0001   (-3.893, -0.002, 20.235) 20.606 
J_iso: -0.0001 
[Testing!] Jprime: 0.000,  B: -0.000
[Testing!] DMI: ( 0.0000 -0.0000 -0.0000)
[Testing!]J_ani:
[[-0. -0. -0.]
 [-0. -0.  0.]
 [-0.  0. -0.]]
----------------------------------------------------------------------------------------
   Cr1   Cr2   ( -3,   3,   0) -0.0001   (-3.893,  0.002, -20.235) 20.606 
J_iso: -0.0001 
[Testing!] Jprime: 0.000,  B: -0.000
[Testing!] DMI: (-0.0000 -0.0000 -0.0000)
[Testing!]J_ani:
[[-0.  0.  0.]
 [ 0. -0.  0.]
 [ 0.  0. -0.]]
----------------------------------------------------------------------------------------
   Cr2   Cr1   (  3,  -3,   0) -0.0001   ( 3.893, -0.002, 20.235) 20.606 
J_iso: -0.0001 
[Testing!] Jprime: 0.000,  B: -0.000
[Testing!] DMI: ( 0.0000  0.0000  0.0000)
[Testing!]J_ani:
[[-0.  0.  0.]
 [ 0. -0.  0.]
 [ 0.  0. -0.]]
----------------------------------------------------------------------------------------
   Cr2   Cr1   ( -3,   1,   0) -0.0001   (15.591,  0.001, -13.490) 20.617 
J_iso: -0.0001 
[Testing!] Jprime: 0.000,  B: -0.000
[Testing!] DMI: ( 0.0000  0.0000 -0.0000)
[Testing!]J_ani:
[[-0.  0.  0.]
 [ 0. -0. -0.]
 [ 0. -0. -0.]]
----------------------------------------------------------------------------------------
   Cr1   Cr2   (  3,  -1,   0) -0.0001   (-15.591, -0.001, 13.490) 20.617 
J_iso: -0.0001 
[Testing!] Jprime: 0.000,  B: -0.000
[Testing!] DMI: (-0.0000 -0.0000  0.0000)
[Testing!]J_ani:
[[-0.  0.  0.]
 [ 0. -0. -0.]
 [ 0. -0. -0.]]
----------------------------------------------------------------------------------------
   Cr1   Cr2   ( -1,   3,   0) -0.0001   (-15.591,  0.001, -13.490) 20.617 
J_iso: -0.0001 
[Testing!] Jprime: 0.000,  B: -0.000
[Testing!] DMI: ( 0.0000 -0.0000  0.0000)
[Testing!]J_ani:
[[-0. -0. -0.]
 [-0. -0. -0.]
 [-0. -0. -0.]]
----------------------------------------------------------------------------------------
   Cr2   Cr1   (  1,  -3,   0) -0.0001   (15.591, -0.001, 13.490) 20.617 
J_iso: -0.0001 
[Testing!] Jprime: 0.000,  B: -0.000
[Testing!] DMI: (-0.0000  0.0000 -0.0000)
[Testing!]J_ani:
[[-0. -0. -0.]
 [-0. -0. -0.]
 [-0. -0. -0.]]
----------------------------------------------------------------------------------------
   Cr1   Cr2   ( -3,  -1,   0) -0.0001   (19.503,  0.001, -6.745) 20.637 
J_iso: -0.0001 
[Testing!] Jprime: -0.000,  B: -0.000
[Testing!] DMI: (-0.0000 -0.0000  0.0000)
[Testing!]J_ani:
[[-0.  0. -0.]
 [ 0. -0. -0.]
 [-0. -0. -0.]]
----------------------------------------------------------------------------------------
   Cr2   Cr1   (  3,   1,   0) -0.0001   (-19.503, -0.001,  6.745) 20.637 
J_iso: -0.0001 
[Testing!] Jprime: -0.000,  B: -0.000
[Testing!] DMI: ( 0.0000  0.0000 -0.0000)
[Testing!]J_ani:
[[-0.  0. -0.]
 [ 0. -0. -0.]
 [-0. -0. -0.]]
----------------------------------------------------------------------------------------
   Cr1   Cr2   ( -1,  -3,   0) -0.0001   (19.503, -0.001,  6.745) 20.637 
J_iso: -0.0001 
[Testing!] Jprime: -0.000,  B: -0.000
[Testing!] DMI: ( 0.0000 -0.0000  0.0000)
[Testing!]J_ani:
[[-0. -0.  0.]
 [-0. -0. -0.]
 [ 0. -0. -0.]]
----------------------------------------------------------------------------------------
   Cr2   Cr1   (  1,   3,   0) -0.0001   (-19.503,  0.001, -6.745) 20.637 
J_iso: -0.0001 
[Testing!] Jprime: -0.000,  B: -0.000
[Testing!] DMI: (-0.0000  0.0000 -0.0000)
[Testing!]J_ani:
[[-0. -0.  0.]
 [-0. -0. -0.]
 [ 0. -0. -0.]]
----------------------------------------------------------------------------------------
   Cr2   Cr1   ( -2,  -1,   0) -0.0000   (21.440,  0.000, -3.372) 21.703 
J_iso: -0.0000 
[Testing!] Jprime: 0.000,  B: -0.000
[Testing!] DMI: ( 0.0000  0.0000  0.0000)
[Testing!]J_ani:
[[-0.     0.    -0.   ]
 [ 0.    -0.    -0.   ]
 [-0.    -0.    -0.001]]
----------------------------------------------------------------------------------------
   Cr1   Cr2   (  2,   1,   0) -0.0000   (-21.440, -0.000,  3.372) 21.703 
J_iso: -0.0000 
[Testing!] Jprime: 0.000,  B: -0.000
[Testing!] DMI: (-0.0000 -0.0000 -0.0000)
[Testing!]J_ani:
[[-0.     0.    -0.   ]
 [ 0.    -0.    -0.   ]
 [-0.    -0.    -0.001]]
----------------------------------------------------------------------------------------
   Cr2   Cr1   ( -1,  -2,   0) -0.0000   (21.440, -0.000,  3.372) 21.703 
J_iso: -0.0000 
[Testing!] Jprime: 0.000,  B: -0.000
[Testing!] DMI: (-0.0000  0.0000  0.0000)
[Testing!]J_ani:
[[-0.    -0.     0.   ]
 [-0.    -0.    -0.   ]
 [ 0.    -0.    -0.001]]
----------------------------------------------------------------------------------------
   Cr1   Cr2   (  1,   2,   0) -0.0000   (-21.440,  0.000, -3.372) 21.703 
J_iso: -0.0000 
[Testing!] Jprime: 0.000,  B: -0.000
[Testing!] DMI: ( 0.0000 -0.0000 -0.0000)
[Testing!]J_ani:
[[-0.    -0.     0.   ]
 [-0.    -0.    -0.   ]
 [ 0.    -0.    -0.001]]
----------------------------------------------------------------------------------------
   Cr1   Cr1   ( -2,  -2,   0)  0.0000   (23.396,  0.000,  0.000) 23.396 
J_iso:  0.0000 
[Testing!] Jprime: 0.001,  B: -0.000
[Testing!] DMI: (-0.0000  0.0000  0.0000)
[Testing!]J_ani:
[[-0.     0.    -0.   ]
 [ 0.    -0.     0.   ]
 [-0.     0.    -0.001]]
----------------------------------------------------------------------------------------
   Cr2   Cr2   ( -2,  -2,   0)  0.0000   (23.396,  0.000,  0.000) 23.396 
J_iso:  0.0000 
[Testing!] Jprime: 0.001,  B: -0.000
[Testing!] DMI: ( 0.0000  0.0000  0.0000)
[Testing!]J_ani:
[[-0.    -0.     0.   ]
 [-0.    -0.     0.   ]
 [ 0.     0.    -0.001]]
----------------------------------------------------------------------------------------
   Cr1   Cr1   (  2,   2,   0)  0.0000   (-23.396, -0.000, -0.000) 23.396 
J_iso:  0.0000 
[Testing!] Jprime: 0.001,  B: -0.000
[Testing!] DMI: ( 0.0000 -0.0000 -0.0000)
[Testing!]J_ani:
[[-0.     0.    -0.   ]
 [ 0.    -0.     0.   ]
 [-0.     0.    -0.001]]
----------------------------------------------------------------------------------------
   Cr2   Cr2   (  2,   2,   0)  0.0000   (-23.396, -0.000, -0.000) 23.396 
J_iso:  0.0000 
[Testing!] Jprime: 0.001,  B: -0.000
[Testing!] DMI: (-0.0000 -0.0000 -0.0000)
[Testing!]J_ani:
[[-0.    -0.     0.   ]
 [-0.    -0.     0.   ]
 [ 0.     0.    -0.001]]
----------------------------------------------------------------------------------------
   Cr2   Cr1   ( -3,   0,   0)  0.0001   (21.440,  0.001, -10.117) 23.707 
J_iso:  0.0001 
[Testing!] Jprime: 0.000,  B: -0.000
[Testing!] DMI: ( 0.0000  0.0000  0.0000)
[Testing!]J_ani:
[[-0.  0. -0.]
 [ 0. -0.  0.]
 [-0.  0. -0.]]
----------------------------------------------------------------------------------------
   Cr1   Cr2   (  3,   0,   0)  0.0001   (-21.440, -0.001, 10.117) 23.707 
J_iso:  0.0001 
[Testing!] Jprime: 0.000,  B: -0.000
[Testing!] DMI: (-0.0000 -0.0000 -0.0000)
[Testing!]J_ani:
[[-0.  0. -0.]
 [ 0. -0.  0.]
 [-0.  0. -0.]]
----------------------------------------------------------------------------------------
   Cr2   Cr1   (  0,  -3,   0)  0.0001   (21.440, -0.001, 10.117) 23.707 
J_iso:  0.0001 
[Testing!] Jprime: 0.000,  B: -0.000
[Testing!] DMI: (-0.0000  0.0000  0.0000)
[Testing!]J_ani:
[[-0. -0.  0.]
 [-0. -0.  0.]
 [ 0.  0. -0.]]
----------------------------------------------------------------------------------------
   Cr1   Cr2   (  0,   3,   0)  0.0001   (-21.440,  0.001, -10.117) 23.707 
J_iso:  0.0001 
[Testing!] Jprime: 0.000,  B: -0.000
[Testing!] DMI: ( 0.0000 -0.0000 -0.0000)
[Testing!]J_ani:
[[-0. -0.  0.]
 [-0. -0.  0.]
 [ 0.  0. -0.]]
----------------------------------------------------------------------------------------
   Cr1   Cr1   ( -3,  -1,   0)  0.0001   (23.396,  0.001, -6.745) 24.349 
J_iso:  0.0001 
[Testing!] Jprime: 0.000,  B: -0.000
[Testing!] DMI: ( 0.0000 -0.0000  0.0000)
[Testing!]J_ani:
[[-0.  0. -0.]
 [ 0. -0. -0.]
 [-0. -0. -0.]]
----------------------------------------------------------------------------------------
   Cr2   Cr2   ( -3,  -1,   0)  0.0001   (23.396,  0.001, -6.745) 24.349 
J_iso:  0.0001 
[Testing!] Jprime: 0.000,  B: -0.000
[Testing!] DMI: (-0.0000  0.0000 -0.0000)
[Testing!]J_ani:
[[-0.  0. -0.]
 [ 0. -0. -0.]
 [-0. -0. -0.]]
----------------------------------------------------------------------------------------
   Cr1   Cr1   (  3,   1,   0)  0.0001   (-23.396, -0.001,  6.745) 24.349 
J_iso:  0.0001 
[Testing!] Jprime: 0.000,  B: -0.000
[Testing!] DMI: (-0.0000  0.0000 -0.0000)
[Testing!]J_ani:
[[-0.  0. -0.]
 [ 0. -0. -0.]
 [-0. -0. -0.]]
----------------------------------------------------------------------------------------
   Cr2   Cr2   (  3,   1,   0)  0.0001   (-23.396, -0.001,  6.745) 24.349 
J_iso:  0.0001 
[Testing!] Jprime: 0.000,  B: -0.000
[Testing!] DMI: ( 0.0000 -0.0000  0.0000)
[Testing!]J_ani:
[[-0.  0. -0.]
 [ 0. -0. -0.]
 [-0. -0. -0.]]
----------------------------------------------------------------------------------------
   Cr1   Cr1   ( -1,  -3,   0)  0.0001   (23.396, -0.001,  6.745) 24.349 
J_iso:  0.0001 
[Testing!] Jprime: 0.000,  B: -0.000
[Testing!] DMI: ( 0.0000  0.0000 -0.0000)
[Testing!]J_ani:
[[-0. -0.  0.]
 [-0. -0. -0.]
 [ 0. -0. -0.]]
----------------------------------------------------------------------------------------
   Cr2   Cr2   ( -1,  -3,   0)  0.0001   (23.396, -0.001,  6.745) 24.349 
J_iso:  0.0001 
[Testing!] Jprime: 0.000,  B: -0.000
[Testing!] DMI: (-0.0000 -0.0000  0.0000)
[Testing!]J_ani:
[[-0. -0.  0.]
 [-0. -0. -0.]
 [ 0. -0. -0.]]
----------------------------------------------------------------------------------------
   Cr1   Cr1   (  1,   3,   0)  0.0001   (-23.396,  0.001, -6.745) 24.349 
J_iso:  0.0001 
[Testing!] Jprime: 0.000,  B: -0.000
[Testing!] DMI: (-0.0000 -0.0000  0.0000)
[Testing!]J_ani:
[[-0. -0.  0.]
 [-0. -0. -0.]
 [ 0. -0. -0.]]
----------------------------------------------------------------------------------------
   Cr2   Cr2   (  1,   3,   0)  0.0001   (-23.396,  0.001, -6.745) 24.349 
J_iso:  0.0001 
[Testing!] Jprime: 0.000,  B: -0.000
[Testing!] DMI: ( 0.0000  0.0000 -0.0000)
[Testing!]J_ani:
[[-0. -0.  0.]
 [-0. -0. -0.]
 [ 0. -0. -0.]]
----------------------------------------------------------------------------------------
   Cr1   Cr2   ( -3,  -2,   0)  0.0000   (25.352,  0.000, -3.372) 25.576 
J_iso:  0.0000 
[Testing!] Jprime: 0.000,  B: -0.000
[Testing!] DMI: ( 0.0000  0.0000  0.0000)
[Testing!]J_ani:
[[ 0.  0.  0.]
 [ 0. -0.  0.]
 [ 0.  0. -0.]]
----------------------------------------------------------------------------------------
   Cr2   Cr1   (  3,   2,   0)  0.0000   (-25.352, -0.000,  3.372) 25.576 
J_iso:  0.0000 
[Testing!] Jprime: 0.000,  B: -0.000
[Testing!] DMI: (-0.0000 -0.0000 -0.0000)
[Testing!]J_ani:
[[ 0.  0.  0.]
 [ 0. -0.  0.]
 [ 0.  0. -0.]]
----------------------------------------------------------------------------------------
   Cr1   Cr2   ( -2,  -3,   0)  0.0000   (25.352, -0.000,  3.372) 25.576 
J_iso:  0.0000 
[Testing!] Jprime: 0.000,  B: -0.000
[Testing!] DMI: (-0.0000  0.0000  0.0000)
[Testing!]J_ani:
[[ 0. -0. -0.]
 [-0. -0.  0.]
 [-0.  0. -0.]]
----------------------------------------------------------------------------------------
   Cr2   Cr1   (  2,   3,   0)  0.0000   (-25.352,  0.000, -3.372) 25.576 
J_iso:  0.0000 
[Testing!] Jprime: 0.000,  B: -0.000
[Testing!] DMI: ( 0.0000 -0.0000 -0.0000)
[Testing!]J_ani:
[[ 0. -0. -0.]
 [-0. -0.  0.]
 [-0.  0. -0.]]
----------------------------------------------------------------------------------------
   Cr2   Cr1   ( -2,  -2,   0) -0.0001   (27.289,  0.000,  0.000) 27.289 
J_iso: -0.0001 
[Testing!] Jprime: 0.000,  B: -0.000
[Testing!] DMI: ( 0.0000 -0.0000  0.0000)
[Testing!]J_ani:
[[ 0.    -0.     0.   ]
 [-0.    -0.     0.   ]
 [ 0.     0.    -0.001]]
----------------------------------------------------------------------------------------
   Cr1   Cr2   (  2,   2,   0) -0.0001   (-27.289, -0.000, -0.000) 27.289 
J_iso: -0.0001 
[Testing!] Jprime: 0.000,  B: -0.000
[Testing!] DMI: (-0.0000  0.0000 -0.0000)
[Testing!]J_ani:
[[ 0.    -0.     0.   ]
 [-0.    -0.     0.   ]
 [ 0.     0.    -0.001]]
----------------------------------------------------------------------------------------
   Cr2   Cr1   ( -3,  -1,   0) -0.0000   (27.289,  0.001, -6.745) 28.110 
J_iso: -0.0000 
[Testing!] Jprime: 0.001,  B: -0.000
[Testing!] DMI: ( 0.0000  0.0000  0.0000)
[Testing!]J_ani:
[[-0.    -0.     0.   ]
 [-0.    -0.     0.   ]
 [ 0.     0.    -0.001]]
----------------------------------------------------------------------------------------
   Cr1   Cr2   (  3,   1,   0) -0.0000   (-27.289, -0.001,  6.745) 28.110 
J_iso: -0.0000 
[Testing!] Jprime: 0.001,  B: -0.000
[Testing!] DMI: (-0.0000 -0.0000 -0.0000)
[Testing!]J_ani:
[[-0.    -0.     0.   ]
 [-0.    -0.     0.   ]
 [ 0.     0.    -0.001]]
----------------------------------------------------------------------------------------
   Cr2   Cr1   ( -1,  -3,   0) -0.0000   (27.289, -0.001,  6.745) 28.110 
J_iso: -0.0000 
[Testing!] Jprime: 0.001,  B: -0.000
[Testing!] DMI: (-0.0000  0.0000  0.0000)
[Testing!]J_ani:
[[-0.     0.    -0.   ]
 [ 0.    -0.     0.   ]
 [-0.     0.    -0.001]]
----------------------------------------------------------------------------------------
   Cr1   Cr2   (  1,   3,   0) -0.0000   (-27.289,  0.001, -6.745) 28.110 
J_iso: -0.0000 
[Testing!] Jprime: 0.001,  B: -0.000
[Testing!] DMI: ( 0.0000 -0.0000 -0.0000)
[Testing!]J_ani:
[[-0.     0.    -0.   ]
 [ 0.    -0.     0.   ]
 [-0.     0.    -0.001]]
----------------------------------------------------------------------------------------
   Cr1   Cr1   ( -3,  -2,   0)  0.0000   (29.245,  0.000, -3.372) 29.439 
J_iso:  0.0000 
[Testing!] Jprime: 0.001,  B: -0.000
[Testing!] DMI: ( 0.0000 -0.0000  0.0000)
[Testing!]J_ani:
[[-0.    -0.    -0.   ]
 [-0.    -0.    -0.   ]
 [-0.    -0.    -0.001]]
----------------------------------------------------------------------------------------
   Cr2   Cr2   ( -3,  -2,   0)  0.0000   (29.245,  0.000, -3.372) 29.439 
J_iso:  0.0000 
[Testing!] Jprime: 0.001,  B: -0.000
[Testing!] DMI: (-0.0000  0.0000 -0.0000)
[Testing!]J_ani:
[[-0.    -0.    -0.   ]
 [-0.    -0.    -0.   ]
 [-0.    -0.    -0.001]]
----------------------------------------------------------------------------------------
   Cr2   Cr2   (  3,   2,   0)  0.0000   (-29.245, -0.000,  3.372) 29.439 
J_iso:  0.0000 
[Testing!] Jprime: 0.001,  B: -0.000
[Testing!] DMI: ( 0.0000 -0.0000  0.0000)
[Testing!]J_ani:
[[-0.    -0.    -0.   ]
 [-0.    -0.    -0.   ]
 [-0.    -0.    -0.001]]
----------------------------------------------------------------------------------------
   Cr1   Cr1   (  3,   2,   0)  0.0000   (-29.245, -0.000,  3.372) 29.439 
J_iso:  0.0000 
[Testing!] Jprime: 0.001,  B: -0.000
[Testing!] DMI: (-0.0000  0.0000 -0.0000)
[Testing!]J_ani:
[[-0.    -0.    -0.   ]
 [-0.    -0.    -0.   ]
 [-0.    -0.    -0.001]]
----------------------------------------------------------------------------------------
   Cr1   Cr1   ( -2,  -3,   0)  0.0000   (29.245, -0.000,  3.372) 29.439 
J_iso:  0.0000 
[Testing!] Jprime: 0.001,  B: -0.000
[Testing!] DMI: ( 0.0000  0.0000 -0.0000)
[Testing!]J_ani:
[[-0.     0.     0.   ]
 [ 0.    -0.    -0.   ]
 [ 0.    -0.    -0.001]]
----------------------------------------------------------------------------------------
   Cr2   Cr2   ( -2,  -3,   0)  0.0000   (29.245, -0.000,  3.372) 29.439 
J_iso:  0.0000 
[Testing!] Jprime: 0.001,  B: -0.000
[Testing!] DMI: (-0.0000 -0.0000  0.0000)
[Testing!]J_ani:
[[-0.     0.     0.   ]
 [ 0.    -0.    -0.   ]
 [ 0.    -0.    -0.001]]
----------------------------------------------------------------------------------------
   Cr2   Cr2   (  2,   3,   0)  0.0000   (-29.245,  0.000, -3.372) 29.439 
J_iso:  0.0000 
[Testing!] Jprime: 0.001,  B: -0.000
[Testing!] DMI: ( 0.0000  0.0000 -0.0000)
[Testing!]J_ani:
[[-0.     0.     0.   ]
 [ 0.    -0.    -0.   ]
 [ 0.    -0.    -0.001]]
----------------------------------------------------------------------------------------
   Cr1   Cr1   (  2,   3,   0)  0.0000   (-29.245,  0.000, -3.372) 29.439 
J_iso:  0.0000 
[Testing!] Jprime: 0.001,  B: -0.000
[Testing!] DMI: (-0.0000 -0.0000  0.0000)
[Testing!]J_ani:
[[-0.     0.     0.   ]
 [ 0.    -0.    -0.   ]
 [ 0.    -0.    -0.001]]
----------------------------------------------------------------------------------------
   Cr1   Cr2   ( -3,  -3,   0) -0.0000   (31.201, -0.000,  0.000) 31.201 
J_iso: -0.0000 
[Testing!] Jprime: 0.000,  B: -0.000
[Testing!] DMI: ( 0.0000  0.0000 -0.0000)
[Testing!]J_ani:
[[ 0.  0. -0.]
 [ 0. -0. -0.]
 [-0. -0. -0.]]
----------------------------------------------------------------------------------------
   Cr2   Cr1   (  3,   3,   0) -0.0000   (-31.201,  0.000, -0.000) 31.201 
J_iso: -0.0000 
[Testing!] Jprime: 0.000,  B: -0.000
[Testing!] DMI: (-0.0000 -0.0000  0.0000)
[Testing!]J_ani:
[[ 0.  0. -0.]
 [ 0. -0. -0.]
 [-0. -0. -0.]]
----------------------------------------------------------------------------------------
   Cr1   Cr2   (  3,   2,   0) -0.0000   (-33.138, -0.000,  3.372) 33.309 
J_iso: -0.0000 
[Testing!] Jprime: 0.001,  B: -0.000
[Testing!] DMI: ( 0.0000 -0.0000  0.0000)
[Testing!]J_ani:
[[-0.    -0.    -0.   ]
 [-0.    -0.    -0.   ]
 [-0.    -0.    -0.001]]
----------------------------------------------------------------------------------------
   Cr2   Cr1   ( -3,  -2,   0) -0.0000   (33.138,  0.000, -3.372) 33.309 
J_iso: -0.0000 
[Testing!] Jprime: 0.001,  B: -0.000
[Testing!] DMI: (-0.0000  0.0000 -0.0000)
[Testing!]J_ani:
[[-0.    -0.    -0.   ]
 [-0.    -0.    -0.   ]
 [-0.    -0.    -0.001]]
----------------------------------------------------------------------------------------
   Cr1   Cr2   (  2,   3,   0) -0.0000   (-33.138,  0.000, -3.372) 33.309 
J_iso: -0.0000 
[Testing!] Jprime: 0.001,  B: -0.000
[Testing!] DMI: (-0.0000 -0.0000  0.0000)
[Testing!]J_ani:
[[-0.     0.     0.   ]
 [ 0.    -0.    -0.   ]
 [ 0.    -0.    -0.001]]
----------------------------------------------------------------------------------------
   Cr2   Cr1   ( -2,  -3,   0) -0.0000   (33.138, -0.000,  3.372) 33.309 
J_iso: -0.0000 
[Testing!] Jprime: 0.001,  B: -0.000
[Testing!] DMI: ( 0.0000  0.0000 -0.0000)
[Testing!]J_ani:
[[-0.     0.     0.   ]
 [ 0.    -0.    -0.   ]
 [ 0.    -0.    -0.001]]
----------------------------------------------------------------------------------------
   Cr1   Cr1   ( -3,  -3,   0)  0.0001   (35.094,  0.000,  0.000) 35.094 
J_iso:  0.0001 
[Testing!] Jprime: 0.000,  B: -0.000
[Testing!] DMI: (-0.0000  0.0000  0.0000)
[Testing!]J_ani:
[[-0.  0. -0.]
 [ 0. -0.  0.]
 [-0.  0. -0.]]
----------------------------------------------------------------------------------------
   Cr2   Cr2   ( -3,  -3,   0)  0.0001   (35.094,  0.000,  0.000) 35.094 
J_iso:  0.0001 
[Testing!] Jprime: 0.000,  B: -0.000
[Testing!] DMI: ( 0.0000  0.0000  0.0000)
[Testing!]J_ani:
[[-0. -0.  0.]
 [-0. -0.  0.]
 [ 0.  0. -0.]]
----------------------------------------------------------------------------------------
   Cr1   Cr1   (  3,   3,   0)  0.0001   (-35.094, -0.000, -0.000) 35.094 
J_iso:  0.0001 
[Testing!] Jprime: 0.000,  B: -0.000
[Testing!] DMI: ( 0.0000 -0.0000 -0.0000)
[Testing!]J_ani:
[[-0.  0. -0.]
 [ 0. -0.  0.]
 [-0.  0. -0.]]
----------------------------------------------------------------------------------------
   Cr2   Cr2   (  3,   3,   0)  0.0001   (-35.094, -0.000, -0.000) 35.094 
J_iso:  0.0001 
[Testing!] Jprime: 0.000,  B: -0.000
[Testing!] DMI: (-0.0000 -0.0000 -0.0000)
[Testing!]J_ani:
[[-0. -0.  0.]
 [-0. -0.  0.]
 [ 0.  0. -0.]]
----------------------------------------------------------------------------------------
   Cr1   Cr2   (  3,   3,   0)  0.0001   (-38.987, -0.000, -0.000) 38.987 
J_iso:  0.0001 
[Testing!] Jprime: 0.000,  B: -0.000
[Testing!] DMI: ( 0.0000 -0.0000  0.0000)
[Testing!]J_ani:
[[-0.  0. -0.]
 [ 0. -0. -0.]
 [-0. -0. -0.]]
----------------------------------------------------------------------------------------
   Cr2   Cr1   ( -3,  -3,   0)  0.0001   (38.987,  0.000,  0.000) 38.987 
J_iso:  0.0001 
[Testing!] Jprime: 0.000,  B: -0.000
[Testing!] DMI: (-0.0000  0.0000 -0.0000)
[Testing!]J_ani:
[[-0.  0. -0.]
 [ 0. -0. -0.]
 [-0. -0. -0.]]
