==========================================================================================
Information: 
Exchange parameters generated by TB2J 0.7.0
Generation time: 21/11/22 16:48:47
 Input from collinear Siesta data.
 working directory: /home/hexu/projects/TB2J_tutorial/tutorials/Fe_Siesta
 fdf_fname: Fe.fdf.

==========================================================================================
Cell (Angstrom):
 2.467   0.000   0.000
-0.822   2.325   0.000
-0.822  -1.163   2.014

==========================================================================================
Atoms:  
(Note: charge and magmoms only count the wannier functions.)
Atom number      x         y         z     w_charge  w_magmom 
Fe1             0.0000    0.0000    0.0000    7.9828    2.3192
Total                                         7.9828    2.3192

==========================================================================================
Orbitals used in decomposition: 
The name of the orbitals for the decomposition: 
Fe1 : ('3s', '4s', '3py', '3pz', '3px', '3dxy', '3dyz', '3dz2', '3dxz', '3dx2-y2', '4py', '4pz', '4px')

==========================================================================================
Exchange: 
    i      j          R        J_iso(meV)          vector          distance(A) 
----------------------------------------------------------------------------------------
   Fe1   Fe1   ( -1,   0,   0) 19.7106   (-2.467,  0.000,  0.000)  2.467 
J_iso: 19.7106 
----------------------------------------------------------------------------------------
   Fe1   Fe1   (  0,  -1,   0) 19.7126   ( 0.822, -2.325,  0.000)  2.467 
J_iso: 19.7126 
----------------------------------------------------------------------------------------
   Fe1   Fe1   (  0,   0,  -1) 19.7048   ( 0.822,  1.163, -2.014)  2.467 
J_iso: 19.7048 
----------------------------------------------------------------------------------------
   Fe1   Fe1   (  0,   0,   1) 19.7048   (-0.822, -1.163,  2.014)  2.467 
J_iso: 19.7048 
----------------------------------------------------------------------------------------
   Fe1   Fe1   (  0,   1,   0) 19.7126   (-0.822,  2.325,  0.000)  2.467 
J_iso: 19.7126 
----------------------------------------------------------------------------------------
   Fe1   Fe1   (  1,   0,   0) 19.7106   ( 2.467,  0.000,  0.000)  2.467 
J_iso: 19.7106 
----------------------------------------------------------------------------------------
   Fe1   Fe1   ( -1,  -1,  -1) 19.7199   (-0.822, -1.163, -2.014)  2.467 
J_iso: 19.7199 
----------------------------------------------------------------------------------------
   Fe1   Fe1   (  1,   1,   1) 19.7199   ( 0.822,  1.163,  2.014)  2.467 
J_iso: 19.7199 
----------------------------------------------------------------------------------------
   Fe1   Fe1   (  0,  -1,  -1) 12.3694   ( 1.644, -1.163, -2.014)  2.848 
J_iso: 12.3694 
----------------------------------------------------------------------------------------
   Fe1   Fe1   (  0,   1,   1) 12.3694   (-1.644,  1.163,  2.014)  2.848 
J_iso: 12.3694 
----------------------------------------------------------------------------------------
   Fe1   Fe1   ( -1,  -1,   0) 12.3712   (-1.644, -2.325,  0.000)  2.848 
J_iso: 12.3712 
----------------------------------------------------------------------------------------
   Fe1   Fe1   ( -1,   0,  -1) 12.3680   (-1.644,  1.163, -2.014)  2.848 
J_iso: 12.3680 
----------------------------------------------------------------------------------------
   Fe1   Fe1   (  1,   0,   1) 12.3680   ( 1.644, -1.163,  2.014)  2.848 
J_iso: 12.3680 
----------------------------------------------------------------------------------------
   Fe1   Fe1   (  1,   1,   0) 12.3712   ( 1.644,  2.325,  0.000)  2.848 
J_iso: 12.3712 
----------------------------------------------------------------------------------------
   Fe1   Fe1   ( -1,   0,   1) -2.6702   (-3.289, -1.163,  2.014)  4.028 
J_iso: -2.6702 
----------------------------------------------------------------------------------------
   Fe1   Fe1   ( -1,   1,   0) -2.6634   (-3.289,  2.325,  0.000)  4.028 
J_iso: -2.6634 
----------------------------------------------------------------------------------------
   Fe1   Fe1   (  0,  -1,   1) -2.6683   ( 0.000, -3.488,  2.014)  4.028 
J_iso: -2.6683 
----------------------------------------------------------------------------------------
   Fe1   Fe1   (  0,   1,  -1) -2.6683   ( 0.000,  3.488, -2.014)  4.028 
J_iso: -2.6683 
----------------------------------------------------------------------------------------
   Fe1   Fe1   (  1,  -1,   0) -2.6634   ( 3.289, -2.325,  0.000)  4.028 
J_iso: -2.6634 
----------------------------------------------------------------------------------------
   Fe1   Fe1   (  1,   0,  -1) -2.6702   ( 3.289,  1.163, -2.014)  4.028 
J_iso: -2.6702 
----------------------------------------------------------------------------------------
   Fe1   Fe1   ( -2,  -1,  -1) -2.6736   (-3.289, -1.163, -2.014)  4.028 
J_iso: -2.6736 
----------------------------------------------------------------------------------------
   Fe1   Fe1   ( -1,  -2,  -1) -2.6741   (-0.000, -3.488, -2.014)  4.028 
J_iso: -2.6741 
----------------------------------------------------------------------------------------
   Fe1   Fe1   ( -1,  -1,  -2) -2.6760   (-0.000, -0.000, -4.028)  4.028 
J_iso: -2.6760 
----------------------------------------------------------------------------------------
   Fe1   Fe1   (  1,   1,   2) -2.6760   ( 0.000,  0.000,  4.028)  4.028 
J_iso: -2.6760 
----------------------------------------------------------------------------------------
   Fe1   Fe1   (  1,   2,   1) -2.6741   ( 0.000,  3.488,  2.014)  4.028 
J_iso: -2.6741 
----------------------------------------------------------------------------------------
   Fe1   Fe1   (  2,   1,   1) -2.6736   ( 3.289,  1.163,  2.014)  4.028 
J_iso: -2.6736 
----------------------------------------------------------------------------------------
   Fe1   Fe1   ( -1,  -1,   1)  0.0128   (-2.467, -3.488,  2.014)  4.723 
J_iso:  0.0128 
----------------------------------------------------------------------------------------
   Fe1   Fe1   ( -1,   1,  -1)  0.0156   (-2.467,  3.488, -2.014)  4.723 
J_iso:  0.0156 
----------------------------------------------------------------------------------------
   Fe1   Fe1   ( -1,   1,   1)  0.0146   (-4.111,  1.163,  2.014)  4.723 
J_iso:  0.0146 
----------------------------------------------------------------------------------------
   Fe1   Fe1   (  1,  -1,  -1)  0.0146   ( 4.111, -1.163, -2.014)  4.723 
J_iso:  0.0146 
----------------------------------------------------------------------------------------
   Fe1   Fe1   (  1,  -1,   1)  0.0156   ( 2.467, -3.488,  2.014)  4.723 
J_iso:  0.0156 
----------------------------------------------------------------------------------------
   Fe1   Fe1   (  1,   1,  -1)  0.0128   ( 2.467,  3.488, -2.014)  4.723 
J_iso:  0.0128 
----------------------------------------------------------------------------------------
   Fe1   Fe1   ( -2,  -1,   0)  0.0176   (-4.111, -2.325,  0.000)  4.723 
J_iso:  0.0176 
----------------------------------------------------------------------------------------
   Fe1   Fe1   ( -2,   0,  -1)  0.0184   (-4.111,  1.163, -2.014)  4.723 
J_iso:  0.0184 
----------------------------------------------------------------------------------------
   Fe1   Fe1   ( -1,  -2,   0)  0.0189   (-0.822, -4.651,  0.000)  4.723 
J_iso:  0.0189 
----------------------------------------------------------------------------------------
   Fe1   Fe1   ( -1,   0,  -2)  0.0165   (-0.822,  2.325, -4.028)  4.723 
J_iso:  0.0165 
----------------------------------------------------------------------------------------
   Fe1   Fe1   (  0,  -2,  -1)  0.0193   ( 2.467, -3.488, -2.014)  4.723 
J_iso:  0.0193 
----------------------------------------------------------------------------------------
   Fe1   Fe1   (  0,  -1,  -2)  0.0159   ( 2.467, -0.000, -4.028)  4.723 
J_iso:  0.0159 
----------------------------------------------------------------------------------------
   Fe1   Fe1   (  0,   1,   2)  0.0159   (-2.467,  0.000,  4.028)  4.723 
J_iso:  0.0159 
----------------------------------------------------------------------------------------
   Fe1   Fe1   (  0,   2,   1)  0.0193   (-2.467,  3.488,  2.014)  4.723 
J_iso:  0.0193 
----------------------------------------------------------------------------------------
   Fe1   Fe1   (  1,   0,   2)  0.0165   ( 0.822, -2.325,  4.028)  4.723 
J_iso:  0.0165 
----------------------------------------------------------------------------------------
   Fe1   Fe1   (  1,   2,   0)  0.0189   ( 0.822,  4.651,  0.000)  4.723 
J_iso:  0.0189 
----------------------------------------------------------------------------------------
   Fe1   Fe1   (  2,   0,   1)  0.0184   ( 4.111, -1.163,  2.014)  4.723 
J_iso:  0.0184 
----------------------------------------------------------------------------------------
   Fe1   Fe1   (  2,   1,   0)  0.0176   ( 4.111,  2.325,  0.000)  4.723 
J_iso:  0.0176 
----------------------------------------------------------------------------------------
   Fe1   Fe1   ( -2,  -2,  -1)  0.0162   (-2.467, -3.488, -2.014)  4.723 
J_iso:  0.0162 
----------------------------------------------------------------------------------------
   Fe1   Fe1   ( -2,  -1,  -2)  0.0162   (-2.467, -0.000, -4.028)  4.723 
J_iso:  0.0162 
----------------------------------------------------------------------------------------
   Fe1   Fe1   ( -1,  -2,  -2)  0.0164   ( 0.822, -2.325, -4.028)  4.723 
J_iso:  0.0164 
----------------------------------------------------------------------------------------
   Fe1   Fe1   (  1,   2,   2)  0.0164   (-0.822,  2.325,  4.028)  4.723 
J_iso:  0.0164 
----------------------------------------------------------------------------------------
   Fe1   Fe1   (  2,   1,   2)  0.0162   ( 2.467,  0.000,  4.028)  4.723 
J_iso:  0.0162 
----------------------------------------------------------------------------------------
   Fe1   Fe1   (  2,   2,   1)  0.0162   ( 2.467,  3.488,  2.014)  4.723 
J_iso:  0.0162 
----------------------------------------------------------------------------------------
   Fe1   Fe1   ( -2,   0,   0)  0.3756   (-4.933,  0.000,  0.000)  4.933 
J_iso:  0.3756 
----------------------------------------------------------------------------------------
   Fe1   Fe1   (  0,  -2,   0)  0.3762   ( 1.644, -4.651,  0.000)  4.933 
J_iso:  0.3762 
----------------------------------------------------------------------------------------
   Fe1   Fe1   (  0,   0,  -2)  0.3763   ( 1.644,  2.325, -4.028)  4.933 
J_iso:  0.3763 
----------------------------------------------------------------------------------------
   Fe1   Fe1   (  0,   0,   2)  0.3763   (-1.644, -2.325,  4.028)  4.933 
J_iso:  0.3763 
----------------------------------------------------------------------------------------
   Fe1   Fe1   (  0,   2,   0)  0.3762   (-1.644,  4.651,  0.000)  4.933 
J_iso:  0.3762 
----------------------------------------------------------------------------------------
   Fe1   Fe1   (  2,   0,   0)  0.3756   ( 4.933,  0.000,  0.000)  4.933 
J_iso:  0.3756 
----------------------------------------------------------------------------------------
   Fe1   Fe1   ( -2,  -2,  -2)  0.3769   (-1.644, -2.325, -4.028)  4.933 
J_iso:  0.3769 
----------------------------------------------------------------------------------------
   Fe1   Fe1   (  2,   2,   2)  0.3769   ( 1.644,  2.325,  4.028)  4.933 
J_iso:  0.3769 
----------------------------------------------------------------------------------------
   Fe1   Fe1   (  0,  -2,  -2)  0.4449   ( 3.289, -2.325, -4.028)  5.696 
J_iso:  0.4449 
----------------------------------------------------------------------------------------
   Fe1   Fe1   (  0,   2,   2)  0.4449   (-3.289,  2.325,  4.028)  5.696 
J_iso:  0.4449 
----------------------------------------------------------------------------------------
   Fe1   Fe1   ( -2,  -2,   0)  0.4451   (-3.289, -4.651,  0.000)  5.696 
J_iso:  0.4451 
----------------------------------------------------------------------------------------
   Fe1   Fe1   ( -2,   0,  -2)  0.4447   (-3.289,  2.325, -4.028)  5.696 
J_iso:  0.4447 
----------------------------------------------------------------------------------------
   Fe1   Fe1   (  2,   0,   2)  0.4447   ( 3.289, -2.325,  4.028)  5.696 
J_iso:  0.4447 
----------------------------------------------------------------------------------------
   Fe1   Fe1   (  2,   2,   0)  0.4451   ( 3.289,  4.651,  0.000)  5.696 
J_iso:  0.4451 
----------------------------------------------------------------------------------------
   Fe1   Fe1   ( -1,   0,   2) -0.3942   (-4.111, -2.325,  4.028)  6.207 
J_iso: -0.3942 
----------------------------------------------------------------------------------------
   Fe1   Fe1   (  1,   0,  -2) -0.3942   ( 4.111,  2.325, -4.028)  6.207 
J_iso: -0.3942 
----------------------------------------------------------------------------------------
   Fe1   Fe1   ( -2,   0,   1) -0.3964   (-5.755, -1.163,  2.014)  6.207 
J_iso: -0.3964 
----------------------------------------------------------------------------------------
   Fe1   Fe1   ( -2,   1,   0) -0.3969   (-5.755,  2.325,  0.000)  6.207 
J_iso: -0.3969 
----------------------------------------------------------------------------------------
   Fe1   Fe1   ( -1,   2,   0) -0.3976   (-4.111,  4.651,  0.000)  6.207 
J_iso: -0.3976 
----------------------------------------------------------------------------------------
   Fe1   Fe1   (  0,  -2,   1) -0.3974   ( 0.822, -5.814,  2.014)  6.207 
J_iso: -0.3974 
----------------------------------------------------------------------------------------
   Fe1   Fe1   (  0,  -1,   2) -0.3944   (-0.822, -4.651,  4.028)  6.207 
J_iso: -0.3944 
----------------------------------------------------------------------------------------
   Fe1   Fe1   (  0,   1,  -2) -0.3944   ( 0.822,  4.651, -4.028)  6.207 
J_iso: -0.3944 
----------------------------------------------------------------------------------------
   Fe1   Fe1   (  0,   2,  -1) -0.3974   (-0.822,  5.814, -2.014)  6.207 
J_iso: -0.3974 
----------------------------------------------------------------------------------------
   Fe1   Fe1   (  1,  -2,   0) -0.3976   ( 4.111, -4.651,  0.000)  6.207 
J_iso: -0.3976 
----------------------------------------------------------------------------------------
   Fe1   Fe1   (  2,  -1,   0) -0.3969   ( 5.755, -2.325,  0.000)  6.207 
J_iso: -0.3969 
----------------------------------------------------------------------------------------
   Fe1   Fe1   (  2,   0,  -1) -0.3964   ( 5.755,  1.163, -2.014)  6.207 
J_iso: -0.3964 
----------------------------------------------------------------------------------------
   Fe1   Fe1   ( -1,  -1,  -3) -0.3974   ( 0.822,  1.163, -6.042)  6.207 
J_iso: -0.3974 
----------------------------------------------------------------------------------------
   Fe1   Fe1   (  1,   1,   3) -0.3974   (-0.822, -1.163,  6.042)  6.207 
J_iso: -0.3974 
----------------------------------------------------------------------------------------
   Fe1   Fe1   ( -3,  -1,  -1) -0.3979   (-5.755, -1.163, -2.014)  6.207 
J_iso: -0.3979 
----------------------------------------------------------------------------------------
   Fe1   Fe1   ( -1,  -3,  -1) -0.3976   ( 0.822, -5.814, -2.014)  6.207 
J_iso: -0.3976 
----------------------------------------------------------------------------------------
   Fe1   Fe1   (  1,   3,   1) -0.3976   (-0.822,  5.814,  2.014)  6.207 
J_iso: -0.3976 
----------------------------------------------------------------------------------------
   Fe1   Fe1   (  3,   1,   1) -0.3979   ( 5.755,  1.163,  2.014)  6.207 
J_iso: -0.3979 
----------------------------------------------------------------------------------------
   Fe1   Fe1   ( -3,  -2,  -2) -0.4008   (-4.111, -2.325, -4.028)  6.207 
J_iso: -0.4008 
----------------------------------------------------------------------------------------
   Fe1   Fe1   ( -2,  -2,  -3) -0.4008   (-0.822, -1.163, -6.042)  6.207 
J_iso: -0.4008 
----------------------------------------------------------------------------------------
   Fe1   Fe1   (  2,   2,   3) -0.4008   ( 0.822,  1.163,  6.042)  6.207 
J_iso: -0.4008 
----------------------------------------------------------------------------------------
   Fe1   Fe1   (  3,   2,   2) -0.4008   ( 4.111,  2.325,  4.028)  6.207 
J_iso: -0.4008 
----------------------------------------------------------------------------------------
   Fe1   Fe1   ( -2,  -3,  -2) -0.4008   (-0.822, -4.651, -4.028)  6.207 
J_iso: -0.4008 
----------------------------------------------------------------------------------------
   Fe1   Fe1   (  2,   3,   2) -0.4008   ( 0.822,  4.651,  4.028)  6.207 
J_iso: -0.4008 
----------------------------------------------------------------------------------------
   Fe1   Fe1   ( -2,  -1,   1)  1.2730   (-4.933, -3.488,  2.014)  6.369 
J_iso:  1.2730 
----------------------------------------------------------------------------------------
   Fe1   Fe1   ( -2,   1,  -1)  1.2729   (-4.933,  3.488, -2.014)  6.369 
J_iso:  1.2729 
----------------------------------------------------------------------------------------
   Fe1   Fe1   (  2,  -1,   1)  1.2729   ( 4.933, -3.488,  2.014)  6.369 
J_iso:  1.2729 
----------------------------------------------------------------------------------------
   Fe1   Fe1   (  2,   1,  -1)  1.2730   ( 4.933,  3.488, -2.014)  6.369 
J_iso:  1.2730 
----------------------------------------------------------------------------------------
   Fe1   Fe1   ( -1,   1,  -2)  1.2731   (-1.644,  4.651, -4.028)  6.369 
J_iso:  1.2731 
----------------------------------------------------------------------------------------
   Fe1   Fe1   ( -1,   1,   2)  1.2730   (-4.933,  0.000,  4.028)  6.369 
J_iso:  1.2730 
----------------------------------------------------------------------------------------
   Fe1   Fe1   ( -1,   2,   1)  1.2728   (-4.933,  3.488,  2.014)  6.369 
J_iso:  1.2728 
----------------------------------------------------------------------------------------
   Fe1   Fe1   (  1,  -2,  -1)  1.2728   ( 4.933, -3.488, -2.014)  6.369 
J_iso:  1.2728 
----------------------------------------------------------------------------------------
   Fe1   Fe1   (  1,  -1,  -2)  1.2730   ( 4.933, -0.000, -4.028)  6.369 
J_iso:  1.2730 
----------------------------------------------------------------------------------------
   Fe1   Fe1   (  1,  -1,   2)  1.2731   ( 1.644, -4.651,  4.028)  6.369 
J_iso:  1.2731 
----------------------------------------------------------------------------------------
   Fe1   Fe1   ( -1,  -2,   1)  1.2731   (-1.644, -5.814,  2.014)  6.369 
J_iso:  1.2731 
----------------------------------------------------------------------------------------
   Fe1   Fe1   (  1,   2,  -1)  1.2731   ( 1.644,  5.814, -2.014)  6.369 
J_iso:  1.2731 
----------------------------------------------------------------------------------------
   Fe1   Fe1   ( -2,  -1,  -3)  1.2739   (-1.644,  1.163, -6.042)  6.369 
J_iso:  1.2739 
----------------------------------------------------------------------------------------
   Fe1   Fe1   ( -1,  -2,  -3)  1.2740   ( 1.644, -1.163, -6.042)  6.369 
J_iso:  1.2740 
----------------------------------------------------------------------------------------
   Fe1   Fe1   (  1,   2,   3)  1.2740   (-1.644,  1.163,  6.042)  6.369 
J_iso:  1.2740 
----------------------------------------------------------------------------------------
   Fe1   Fe1   (  2,   1,   3)  1.2739   ( 1.644, -1.163,  6.042)  6.369 
J_iso:  1.2739 
----------------------------------------------------------------------------------------
   Fe1   Fe1   ( -3,  -2,  -1)  1.2740   (-4.933, -3.488, -2.014)  6.369 
J_iso:  1.2740 
----------------------------------------------------------------------------------------
   Fe1   Fe1   ( -3,  -1,  -2)  1.2734   (-4.933, -0.000, -4.028)  6.369 
J_iso:  1.2734 
----------------------------------------------------------------------------------------
   Fe1   Fe1   ( -1,  -3,  -2)  1.2734   ( 1.644, -4.651, -4.028)  6.369 
J_iso:  1.2734 
----------------------------------------------------------------------------------------
   Fe1   Fe1   (  1,   3,   2)  1.2734   (-1.644,  4.651,  4.028)  6.369 
J_iso:  1.2734 
----------------------------------------------------------------------------------------
   Fe1   Fe1   (  3,   1,   2)  1.2734   ( 4.933,  0.000,  4.028)  6.369 
J_iso:  1.2734 
----------------------------------------------------------------------------------------
   Fe1   Fe1   (  3,   2,   1)  1.2740   ( 4.933,  3.488,  2.014)  6.369 
J_iso:  1.2740 
----------------------------------------------------------------------------------------
   Fe1   Fe1   ( -2,  -3,  -1)  1.2739   (-1.644, -5.814, -2.014)  6.369 
J_iso:  1.2739 
----------------------------------------------------------------------------------------
   Fe1   Fe1   (  2,   3,   1)  1.2739   ( 1.644,  5.814,  2.014)  6.369 
J_iso:  1.2739 
----------------------------------------------------------------------------------------
   Fe1   Fe1   ( -2,   1,   1) -0.1979   (-6.577,  1.163,  2.014)  6.976 
J_iso: -0.1979 
----------------------------------------------------------------------------------------
   Fe1   Fe1   ( -1,  -1,   2) -0.1982   (-3.289, -4.651,  4.028)  6.976 
J_iso: -0.1982 
----------------------------------------------------------------------------------------
   Fe1   Fe1   (  1,   1,  -2) -0.1982   ( 3.289,  4.651, -4.028)  6.976 
J_iso: -0.1982 
----------------------------------------------------------------------------------------
   Fe1   Fe1   (  2,  -1,  -1) -0.1979   ( 6.577, -1.163, -2.014)  6.976 
J_iso: -0.1979 
----------------------------------------------------------------------------------------
   Fe1   Fe1   ( -1,   2,  -1) -0.1976   (-3.289,  5.814, -2.014)  6.976 
J_iso: -0.1976 
----------------------------------------------------------------------------------------
   Fe1   Fe1   (  1,  -2,   1) -0.1976   ( 3.289, -5.814,  2.014)  6.976 
J_iso: -0.1976 
----------------------------------------------------------------------------------------
   Fe1   Fe1   (  0,  -1,  -3) -0.1969   ( 3.289,  1.163, -6.042)  6.976 
J_iso: -0.1969 
----------------------------------------------------------------------------------------
   Fe1   Fe1   (  0,   1,   3) -0.1969   (-3.289, -1.163,  6.042)  6.976 
J_iso: -0.1969 
----------------------------------------------------------------------------------------
   Fe1   Fe1   ( -3,  -1,   0) -0.1969   (-6.577, -2.325,  0.000)  6.976 
J_iso: -0.1969 
----------------------------------------------------------------------------------------
   Fe1   Fe1   ( -3,   0,  -1) -0.1998   (-6.577,  1.163, -2.014)  6.976 
J_iso: -0.1998 
----------------------------------------------------------------------------------------
   Fe1   Fe1   ( -1,   0,  -3) -0.1978   (-0.000,  3.488, -6.042)  6.976 
J_iso: -0.1978 
----------------------------------------------------------------------------------------
   Fe1   Fe1   (  0,  -3,  -1) -0.1996   ( 3.289, -5.814, -2.014)  6.976 
J_iso: -0.1996 
----------------------------------------------------------------------------------------
   Fe1   Fe1   (  0,   3,   1) -0.1996   (-3.289,  5.814,  2.014)  6.976 
J_iso: -0.1996 
----------------------------------------------------------------------------------------
   Fe1   Fe1   (  1,   0,   3) -0.1978   ( 0.000, -3.488,  6.042)  6.976 
J_iso: -0.1978 
----------------------------------------------------------------------------------------
   Fe1   Fe1   (  3,   0,   1) -0.1998   ( 6.577, -1.163,  2.014)  6.976 
J_iso: -0.1998 
----------------------------------------------------------------------------------------
   Fe1   Fe1   (  3,   1,   0) -0.1969   ( 6.577,  2.325,  0.000)  6.976 
J_iso: -0.1969 
----------------------------------------------------------------------------------------
   Fe1   Fe1   ( -1,  -3,   0) -0.1979   (-0.000, -6.976,  0.000)  6.976 
J_iso: -0.1979 
----------------------------------------------------------------------------------------
   Fe1   Fe1   (  1,   3,   0) -0.1979   ( 0.000,  6.976,  0.000)  6.976 
J_iso: -0.1979 
----------------------------------------------------------------------------------------
   Fe1   Fe1   ( -3,  -2,  -3) -0.1984   (-3.289, -1.163, -6.042)  6.976 
J_iso: -0.1984 
----------------------------------------------------------------------------------------
   Fe1   Fe1   (  3,   2,   3) -0.1984   ( 3.289,  1.163,  6.042)  6.976 
J_iso: -0.1984 
----------------------------------------------------------------------------------------
   Fe1   Fe1   ( -3,  -3,  -2) -0.1983   (-3.289, -4.651, -4.028)  6.976 
J_iso: -0.1983 
----------------------------------------------------------------------------------------
   Fe1   Fe1   ( -2,  -3,  -3) -0.1983   (-0.000, -3.488, -6.042)  6.976 
J_iso: -0.1983 
----------------------------------------------------------------------------------------
   Fe1   Fe1   (  2,   3,   3) -0.1983   ( 0.000,  3.488,  6.042)  6.976 
J_iso: -0.1983 
----------------------------------------------------------------------------------------
   Fe1   Fe1   (  3,   3,   2) -0.1983   ( 3.289,  4.651,  4.028)  6.976 
J_iso: -0.1983 
----------------------------------------------------------------------------------------
   Fe1   Fe1   (  0,   0,  -3)  2.2045   ( 2.467,  3.488, -6.042)  7.400 
J_iso:  2.2045 
----------------------------------------------------------------------------------------
   Fe1   Fe1   (  0,   0,   3)  2.2045   (-2.467, -3.488,  6.042)  7.400 
J_iso:  2.2045 
----------------------------------------------------------------------------------------
   Fe1   Fe1   ( -3,   0,   0)  2.2050   (-7.400,  0.000,  0.000)  7.400 
J_iso:  2.2050 
----------------------------------------------------------------------------------------
   Fe1   Fe1   ( -2,   1,  -2) -0.4147   (-4.111,  4.651, -4.028)  7.400 
J_iso: -0.4147 
----------------------------------------------------------------------------------------
   Fe1   Fe1   ( -1,   2,   2) -0.4142   (-5.755,  2.325,  4.028)  7.400 
J_iso: -0.4142 
----------------------------------------------------------------------------------------
   Fe1   Fe1   (  1,  -2,  -2) -0.4142   ( 5.755, -2.325, -4.028)  7.400 
J_iso: -0.4142 
----------------------------------------------------------------------------------------
   Fe1   Fe1   (  2,  -1,   2) -0.4147   ( 4.111, -4.651,  4.028)  7.400 
J_iso: -0.4147 
----------------------------------------------------------------------------------------
   Fe1   Fe1   (  3,   0,   0)  2.2050   ( 7.400,  0.000,  0.000)  7.400 
J_iso:  2.2050 
----------------------------------------------------------------------------------------
   Fe1   Fe1   ( -2,  -2,   1) -0.4135   (-4.111, -5.814,  2.014)  7.400 
J_iso: -0.4135 
----------------------------------------------------------------------------------------
   Fe1   Fe1   (  0,  -3,   0)  2.2048   ( 2.467, -6.976,  0.000)  7.400 
J_iso:  2.2048 
----------------------------------------------------------------------------------------
   Fe1   Fe1   (  0,   3,   0)  2.2048   (-2.467,  6.976,  0.000)  7.400 
J_iso:  2.2048 
----------------------------------------------------------------------------------------
   Fe1   Fe1   (  2,   2,  -1) -0.4135   ( 4.111,  5.814, -2.014)  7.400 
J_iso: -0.4135 
----------------------------------------------------------------------------------------
   Fe1   Fe1   (  0,  -2,  -3) -0.4147   ( 4.111, -1.163, -6.042)  7.400 
J_iso: -0.4147 
----------------------------------------------------------------------------------------
   Fe1   Fe1   (  0,   2,   3) -0.4147   (-4.111,  1.163,  6.042)  7.400 
J_iso: -0.4147 
----------------------------------------------------------------------------------------
   Fe1   Fe1   ( -3,   0,  -2) -0.4145   (-5.755,  2.325, -4.028)  7.400 
J_iso: -0.4145 
----------------------------------------------------------------------------------------
   Fe1   Fe1   ( -2,   0,  -3) -0.4145   (-2.467,  3.488, -6.042)  7.400 
J_iso: -0.4145 
----------------------------------------------------------------------------------------
   Fe1   Fe1   (  0,  -3,  -2) -0.4146   ( 4.111, -4.651, -4.028)  7.400 
J_iso: -0.4146 
----------------------------------------------------------------------------------------
   Fe1   Fe1   (  0,   3,   2) -0.4146   (-4.111,  4.651,  4.028)  7.400 
J_iso: -0.4146 
----------------------------------------------------------------------------------------
   Fe1   Fe1   (  2,   0,   3) -0.4145   ( 2.467, -3.488,  6.042)  7.400 
J_iso: -0.4145 
----------------------------------------------------------------------------------------
   Fe1   Fe1   (  3,   0,   2) -0.4145   ( 5.755, -2.325,  4.028)  7.400 
J_iso: -0.4145 
----------------------------------------------------------------------------------------
   Fe1   Fe1   ( -3,  -2,   0) -0.4147   (-5.755, -4.651,  0.000)  7.400 
J_iso: -0.4147 
----------------------------------------------------------------------------------------
   Fe1   Fe1   ( -2,  -3,   0) -0.4145   (-2.467, -6.976,  0.000)  7.400 
J_iso: -0.4145 
----------------------------------------------------------------------------------------
   Fe1   Fe1   (  2,   3,   0) -0.4145   ( 2.467,  6.976,  0.000)  7.400 
J_iso: -0.4145 
----------------------------------------------------------------------------------------
   Fe1   Fe1   (  3,   2,   0) -0.4147   ( 5.755,  4.651,  0.000)  7.400 
J_iso: -0.4147 
----------------------------------------------------------------------------------------
   Fe1   Fe1   ( -3,  -3,  -1) -0.4151   (-4.111, -5.814, -2.014)  7.400 
J_iso: -0.4151 
----------------------------------------------------------------------------------------
   Fe1   Fe1   ( -3,  -1,  -3) -0.4133   (-4.111,  1.163, -6.042)  7.400 
J_iso: -0.4133 
----------------------------------------------------------------------------------------
   Fe1   Fe1   ( -1,  -3,  -3) -0.4138   ( 2.467, -3.488, -6.042)  7.400 
J_iso: -0.4138 
----------------------------------------------------------------------------------------
   Fe1   Fe1   (  1,   3,   3) -0.4138   (-2.467,  3.488,  6.042)  7.400 
J_iso: -0.4138 
----------------------------------------------------------------------------------------
   Fe1   Fe1   (  3,   1,   3) -0.4133   ( 4.111, -1.163,  6.042)  7.400 
J_iso: -0.4133 
----------------------------------------------------------------------------------------
   Fe1   Fe1   (  3,   3,   1) -0.4151   ( 4.111,  5.814,  2.014)  7.400 
J_iso: -0.4151 
----------------------------------------------------------------------------------------
   Fe1   Fe1   ( -3,  -3,  -3)  2.1990   (-2.467, -3.488, -6.042)  7.400 
J_iso:  2.1990 
----------------------------------------------------------------------------------------
   Fe1   Fe1   (  3,   3,   3)  2.1990   ( 2.467,  3.488,  6.042)  7.400 
J_iso:  2.1990 
----------------------------------------------------------------------------------------
   Fe1   Fe1   ( -2,   0,   2)  0.8980   (-6.577, -2.325,  4.028)  8.056 
J_iso:  0.8980 
----------------------------------------------------------------------------------------
   Fe1   Fe1   ( -2,   2,   0)  0.8991   (-6.577,  4.651,  0.000)  8.056 
J_iso:  0.8991 
----------------------------------------------------------------------------------------
   Fe1   Fe1   (  0,  -2,   2)  0.8983   ( 0.000, -6.976,  4.028)  8.056 
J_iso:  0.8983 
----------------------------------------------------------------------------------------
   Fe1   Fe1   (  0,   2,  -2)  0.8983   ( 0.000,  6.976, -4.028)  8.056 
J_iso:  0.8983 
----------------------------------------------------------------------------------------
   Fe1   Fe1   (  2,  -2,   0)  0.8991   ( 6.577, -4.651,  0.000)  8.056 
J_iso:  0.8991 
----------------------------------------------------------------------------------------
   Fe1   Fe1   (  2,   0,  -2)  0.8980   ( 6.577,  2.325, -4.028)  8.056 
J_iso:  0.8980 
----------------------------------------------------------------------------------------
   Fe1   Fe1   ( -2,  -1,   2) -0.0567   (-5.755, -4.651,  4.028)  8.425 
J_iso: -0.0567 
----------------------------------------------------------------------------------------
   Fe1   Fe1   ( -2,   1,   2) -0.0571   (-7.400,  0.000,  4.028)  8.425 
J_iso: -0.0571 
----------------------------------------------------------------------------------------
   Fe1   Fe1   ( -2,   2,  -1) -0.0561   (-5.755,  5.814, -2.014)  8.425 
J_iso: -0.0561 
----------------------------------------------------------------------------------------
   Fe1   Fe1   ( -2,   2,   1) -0.0559   (-7.400,  3.488,  2.014)  8.425 
J_iso: -0.0559 
----------------------------------------------------------------------------------------
   Fe1   Fe1   ( -1,  -2,   2) -0.0563   (-2.467, -6.976,  4.028)  8.425 
J_iso: -0.0563 
----------------------------------------------------------------------------------------
   Fe1   Fe1   ( -1,   2,  -2) -0.0570   (-2.467,  6.976, -4.028)  8.425 
J_iso: -0.0570 
----------------------------------------------------------------------------------------
   Fe1   Fe1   (  1,  -2,   2) -0.0570   ( 2.467, -6.976,  4.028)  8.425 
J_iso: -0.0570 
----------------------------------------------------------------------------------------
   Fe1   Fe1   (  1,   2,  -2) -0.0563   ( 2.467,  6.976, -4.028)  8.425 
J_iso: -0.0563 
----------------------------------------------------------------------------------------
   Fe1   Fe1   (  2,  -2,  -1) -0.0559   ( 7.400, -3.488, -2.014)  8.425 
J_iso: -0.0559 
----------------------------------------------------------------------------------------
   Fe1   Fe1   (  2,  -2,   1) -0.0561   ( 5.755, -5.814,  2.014)  8.425 
J_iso: -0.0561 
----------------------------------------------------------------------------------------
   Fe1   Fe1   (  2,  -1,  -2) -0.0571   ( 7.400, -0.000, -4.028)  8.425 
J_iso: -0.0571 
----------------------------------------------------------------------------------------
   Fe1   Fe1   (  2,   1,  -2) -0.0567   ( 5.755,  4.651, -4.028)  8.425 
J_iso: -0.0567 
----------------------------------------------------------------------------------------
   Fe1   Fe1   ( -3,  -1,   1) -0.0552   (-7.400, -3.488,  2.014)  8.425 
J_iso: -0.0552 
----------------------------------------------------------------------------------------
   Fe1   Fe1   ( -1,  -3,   1) -0.0555   (-0.822, -8.139,  2.014)  8.425 
J_iso: -0.0555 
----------------------------------------------------------------------------------------
   Fe1   Fe1   ( -1,   1,  -3) -0.0570   (-0.822,  5.814, -6.042)  8.425 
J_iso: -0.0570 
----------------------------------------------------------------------------------------
   Fe1   Fe1   ( -1,   1,   3) -0.0559   (-5.755, -1.163,  6.042)  8.425 
J_iso: -0.0559 
----------------------------------------------------------------------------------------
   Fe1   Fe1   (  1,  -1,  -3) -0.0559   ( 5.755,  1.163, -6.042)  8.425 
J_iso: -0.0559 
----------------------------------------------------------------------------------------
   Fe1   Fe1   (  1,  -1,   3) -0.0570   ( 0.822, -5.814,  6.042)  8.425 
J_iso: -0.0570 
----------------------------------------------------------------------------------------
   Fe1   Fe1   (  1,   3,  -1) -0.0555   ( 0.822,  8.139, -2.014)  8.425 
J_iso: -0.0555 
----------------------------------------------------------------------------------------
   Fe1   Fe1   (  3,   1,  -1) -0.0552   ( 7.400,  3.488, -2.014)  8.425 
J_iso: -0.0552 
----------------------------------------------------------------------------------------
   Fe1   Fe1   ( -3,   1,  -1) -0.0575   (-7.400,  3.488, -2.014)  8.425 
J_iso: -0.0575 
----------------------------------------------------------------------------------------
   Fe1   Fe1   ( -1,   3,   1) -0.0568   (-5.755,  5.814,  2.014)  8.425 
J_iso: -0.0568 
----------------------------------------------------------------------------------------
   Fe1   Fe1   (  1,  -3,  -1) -0.0568   ( 5.755, -5.814, -2.014)  8.425 
J_iso: -0.0568 
----------------------------------------------------------------------------------------
   Fe1   Fe1   (  3,  -1,   1) -0.0575   ( 7.400, -3.488,  2.014)  8.425 
J_iso: -0.0575 
----------------------------------------------------------------------------------------
   Fe1   Fe1   ( -3,   0,   1) -0.0990   (-8.222, -1.163,  2.014)  8.544 
J_iso: -0.0990 
----------------------------------------------------------------------------------------
   Fe1   Fe1   ( -1,   0,   3) -0.0991   (-4.933, -3.488,  6.042)  8.544 
J_iso: -0.0991 
----------------------------------------------------------------------------------------
   Fe1   Fe1   (  0,  -3,   1) -0.0993   ( 1.644, -8.139,  2.014)  8.544 
J_iso: -0.0993 
----------------------------------------------------------------------------------------
   Fe1   Fe1   (  0,  -1,   3) -0.0990   (-1.644, -5.814,  6.042)  8.544 
J_iso: -0.0990 
----------------------------------------------------------------------------------------
   Fe1   Fe1   (  0,   1,  -3) -0.0990   ( 1.644,  5.814, -6.042)  8.544 
J_iso: -0.0990 
----------------------------------------------------------------------------------------
   Fe1   Fe1   (  0,   3,  -1) -0.0993   (-1.644,  8.139, -2.014)  8.544 
J_iso: -0.0993 
----------------------------------------------------------------------------------------
   Fe1   Fe1   (  1,   0,  -3) -0.0991   ( 4.933,  3.488, -6.042)  8.544 
J_iso: -0.0991 
----------------------------------------------------------------------------------------
   Fe1   Fe1   (  3,   0,  -1) -0.0990   ( 8.222,  1.163, -2.014)  8.544 
J_iso: -0.0990 
----------------------------------------------------------------------------------------
   Fe1   Fe1   ( -3,   1,   0) -0.0987   (-8.222,  2.325,  0.000)  8.544 
J_iso: -0.0987 
----------------------------------------------------------------------------------------
   Fe1   Fe1   ( -1,   3,   0) -0.0992   (-4.933,  6.976,  0.000)  8.544 
J_iso: -0.0992 
----------------------------------------------------------------------------------------
   Fe1   Fe1   (  1,  -3,   0) -0.0992   ( 4.933, -6.976,  0.000)  8.544 
J_iso: -0.0992 
----------------------------------------------------------------------------------------
   Fe1   Fe1   (  3,  -1,   0) -0.0987   ( 8.222, -2.325,  0.000)  8.544 
J_iso: -0.0987 
----------------------------------------------------------------------------------------
   Fe1   Fe1   ( -3,  -3,   0) -0.1279   (-4.933, -6.976,  0.000)  8.544 
J_iso: -0.1279 
----------------------------------------------------------------------------------------
   Fe1   Fe1   ( -3,   0,  -3) -0.1271   (-4.933,  3.488, -6.042)  8.544 
J_iso: -0.1271 
----------------------------------------------------------------------------------------
   Fe1   Fe1   (  0,  -3,  -3) -0.1273   ( 4.933, -3.488, -6.042)  8.544 
J_iso: -0.1273 
----------------------------------------------------------------------------------------
   Fe1   Fe1   (  0,   3,   3) -0.1273   (-4.933,  3.488,  6.042)  8.544 
J_iso: -0.1273 
----------------------------------------------------------------------------------------
   Fe1   Fe1   (  3,   0,   3) -0.1271   ( 4.933, -3.488,  6.042)  8.544 
J_iso: -0.1271 
----------------------------------------------------------------------------------------
   Fe1   Fe1   (  3,   3,   0) -0.1279   ( 4.933,  6.976,  0.000)  8.544 
J_iso: -0.1279 
----------------------------------------------------------------------------------------
   Fe1   Fe1   ( -2,  -3,   1)  0.0130   (-3.289, -8.139,  2.014)  9.007 
J_iso:  0.0130 
----------------------------------------------------------------------------------------
   Fe1   Fe1   ( -2,   1,  -3)  0.0134   (-3.289,  5.814, -6.042)  9.007 
J_iso:  0.0134 
----------------------------------------------------------------------------------------
   Fe1   Fe1   ( -1,   2,   3)  0.0136   (-6.577,  1.163,  6.042)  9.007 
J_iso:  0.0136 
----------------------------------------------------------------------------------------
   Fe1   Fe1   (  1,  -2,  -3)  0.0136   ( 6.577, -1.163, -6.042)  9.007 
J_iso:  0.0136 
----------------------------------------------------------------------------------------
   Fe1   Fe1   (  2,  -1,   3)  0.0134   ( 3.289, -5.814,  6.042)  9.007 
J_iso:  0.0134 
----------------------------------------------------------------------------------------
   Fe1   Fe1   (  2,   3,  -1)  0.0130   ( 3.289,  8.139, -2.014)  9.007 
J_iso:  0.0130 
----------------------------------------------------------------------------------------
   Fe1   Fe1   ( -3,  -2,   1)  0.0134   (-6.577, -5.814,  2.014)  9.007 
J_iso:  0.0134 
----------------------------------------------------------------------------------------
   Fe1   Fe1   ( -3,   1,  -2)  0.0126   (-6.577,  4.651, -4.028)  9.007 
J_iso:  0.0126 
----------------------------------------------------------------------------------------
   Fe1   Fe1   ( -1,   3,   2)  0.0124   (-6.577,  4.651,  4.028)  9.007 
J_iso:  0.0124 
----------------------------------------------------------------------------------------
   Fe1   Fe1   (  1,  -3,  -2)  0.0124   ( 6.577, -4.651, -4.028)  9.007 
J_iso:  0.0124 
----------------------------------------------------------------------------------------
   Fe1   Fe1   (  3,  -1,   2)  0.0126   ( 6.577, -4.651,  4.028)  9.007 
J_iso:  0.0126 
----------------------------------------------------------------------------------------
   Fe1   Fe1   (  3,   2,  -1)  0.0134   ( 6.577,  5.814, -2.014)  9.007 
J_iso:  0.0134 
----------------------------------------------------------------------------------------
   Fe1   Fe1   ( -3,   1,   1) -0.0972   (-9.044,  1.163,  2.014)  9.338 
J_iso: -0.0972 
----------------------------------------------------------------------------------------
   Fe1   Fe1   ( -1,  -1,   3) -0.0982   (-4.111, -5.814,  6.042)  9.338 
J_iso: -0.0982 
----------------------------------------------------------------------------------------
   Fe1   Fe1   ( -1,   3,  -1) -0.0968   (-4.111,  8.139, -2.014)  9.338 
J_iso: -0.0968 
----------------------------------------------------------------------------------------
   Fe1   Fe1   (  1,  -3,   1) -0.0968   ( 4.111, -8.139,  2.014)  9.338 
J_iso: -0.0968 
----------------------------------------------------------------------------------------
   Fe1   Fe1   (  1,   1,  -3) -0.0982   ( 4.111,  5.814, -6.042)  9.338 
J_iso: -0.0982 
----------------------------------------------------------------------------------------
   Fe1   Fe1   (  3,  -1,  -1) -0.0972   ( 9.044, -1.163, -2.014)  9.338 
J_iso: -0.0972 
----------------------------------------------------------------------------------------
   Fe1   Fe1   ( -2,  -2,   2)  0.7210   (-4.933, -6.976,  4.028)  9.446 
J_iso:  0.7210 
----------------------------------------------------------------------------------------
   Fe1   Fe1   ( -2,   2,  -2)  0.7206   (-4.933,  6.976, -4.028)  9.446 
J_iso:  0.7206 
----------------------------------------------------------------------------------------
   Fe1   Fe1   ( -2,   2,   2)  0.7208   (-8.222,  2.325,  4.028)  9.446 
J_iso:  0.7208 
----------------------------------------------------------------------------------------
   Fe1   Fe1   (  2,  -2,  -2)  0.7208   ( 8.222, -2.325, -4.028)  9.446 
J_iso:  0.7208 
----------------------------------------------------------------------------------------
   Fe1   Fe1   (  2,  -2,   2)  0.7206   ( 4.933, -6.976,  4.028)  9.446 
J_iso:  0.7206 
----------------------------------------------------------------------------------------
   Fe1   Fe1   (  2,   2,  -2)  0.7210   ( 4.933,  6.976, -4.028)  9.446 
J_iso:  0.7210 
----------------------------------------------------------------------------------------
   Fe1   Fe1   ( -3,   0,   2)  0.7216   (-9.044, -2.325,  4.028) 10.170 
J_iso:  0.7216 
----------------------------------------------------------------------------------------
   Fe1   Fe1   ( -3,   2,   0)  0.7210   (-9.044,  4.651,  0.000) 10.170 
J_iso:  0.7210 
----------------------------------------------------------------------------------------
   Fe1   Fe1   ( -2,   0,   3)  0.7216   (-7.400, -3.488,  6.042) 10.170 
J_iso:  0.7216 
----------------------------------------------------------------------------------------
   Fe1   Fe1   ( -2,   3,   0)  0.7209   (-7.400,  6.976,  0.000) 10.170 
J_iso:  0.7209 
----------------------------------------------------------------------------------------
   Fe1   Fe1   (  0,  -3,   2)  0.7215   ( 0.822, -9.302,  4.028) 10.170 
J_iso:  0.7215 
----------------------------------------------------------------------------------------
   Fe1   Fe1   (  0,  -2,   3)  0.7216   (-0.822, -8.139,  6.042) 10.170 
J_iso:  0.7216 
----------------------------------------------------------------------------------------
   Fe1   Fe1   (  0,   2,  -3)  0.7216   ( 0.822,  8.139, -6.042) 10.170 
J_iso:  0.7216 
----------------------------------------------------------------------------------------
   Fe1   Fe1   (  0,   3,  -2)  0.7215   (-0.822,  9.302, -4.028) 10.170 
J_iso:  0.7215 
----------------------------------------------------------------------------------------
   Fe1   Fe1   (  2,  -3,   0)  0.7209   ( 7.400, -6.976,  0.000) 10.170 
J_iso:  0.7209 
----------------------------------------------------------------------------------------
   Fe1   Fe1   (  2,   0,  -3)  0.7216   ( 7.400,  3.488, -6.042) 10.170 
J_iso:  0.7216 
----------------------------------------------------------------------------------------
   Fe1   Fe1   (  3,  -2,   0)  0.7210   ( 9.044, -4.651,  0.000) 10.170 
J_iso:  0.7210 
----------------------------------------------------------------------------------------
   Fe1   Fe1   (  3,   0,  -2)  0.7216   ( 9.044,  2.325, -4.028) 10.170 
J_iso:  0.7216 
----------------------------------------------------------------------------------------
   Fe1   Fe1   ( -1,   3,   3)  0.0934   (-7.400,  3.488,  6.042) 10.170 
J_iso:  0.0934 
----------------------------------------------------------------------------------------
   Fe1   Fe1   (  1,  -3,  -3)  0.0934   ( 7.400, -3.488, -6.042) 10.170 
J_iso:  0.0934 
----------------------------------------------------------------------------------------
   Fe1   Fe1   ( -3,  -3,   1)  0.0934   (-5.755, -8.139,  2.014) 10.170 
J_iso:  0.0934 
----------------------------------------------------------------------------------------
   Fe1   Fe1   ( -3,   1,  -3)  0.0933   (-5.755,  5.814, -6.042) 10.170 
J_iso:  0.0933 
----------------------------------------------------------------------------------------
   Fe1   Fe1   (  3,  -1,   3)  0.0933   ( 5.755, -5.814,  6.042) 10.170 
J_iso:  0.0933 
----------------------------------------------------------------------------------------
   Fe1   Fe1   (  3,   3,  -1)  0.0934   ( 5.755,  8.139, -2.014) 10.170 
J_iso:  0.0934 
----------------------------------------------------------------------------------------
   Fe1   Fe1   ( -3,  -1,   2)  0.1832   (-8.222, -4.651,  4.028) 10.269 
J_iso:  0.1832 
----------------------------------------------------------------------------------------
   Fe1   Fe1   ( -3,   2,  -1)  0.1833   (-8.222,  5.814, -2.014) 10.269 
J_iso:  0.1833 
----------------------------------------------------------------------------------------
   Fe1   Fe1   ( -2,   1,   3)  0.1832   (-8.222, -1.163,  6.042) 10.269 
J_iso:  0.1832 
----------------------------------------------------------------------------------------
   Fe1   Fe1   ( -2,   3,   1)  0.1833   (-8.222,  5.814,  2.014) 10.269 
J_iso:  0.1833 
----------------------------------------------------------------------------------------
   Fe1   Fe1   ( -1,  -3,   2)  0.1834   (-1.644, -9.302,  4.028) 10.269 
J_iso:  0.1834 
----------------------------------------------------------------------------------------
   Fe1   Fe1   ( -1,   2,  -3)  0.1832   (-1.644,  8.139, -6.042) 10.269 
J_iso:  0.1832 
----------------------------------------------------------------------------------------
   Fe1   Fe1   (  1,  -2,   3)  0.1832   ( 1.644, -8.139,  6.042) 10.269 
J_iso:  0.1832 
----------------------------------------------------------------------------------------
   Fe1   Fe1   (  1,   3,  -2)  0.1834   ( 1.644,  9.302, -4.028) 10.269 
J_iso:  0.1834 
----------------------------------------------------------------------------------------
   Fe1   Fe1   (  2,  -3,  -1)  0.1833   ( 8.222, -5.814, -2.014) 10.269 
J_iso:  0.1833 
----------------------------------------------------------------------------------------
   Fe1   Fe1   (  2,  -1,  -3)  0.1832   ( 8.222,  1.163, -6.042) 10.269 
J_iso:  0.1832 
----------------------------------------------------------------------------------------
   Fe1   Fe1   (  3,  -2,   1)  0.1833   ( 8.222, -5.814,  2.014) 10.269 
J_iso:  0.1833 
----------------------------------------------------------------------------------------
   Fe1   Fe1   (  3,   1,  -2)  0.1832   ( 8.222,  4.651, -4.028) 10.269 
J_iso:  0.1832 
----------------------------------------------------------------------------------------
   Fe1   Fe1   ( -3,   2,   1) -0.0567   (-9.866,  3.488,  2.014) 10.657 
J_iso: -0.0567 
----------------------------------------------------------------------------------------
   Fe1   Fe1   (  3,  -2,  -1) -0.0567   ( 9.866, -3.488, -2.014) 10.657 
J_iso: -0.0567 
----------------------------------------------------------------------------------------
   Fe1   Fe1   ( -3,   1,   2) -0.0558   (-9.866,  0.000,  4.028) 10.657 
J_iso: -0.0558 
----------------------------------------------------------------------------------------
   Fe1   Fe1   ( -2,  -1,   3) -0.0562   (-6.577, -5.814,  6.042) 10.657 
J_iso: -0.0562 
----------------------------------------------------------------------------------------
   Fe1   Fe1   ( -2,   3,  -1) -0.0564   (-6.577,  8.139, -2.014) 10.657 
J_iso: -0.0564 
----------------------------------------------------------------------------------------
   Fe1   Fe1   ( -1,  -2,   3) -0.0566   (-3.289, -8.139,  6.042) 10.657 
J_iso: -0.0566 
----------------------------------------------------------------------------------------
   Fe1   Fe1   ( -1,   3,  -2) -0.0558   (-3.289,  9.302, -4.028) 10.657 
J_iso: -0.0558 
----------------------------------------------------------------------------------------
   Fe1   Fe1   (  1,  -3,   2) -0.0558   ( 3.289, -9.302,  4.028) 10.657 
J_iso: -0.0558 
----------------------------------------------------------------------------------------
   Fe1   Fe1   (  1,   2,  -3) -0.0566   ( 3.289,  8.139, -6.042) 10.657 
J_iso: -0.0566 
----------------------------------------------------------------------------------------
   Fe1   Fe1   (  2,  -3,   1) -0.0564   ( 6.577, -8.139,  2.014) 10.657 
J_iso: -0.0564 
----------------------------------------------------------------------------------------
   Fe1   Fe1   (  2,   1,  -3) -0.0562   ( 6.577,  5.814, -6.042) 10.657 
J_iso: -0.0562 
----------------------------------------------------------------------------------------
   Fe1   Fe1   (  3,  -1,  -2) -0.0558   ( 9.866, -0.000, -4.028) 10.657 
J_iso: -0.0558 
----------------------------------------------------------------------------------------
   Fe1   Fe1   ( -3,  -2,   2)  0.1830   (-7.400, -6.976,  4.028) 10.938 
J_iso:  0.1830 
----------------------------------------------------------------------------------------
   Fe1   Fe1   ( -3,   2,  -2)  0.1834   (-7.400,  6.976, -4.028) 10.938 
J_iso:  0.1834 
----------------------------------------------------------------------------------------
   Fe1   Fe1   ( -2,   2,  -3)  0.1835   (-4.111,  8.139, -6.042) 10.938 
J_iso:  0.1835 
----------------------------------------------------------------------------------------
   Fe1   Fe1   ( -2,   2,   3)  0.1833   (-9.044,  1.163,  6.042) 10.938 
J_iso:  0.1833 
----------------------------------------------------------------------------------------
   Fe1   Fe1   ( -2,   3,   2)  0.1831   (-9.044,  4.651,  4.028) 10.938 
J_iso:  0.1831 
----------------------------------------------------------------------------------------
   Fe1   Fe1   (  2,  -3,  -2)  0.1831   ( 9.044, -4.651, -4.028) 10.938 
J_iso:  0.1831 
----------------------------------------------------------------------------------------
   Fe1   Fe1   (  2,  -2,  -3)  0.1833   ( 9.044, -1.163, -6.042) 10.938 
J_iso:  0.1833 
----------------------------------------------------------------------------------------
   Fe1   Fe1   (  2,  -2,   3)  0.1835   ( 4.111, -8.139,  6.042) 10.938 
J_iso:  0.1835 
----------------------------------------------------------------------------------------
   Fe1   Fe1   (  3,  -2,   2)  0.1834   ( 7.400, -6.976,  4.028) 10.938 
J_iso:  0.1834 
----------------------------------------------------------------------------------------
   Fe1   Fe1   (  3,   2,  -2)  0.1830   ( 7.400,  6.976, -4.028) 10.938 
J_iso:  0.1830 
----------------------------------------------------------------------------------------
   Fe1   Fe1   ( -2,  -3,   2)  0.1830   (-4.111, -9.302,  4.028) 10.938 
J_iso:  0.1830 
----------------------------------------------------------------------------------------
   Fe1   Fe1   (  2,   3,  -2)  0.1830   ( 4.111,  9.302, -4.028) 10.938 
J_iso:  0.1830 
----------------------------------------------------------------------------------------
   Fe1   Fe1   ( -3,   2,   2)  0.8985   (-10.688,  2.325,  4.028) 11.656 
J_iso:  0.8985 
----------------------------------------------------------------------------------------
   Fe1   Fe1   (  3,  -2,  -2)  0.8985   (10.688, -2.325, -4.028) 11.656 
J_iso:  0.8985 
----------------------------------------------------------------------------------------
   Fe1   Fe1   ( -2,  -2,   3)  0.8986   (-5.755, -8.139,  6.042) 11.656 
J_iso:  0.8986 
----------------------------------------------------------------------------------------
   Fe1   Fe1   (  2,   2,  -3)  0.8986   ( 5.755,  8.139, -6.042) 11.656 
J_iso:  0.8986 
----------------------------------------------------------------------------------------
   Fe1   Fe1   ( -2,   3,  -2)  0.8986   (-5.755,  9.302, -4.028) 11.656 
J_iso:  0.8986 
----------------------------------------------------------------------------------------
   Fe1   Fe1   (  2,  -3,   2)  0.8986   ( 5.755, -9.302,  4.028) 11.656 
J_iso:  0.8986 
----------------------------------------------------------------------------------------
   Fe1   Fe1   ( -3,   0,   3)  0.0903   (-9.866, -3.488,  6.042) 12.084 
J_iso:  0.0903 
----------------------------------------------------------------------------------------
   Fe1   Fe1   ( -3,   3,   0)  0.0919   (-9.866,  6.976,  0.000) 12.084 
J_iso:  0.0919 
----------------------------------------------------------------------------------------
   Fe1   Fe1   (  0,  -3,   3)  0.0907   ( 0.000, -10.465,  6.042) 12.084 
J_iso:  0.0907 
----------------------------------------------------------------------------------------
   Fe1   Fe1   (  0,   3,  -3)  0.0907   ( 0.000, 10.465, -6.042) 12.084 
J_iso:  0.0907 
----------------------------------------------------------------------------------------
   Fe1   Fe1   (  3,  -3,   0)  0.0919   ( 9.866, -6.976,  0.000) 12.084 
J_iso:  0.0919 
----------------------------------------------------------------------------------------
   Fe1   Fe1   (  3,   0,  -3)  0.0903   ( 9.866,  3.488, -6.042) 12.084 
J_iso:  0.0903 
----------------------------------------------------------------------------------------
   Fe1   Fe1   ( -3,   2,  -3)  0.7194   (-6.577,  8.139, -6.042) 12.084 
J_iso:  0.7194 
----------------------------------------------------------------------------------------
   Fe1   Fe1   ( -2,   3,   3)  0.7194   (-9.866,  3.488,  6.042) 12.084 
J_iso:  0.7194 
----------------------------------------------------------------------------------------
   Fe1   Fe1   (  2,  -3,  -3)  0.7194   ( 9.866, -3.488, -6.042) 12.084 
J_iso:  0.7194 
----------------------------------------------------------------------------------------
   Fe1   Fe1   (  3,  -2,   3)  0.7194   ( 6.577, -8.139,  6.042) 12.084 
J_iso:  0.7194 
----------------------------------------------------------------------------------------
   Fe1   Fe1   ( -3,  -3,   2)  0.7196   (-6.577, -9.302,  4.028) 12.084 
J_iso:  0.7196 
----------------------------------------------------------------------------------------
   Fe1   Fe1   (  3,   3,  -2)  0.7196   ( 6.577,  9.302, -4.028) 12.084 
J_iso:  0.7196 
----------------------------------------------------------------------------------------
   Fe1   Fe1   ( -3,   3,   1)  0.0137   (-10.688,  5.814,  2.014) 12.333 
J_iso:  0.0137 
----------------------------------------------------------------------------------------
   Fe1   Fe1   (  3,  -3,  -1)  0.0137   (10.688, -5.814, -2.014) 12.333 
J_iso:  0.0137 
----------------------------------------------------------------------------------------
   Fe1   Fe1   ( -3,  -1,   3)  0.0140   (-9.044, -5.814,  6.042) 12.333 
J_iso:  0.0140 
----------------------------------------------------------------------------------------
   Fe1   Fe1   (  3,   1,  -3)  0.0140   ( 9.044,  5.814, -6.042) 12.333 
J_iso:  0.0140 
----------------------------------------------------------------------------------------
   Fe1   Fe1   ( -3,   1,   3)  0.0133   (-10.688, -1.163,  6.042) 12.333 
J_iso:  0.0133 
----------------------------------------------------------------------------------------
   Fe1   Fe1   ( -3,   3,  -1)  0.0135   (-9.044,  8.139, -2.014) 12.333 
J_iso:  0.0135 
----------------------------------------------------------------------------------------
   Fe1   Fe1   ( -1,  -3,   3)  0.0141   (-2.467, -10.465,  6.042) 12.333 
J_iso:  0.0141 
----------------------------------------------------------------------------------------
   Fe1   Fe1   ( -1,   3,  -3)  0.0131   (-2.467, 10.465, -6.042) 12.333 
J_iso:  0.0131 
----------------------------------------------------------------------------------------
   Fe1   Fe1   (  1,  -3,   3)  0.0131   ( 2.467, -10.465,  6.042) 12.333 
J_iso:  0.0131 
----------------------------------------------------------------------------------------
   Fe1   Fe1   (  1,   3,  -3)  0.0141   ( 2.467, 10.465, -6.042) 12.333 
J_iso:  0.0141 
----------------------------------------------------------------------------------------
   Fe1   Fe1   (  3,  -3,   1)  0.0135   ( 9.044, -8.139,  2.014) 12.333 
J_iso:  0.0135 
----------------------------------------------------------------------------------------
   Fe1   Fe1   (  3,  -1,  -3)  0.0133   (10.688,  1.163, -6.042) 12.333 
J_iso:  0.0133 
----------------------------------------------------------------------------------------
   Fe1   Fe1   ( -3,   3,   2) -0.0549   (-11.511,  4.651,  4.028) 13.052 
J_iso: -0.0549 
----------------------------------------------------------------------------------------
   Fe1   Fe1   (  3,  -3,  -2) -0.0549   (11.511, -4.651, -4.028) 13.052 
J_iso: -0.0549 
----------------------------------------------------------------------------------------
   Fe1   Fe1   ( -3,  -2,   3) -0.0549   (-8.222, -8.139,  6.042) 13.052 
J_iso: -0.0549 
----------------------------------------------------------------------------------------
   Fe1   Fe1   ( -3,   2,   3) -0.0549   (-11.511,  1.163,  6.042) 13.052 
J_iso: -0.0549 
----------------------------------------------------------------------------------------
   Fe1   Fe1   ( -3,   3,  -2) -0.0551   (-8.222,  9.302, -4.028) 13.052 
J_iso: -0.0551 
----------------------------------------------------------------------------------------
   Fe1   Fe1   ( -2,  -3,   3) -0.0548   (-4.933, -10.465,  6.042) 13.052 
J_iso: -0.0548 
----------------------------------------------------------------------------------------
   Fe1   Fe1   ( -2,   3,  -3) -0.0551   (-4.933, 10.465, -6.042) 13.052 
J_iso: -0.0551 
----------------------------------------------------------------------------------------
   Fe1   Fe1   (  2,  -3,   3) -0.0551   ( 4.933, -10.465,  6.042) 13.052 
J_iso: -0.0551 
----------------------------------------------------------------------------------------
   Fe1   Fe1   (  2,   3,  -3) -0.0548   ( 4.933, 10.465, -6.042) 13.052 
J_iso: -0.0548 
----------------------------------------------------------------------------------------
   Fe1   Fe1   (  3,  -3,   2) -0.0551   ( 8.222, -9.302,  4.028) 13.052 
J_iso: -0.0551 
----------------------------------------------------------------------------------------
   Fe1   Fe1   (  3,  -2,  -3) -0.0549   (11.511, -1.163, -6.042) 13.052 
J_iso: -0.0549 
----------------------------------------------------------------------------------------
   Fe1   Fe1   (  3,   2,  -3) -0.0549   ( 8.222,  8.139, -6.042) 13.052 
J_iso: -0.0549 
----------------------------------------------------------------------------------------
   Fe1   Fe1   ( -3,   3,  -3) -0.0963   (-7.400, 10.465, -6.042) 14.169 
J_iso: -0.0963 
----------------------------------------------------------------------------------------
   Fe1   Fe1   ( -3,   3,   3) -0.0966   (-12.333,  3.488,  6.042) 14.169 
J_iso: -0.0966 
----------------------------------------------------------------------------------------
   Fe1   Fe1   (  3,  -3,  -3) -0.0966   (12.333, -3.488, -6.042) 14.169 
J_iso: -0.0966 
----------------------------------------------------------------------------------------
   Fe1   Fe1   (  3,  -3,   3) -0.0963   ( 7.400, -10.465,  6.042) 14.169 
J_iso: -0.0963 
----------------------------------------------------------------------------------------
   Fe1   Fe1   ( -3,  -3,   3) -0.0966   (-7.400, -10.465,  6.042) 14.169 
J_iso: -0.0966 
----------------------------------------------------------------------------------------
   Fe1   Fe1   (  3,   3,  -3) -0.0966   ( 7.400, 10.465, -6.042) 14.169 
J_iso: -0.0966 
