==========================================================================================
Information: 
Exchange parameters generated by TB2J 0.7.0
Generation time: 21/11/11 18:31:48
 Input from non-collinear Siesta data.
 working directory: /home/hexu/projects/TB2J_tutor/CrI3_Siesta/DFT/z
 fdf_fname: siesta-z.fdf.
Warning: The DMI component parallel to the spin orientation, the Jani which has the component of that orientation should be disregarded
 e.g. if the spins are along z, the xz, yz, zz, zx, zy components and the z component of DMI.
 If you need these component, try to do three calculations with spin along x, y, z,  or use structure with z rotated to x, y and z. And then use TB2J_merge.py to get the full set of parameters.

Merged from TB2J results in paths: 
  x
  y
  z
, which are from DFT data with structure with z axis rotated to x, y, z

==========================================================================================
Cell (Angstrom):
-5.849   3.372   0.000
-5.849  -3.372  -0.000
-0.000   0.001  13.256

==========================================================================================
Atoms:  
(Note: charge and magmoms only count the wannier functions.)
Atom_number      x         y         z     w_charge    M(x)      M(y)      M(z)   
Cr1            -3.9026    0.0007    6.6281    5.6940   -0.0000    0.0000    3.3517
Cr2            -7.7953    0.0007    6.6281    5.6940   -0.0000    0.0000    3.3517
I1             -2.0276    1.1666    5.0719    5.0782    0.0018   -0.0015   -0.1145
I2             -7.8766    2.2073    8.1847    5.0782   -0.0022   -0.0008   -0.1145
I3             -5.8490    1.0412    5.0699    5.0784    0.0004    0.0023   -0.1134
I4             -5.8490   -1.0397    8.1864    5.0784    0.0004    0.0023   -0.1134
I5             -3.8214   -2.2059    5.0716    5.0782   -0.0022   -0.0008   -0.1145
I6             -9.6703   -1.1652    8.1844    5.0782    0.0018   -0.0015   -0.1145
Total                                        41.8575    0.0000    0.0001    6.0188

==========================================================================================
Exchange: 
    i      j          R        J_iso(meV)          vector          distance(A) 
----------------------------------------------------------------------------------------
   Cr1   Cr2   (  0,   0,   0)  1.5419   (-3.893, -0.000,  0.000)  3.893 
J_iso:  1.5419 
[Testing!] Jprime: 11.437,  B: -5.188
[Testing!] DMI: (-0.0000 -0.0000  0.0000)
[Testing!]J_ani:
[[-0.169  0.    -0.   ]
 [ 0.    -0.866 -0.207]
 [-0.    -0.207 -0.393]]
----------------------------------------------------------------------------------------
   Cr2   Cr1   (  0,   0,   0)  1.5419   ( 3.893,  0.000, -0.000)  3.893 
J_iso:  1.5419 
[Testing!] Jprime: 11.437,  B: -5.188
[Testing!] DMI: ( 0.0000  0.0000 -0.0000)
[Testing!]J_ani:
[[-0.169  0.    -0.   ]
 [ 0.    -0.866 -0.207]
 [-0.    -0.207 -0.393]]
----------------------------------------------------------------------------------------
   Cr1   Cr2   (  0,  -1,   0)  1.6589   ( 1.956,  3.372,  0.000)  3.899 
J_iso:  1.6589 
[Testing!] Jprime: 11.677,  B: -5.249
[Testing!] DMI: (-0.0000  0.0000  0.0000)
[Testing!]J_ani:
[[-0.693  0.193  0.179]
 [ 0.193 -0.342  0.104]
 [ 0.179  0.104 -0.394]]
----------------------------------------------------------------------------------------
   Cr2   Cr1   (  0,   1,   0)  1.6589   (-1.956, -3.372, -0.000)  3.899 
J_iso:  1.6589 
[Testing!] Jprime: 11.677,  B: -5.249
[Testing!] DMI: ( 0.0000 -0.0000 -0.0000)
[Testing!]J_ani:
[[-0.693  0.193  0.179]
 [ 0.193 -0.342  0.104]
 [ 0.179  0.104 -0.394]]
----------------------------------------------------------------------------------------
   Cr1   Cr2   ( -1,   0,   0)  1.6589   ( 1.956, -3.372, -0.000)  3.899 
J_iso:  1.6589 
[Testing!] Jprime: 11.677,  B: -5.249
[Testing!] DMI: ( 0.0000  0.0000  0.0000)
[Testing!]J_ani:
[[-0.693 -0.193 -0.179]
 [-0.193 -0.342  0.104]
 [-0.179  0.104 -0.394]]
----------------------------------------------------------------------------------------
   Cr2   Cr1   (  1,   0,   0)  1.6589   (-1.956,  3.372,  0.000)  3.899 
J_iso:  1.6589 
[Testing!] Jprime: 11.677,  B: -5.249
[Testing!] DMI: (-0.0000 -0.0000 -0.0000)
[Testing!]J_ani:
[[-0.693 -0.193 -0.179]
 [-0.193 -0.342  0.104]
 [-0.179  0.104 -0.394]]
----------------------------------------------------------------------------------------
   Cr1   Cr1   ( -1,   1,   0)  0.8668   (-0.000, -6.745, -0.001)  6.745 
J_iso:  0.8668 
[Testing!] Jprime: 3.320,  B: -1.266
[Testing!] DMI: (-0.0000 -0.0336 -0.0196)
[Testing!]J_ani:
[[-0.036  0.     0.   ]
 [ 0.    -0.124 -0.02 ]
 [ 0.    -0.02  -0.122]]
----------------------------------------------------------------------------------------
   Cr2   Cr2   ( -1,   1,   0)  0.8668   (-0.000, -6.745, -0.001)  6.745 
J_iso:  0.8668 
[Testing!] Jprime: 3.320,  B: -1.266
[Testing!] DMI: (-0.0000  0.0336  0.0196)
[Testing!]J_ani:
[[-0.036 -0.    -0.   ]
 [-0.    -0.124 -0.02 ]
 [-0.    -0.02  -0.122]]
----------------------------------------------------------------------------------------
   Cr1   Cr1   (  1,  -1,   0)  0.8668   ( 0.000,  6.745,  0.001)  6.745 
J_iso:  0.8668 
[Testing!] Jprime: 3.320,  B: -1.266
[Testing!] DMI: ( 0.0000  0.0336  0.0196)
[Testing!]J_ani:
[[-0.036  0.     0.   ]
 [ 0.    -0.124 -0.02 ]
 [ 0.    -0.02  -0.122]]
----------------------------------------------------------------------------------------
   Cr2   Cr2   (  1,  -1,   0)  0.8668   ( 0.000,  6.745,  0.001)  6.745 
J_iso:  0.8668 
[Testing!] Jprime: 3.320,  B: -1.266
[Testing!] DMI: ( 0.0000 -0.0336 -0.0196)
[Testing!]J_ani:
[[-0.036 -0.    -0.   ]
 [-0.    -0.124 -0.02 ]
 [-0.    -0.02  -0.122]]
----------------------------------------------------------------------------------------
   Cr1   Cr1   ( -1,   0,   0)  0.8548   ( 5.849, -3.372, -0.000)  6.752 
J_iso:  0.8548 
[Testing!] Jprime: 3.274,  B: -1.249
[Testing!] DMI: ( 0.0280 -0.0157  0.0199)
[Testing!]J_ani:
[[-0.101  0.023  0.017]
 [ 0.023 -0.058  0.009]
 [ 0.017  0.009 -0.122]]
----------------------------------------------------------------------------------------
   Cr2   Cr2   ( -1,   0,   0)  0.8548   ( 5.849, -3.372, -0.000)  6.752 
J_iso:  0.8548 
[Testing!] Jprime: 3.274,  B: -1.249
[Testing!] DMI: (-0.0280  0.0157 -0.0199)
[Testing!]J_ani:
[[-0.101  0.023  0.017]
 [ 0.023 -0.058  0.009]
 [ 0.017  0.009 -0.122]]
----------------------------------------------------------------------------------------
   Cr1   Cr1   (  1,   0,   0)  0.8548   (-5.849,  3.372,  0.000)  6.752 
J_iso:  0.8548 
[Testing!] Jprime: 3.274,  B: -1.249
[Testing!] DMI: (-0.0280  0.0157 -0.0199)
[Testing!]J_ani:
[[-0.101  0.023  0.017]
 [ 0.023 -0.058  0.009]
 [ 0.017  0.009 -0.122]]
----------------------------------------------------------------------------------------
   Cr2   Cr2   (  1,   0,   0)  0.8548   (-5.849,  3.372,  0.000)  6.752 
J_iso:  0.8548 
[Testing!] Jprime: 3.274,  B: -1.249
[Testing!] DMI: ( 0.0280 -0.0157  0.0199)
[Testing!]J_ani:
[[-0.101  0.023  0.017]
 [ 0.023 -0.058  0.009]
 [ 0.017  0.009 -0.122]]
----------------------------------------------------------------------------------------
   Cr1   Cr1   (  0,   1,   0)  0.8548   (-5.849, -3.372, -0.000)  6.752 
J_iso:  0.8548 
[Testing!] Jprime: 3.274,  B: -1.249
[Testing!] DMI: (-0.0280 -0.0157  0.0199)
[Testing!]J_ani:
[[-0.101 -0.023 -0.017]
 [-0.023 -0.058  0.009]
 [-0.017  0.009 -0.122]]
----------------------------------------------------------------------------------------
   Cr1   Cr1   (  0,  -1,   0)  0.8548   ( 5.849,  3.372,  0.000)  6.752 
J_iso:  0.8548 
[Testing!] Jprime: 3.274,  B: -1.249
[Testing!] DMI: ( 0.0280  0.0157 -0.0199)
[Testing!]J_ani:
[[-0.101 -0.023 -0.017]
 [-0.023 -0.058  0.009]
 [-0.017  0.009 -0.122]]
----------------------------------------------------------------------------------------
   Cr2   Cr2   (  0,  -1,   0)  0.8548   ( 5.849,  3.372,  0.000)  6.752 
J_iso:  0.8548 
[Testing!] Jprime: 3.274,  B: -1.249
[Testing!] DMI: (-0.0280 -0.0157  0.0199)
[Testing!]J_ani:
[[-0.101 -0.023 -0.017]
 [-0.023 -0.058  0.009]
 [-0.017  0.009 -0.122]]
----------------------------------------------------------------------------------------
   Cr2   Cr2   (  0,   1,   0)  0.8548   (-5.849, -3.372, -0.000)  6.752 
J_iso:  0.8548 
[Testing!] Jprime: 3.274,  B: -1.249
[Testing!] DMI: ( 0.0280  0.0157 -0.0199)
[Testing!]J_ani:
[[-0.101 -0.023 -0.017]
 [-0.023 -0.058  0.009]
 [-0.017  0.009 -0.122]]
----------------------------------------------------------------------------------------
   Cr2   Cr1   ( -1,   1,   0) -0.1247   ( 3.893, -6.745, -0.001)  7.788 
J_iso: -0.1247 
[Testing!] Jprime: 0.216,  B: -0.191
[Testing!] DMI: (-0.0000 -0.0000 -0.0000)
[Testing!]J_ani:
[[-0.05  -0.008 -0.01 ]
 [-0.008 -0.034  0.006]
 [-0.01   0.006 -0.048]]
----------------------------------------------------------------------------------------
   Cr1   Cr2   (  1,  -1,   0) -0.1247   (-3.893,  6.745,  0.001)  7.788 
J_iso: -0.1247 
[Testing!] Jprime: 0.216,  B: -0.191
[Testing!] DMI: ( 0.0000  0.0000  0.0000)
[Testing!]J_ani:
[[-0.05  -0.008 -0.01 ]
 [-0.008 -0.034  0.006]
 [-0.01   0.006 -0.048]]
----------------------------------------------------------------------------------------
   Cr1   Cr2   ( -1,   1,   0) -0.1247   (-3.893, -6.745, -0.001)  7.788 
J_iso: -0.1247 
[Testing!] Jprime: 0.216,  B: -0.191
[Testing!] DMI: (-0.0000  0.0000  0.0000)
[Testing!]J_ani:
[[-0.05   0.008  0.01 ]
 [ 0.008 -0.034  0.006]
 [ 0.01   0.006 -0.048]]
----------------------------------------------------------------------------------------
   Cr2   Cr1   (  1,  -1,   0) -0.1247   ( 3.893,  6.745,  0.001)  7.788 
J_iso: -0.1247 
[Testing!] Jprime: 0.216,  B: -0.191
[Testing!] DMI: ( 0.0000 -0.0000 -0.0000)
[Testing!]J_ani:
[[-0.05   0.008  0.01 ]
 [ 0.008 -0.034  0.006]
 [ 0.01   0.006 -0.048]]
----------------------------------------------------------------------------------------
   Cr1   Cr2   ( -1,  -1,   0) -0.1085   ( 7.805,  0.000,  0.000)  7.805 
J_iso: -0.1085 
[Testing!] Jprime: 0.233,  B: -0.190
[Testing!] DMI: (-0.0000  0.0000  0.0000)
[Testing!]J_ani:
[[-0.025  0.     0.   ]
 [ 0.    -0.056 -0.011]
 [ 0.    -0.011 -0.047]]
----------------------------------------------------------------------------------------
   Cr2   Cr1   (  1,   1,   0) -0.1085   (-7.805, -0.000, -0.000)  7.805 
J_iso: -0.1085 
[Testing!] Jprime: 0.233,  B: -0.190
[Testing!] DMI: ( 0.0000 -0.0000 -0.0000)
[Testing!]J_ani:
[[-0.025  0.     0.   ]
 [ 0.    -0.056 -0.011]
 [ 0.    -0.011 -0.047]]
----------------------------------------------------------------------------------------
   Cr2   Cr1   ( -1,   2,   0)  0.0134   (-1.956, -10.117, -0.001) 10.305 
J_iso:  0.0134 
[Testing!] Jprime: 0.179,  B: -0.085
[Testing!] DMI: (-0.0000  0.0000  0.0000)
[Testing!]J_ani:
[[-0.009  0.     0.   ]
 [ 0.    -0.007 -0.   ]
 [ 0.    -0.    -0.008]]
----------------------------------------------------------------------------------------
   Cr1   Cr2   (  1,  -2,   0)  0.0134   ( 1.956, 10.117,  0.001) 10.305 
J_iso:  0.0134 
[Testing!] Jprime: 0.179,  B: -0.085
[Testing!] DMI: ( 0.0000 -0.0000 -0.0000)
[Testing!]J_ani:
[[-0.009  0.     0.   ]
 [ 0.    -0.007 -0.   ]
 [ 0.    -0.    -0.008]]
----------------------------------------------------------------------------------------
   Cr1   Cr2   ( -2,   1,   0)  0.0134   ( 1.956, -10.117, -0.001) 10.305 
J_iso:  0.0134 
[Testing!] Jprime: 0.179,  B: -0.085
[Testing!] DMI: (-0.0000 -0.0000 -0.0000)
[Testing!]J_ani:
[[-0.009 -0.    -0.   ]
 [-0.    -0.007 -0.   ]
 [-0.    -0.    -0.008]]
----------------------------------------------------------------------------------------
   Cr2   Cr1   (  2,  -1,   0)  0.0134   (-1.956, 10.117,  0.001) 10.305 
J_iso:  0.0134 
[Testing!] Jprime: 0.179,  B: -0.085
[Testing!] DMI: ( 0.0000  0.0000  0.0000)
[Testing!]J_ani:
[[-0.009 -0.    -0.   ]
 [-0.    -0.007 -0.   ]
 [-0.    -0.    -0.008]]
----------------------------------------------------------------------------------------
   Cr2   Cr1   ( -1,   0,   0)  0.0098   ( 9.742, -3.372, -0.000) 10.309 
J_iso:  0.0098 
[Testing!] Jprime: 0.170,  B: -0.082
[Testing!] DMI: (-0.0000 -0.0000  0.0000)
[Testing!]J_ani:
[[-0.006 -0.001  0.   ]
 [-0.001 -0.01   0.   ]
 [ 0.     0.    -0.008]]
----------------------------------------------------------------------------------------
   Cr1   Cr2   (  1,   0,   0)  0.0098   (-9.742,  3.372,  0.000) 10.309 
J_iso:  0.0098 
[Testing!] Jprime: 0.170,  B: -0.082
[Testing!] DMI: ( 0.0000  0.0000 -0.0000)
[Testing!]J_ani:
[[-0.006 -0.001  0.   ]
 [-0.001 -0.01   0.   ]
 [ 0.     0.    -0.008]]
----------------------------------------------------------------------------------------
   Cr2   Cr1   (  0,  -1,   0)  0.0098   ( 9.742,  3.372,  0.000) 10.309 
J_iso:  0.0098 
[Testing!] Jprime: 0.170,  B: -0.082
[Testing!] DMI: ( 0.0000 -0.0000  0.0000)
[Testing!]J_ani:
[[-0.006  0.001 -0.   ]
 [ 0.001 -0.01   0.   ]
 [-0.     0.    -0.008]]
----------------------------------------------------------------------------------------
   Cr1   Cr2   (  0,   1,   0)  0.0098   (-9.742, -3.372, -0.000) 10.309 
J_iso:  0.0098 
[Testing!] Jprime: 0.170,  B: -0.082
[Testing!] DMI: (-0.0000  0.0000 -0.0000)
[Testing!]J_ani:
[[-0.006  0.001 -0.   ]
 [ 0.001 -0.01   0.   ]
 [-0.     0.    -0.008]]
----------------------------------------------------------------------------------------
   Cr1   Cr2   ( -2,   0,   0)  0.0109   ( 7.805, -6.745, -0.001) 10.316 
J_iso:  0.0109 
[Testing!] Jprime: 0.171,  B: -0.082
[Testing!] DMI: (-0.0000 -0.0000 -0.0000)
[Testing!]J_ani:
[[-0.008 -0.001  0.001]
 [-0.001 -0.007  0.   ]
 [ 0.001  0.    -0.008]]
----------------------------------------------------------------------------------------
   Cr2   Cr1   (  2,   0,   0)  0.0109   (-7.805,  6.745,  0.001) 10.316 
J_iso:  0.0109 
[Testing!] Jprime: 0.171,  B: -0.082
[Testing!] DMI: ( 0.0000  0.0000  0.0000)
[Testing!]J_ani:
[[-0.008 -0.001  0.001]
 [-0.001 -0.007  0.   ]
 [ 0.001  0.    -0.008]]
----------------------------------------------------------------------------------------
   Cr1   Cr2   (  0,  -2,   0)  0.0109   ( 7.805,  6.745,  0.001) 10.316 
J_iso:  0.0109 
[Testing!] Jprime: 0.171,  B: -0.082
[Testing!] DMI: ( 0.0000 -0.0000 -0.0000)
[Testing!]J_ani:
[[-0.008  0.001 -0.001]
 [ 0.001 -0.007  0.   ]
 [-0.001  0.    -0.008]]
----------------------------------------------------------------------------------------
   Cr2   Cr1   (  0,   2,   0)  0.0109   (-7.805, -6.745, -0.001) 10.316 
J_iso:  0.0109 
[Testing!] Jprime: 0.171,  B: -0.082
[Testing!] DMI: (-0.0000  0.0000  0.0000)
[Testing!]J_ani:
[[-0.008  0.001 -0.001]
 [ 0.001 -0.007  0.   ]
 [-0.001  0.    -0.008]]
----------------------------------------------------------------------------------------
   Cr1   Cr1   ( -2,   1,   0) -0.0434   ( 5.849, -10.117, -0.001) 11.686 
J_iso: -0.0434 
[Testing!] Jprime: 0.028,  B: -0.039
[Testing!] DMI: (-0.0063  0.0111  0.0003)
[Testing!]J_ani:
[[-0.005 -0.     0.002]
 [-0.    -0.005 -0.001]
 [ 0.002 -0.001 -0.005]]
----------------------------------------------------------------------------------------
   Cr2   Cr2   ( -2,   1,   0) -0.0434   ( 5.849, -10.117, -0.001) 11.686 
J_iso: -0.0434 
[Testing!] Jprime: 0.028,  B: -0.039
[Testing!] DMI: ( 0.0064 -0.0111 -0.0003)
[Testing!]J_ani:
[[-0.005 -0.     0.002]
 [-0.    -0.005 -0.001]
 [ 0.002 -0.001 -0.005]]
----------------------------------------------------------------------------------------
   Cr1   Cr1   (  2,  -1,   0) -0.0434   (-5.849, 10.117,  0.001) 11.686 
J_iso: -0.0434 
[Testing!] Jprime: 0.028,  B: -0.039
[Testing!] DMI: ( 0.0063 -0.0111 -0.0003)
[Testing!]J_ani:
[[-0.005 -0.     0.002]
 [-0.    -0.005 -0.001]
 [ 0.002 -0.001 -0.005]]
----------------------------------------------------------------------------------------
   Cr2   Cr2   (  2,  -1,   0) -0.0434   (-5.849, 10.117,  0.001) 11.686 
J_iso: -0.0434 
[Testing!] Jprime: 0.028,  B: -0.039
[Testing!] DMI: (-0.0064  0.0111  0.0003)
[Testing!]J_ani:
[[-0.005 -0.     0.002]
 [-0.    -0.005 -0.001]
 [ 0.002 -0.001 -0.005]]
----------------------------------------------------------------------------------------
   Cr1   Cr1   ( -1,   2,   0) -0.0434   (-5.849, -10.117, -0.001) 11.686 
J_iso: -0.0434 
[Testing!] Jprime: 0.028,  B: -0.039
[Testing!] DMI: ( 0.0064  0.0111  0.0003)
[Testing!]J_ani:
[[-0.005  0.    -0.002]
 [ 0.    -0.005 -0.001]
 [-0.002 -0.001 -0.005]]
----------------------------------------------------------------------------------------
   Cr2   Cr2   ( -1,   2,   0) -0.0434   (-5.849, -10.117, -0.001) 11.686 
J_iso: -0.0434 
[Testing!] Jprime: 0.028,  B: -0.039
[Testing!] DMI: (-0.0063 -0.0111 -0.0003)
[Testing!]J_ani:
[[-0.005  0.    -0.002]
 [ 0.    -0.005 -0.001]
 [-0.002 -0.001 -0.005]]
----------------------------------------------------------------------------------------
   Cr1   Cr1   (  1,  -2,   0) -0.0434   ( 5.849, 10.117,  0.001) 11.686 
J_iso: -0.0434 
[Testing!] Jprime: 0.028,  B: -0.039
[Testing!] DMI: (-0.0064 -0.0111 -0.0003)
[Testing!]J_ani:
[[-0.005  0.    -0.002]
 [ 0.    -0.005 -0.001]
 [-0.002 -0.001 -0.005]]
----------------------------------------------------------------------------------------
   Cr2   Cr2   (  1,  -2,   0) -0.0434   ( 5.849, 10.117,  0.001) 11.686 
J_iso: -0.0434 
[Testing!] Jprime: 0.028,  B: -0.039
[Testing!] DMI: ( 0.0063  0.0111  0.0003)
[Testing!]J_ani:
[[-0.005  0.    -0.002]
 [ 0.    -0.005 -0.001]
 [-0.002 -0.001 -0.005]]
----------------------------------------------------------------------------------------
   Cr1   Cr1   ( -1,  -1,   0) -0.0429   (11.698,  0.000, -0.000) 11.698 
J_iso: -0.0429 
[Testing!] Jprime: 0.025,  B: -0.037
[Testing!] DMI: (-0.0128  0.0000  0.0000)
[Testing!]J_ani:
[[-0.005  0.    -0.   ]
 [ 0.    -0.006  0.002]
 [-0.     0.002 -0.005]]
----------------------------------------------------------------------------------------
   Cr2   Cr2   ( -1,  -1,   0) -0.0429   (11.698,  0.000, -0.000) 11.698 
J_iso: -0.0429 
[Testing!] Jprime: 0.025,  B: -0.037
[Testing!] DMI: ( 0.0128  0.0000  0.0000)
[Testing!]J_ani:
[[-0.005 -0.     0.   ]
 [-0.    -0.006  0.002]
 [ 0.     0.002 -0.005]]
----------------------------------------------------------------------------------------
   Cr1   Cr1   (  1,   1,   0) -0.0429   (-11.698, -0.000,  0.000) 11.698 
J_iso: -0.0429 
[Testing!] Jprime: 0.025,  B: -0.037
[Testing!] DMI: ( 0.0128 -0.0000 -0.0000)
[Testing!]J_ani:
[[-0.005  0.    -0.   ]
 [ 0.    -0.006  0.002]
 [-0.     0.002 -0.005]]
----------------------------------------------------------------------------------------
   Cr2   Cr2   (  1,   1,   0) -0.0429   (-11.698, -0.000,  0.000) 11.698 
J_iso: -0.0429 
[Testing!] Jprime: 0.025,  B: -0.037
[Testing!] DMI: (-0.0128 -0.0000 -0.0000)
[Testing!]J_ani:
[[-0.005 -0.     0.   ]
 [-0.    -0.006  0.002]
 [ 0.     0.002 -0.005]]
----------------------------------------------------------------------------------------
   Cr1   Cr1   ( -2,   2,   0) -0.0124   (-0.000, -13.490, -0.001) 13.490 
J_iso: -0.0124 
[Testing!] Jprime: -0.009,  B: -0.002
[Testing!] DMI: (-0.0000  0.0007 -0.0033)
[Testing!]J_ani:
[[-0.002 -0.     0.   ]
 [-0.    -0.002  0.   ]
 [ 0.     0.    -0.002]]
----------------------------------------------------------------------------------------
   Cr2   Cr2   ( -2,   2,   0) -0.0124   (-0.000, -13.490, -0.001) 13.490 
J_iso: -0.0124 
[Testing!] Jprime: -0.009,  B: -0.002
[Testing!] DMI: (-0.0000 -0.0007  0.0033)
[Testing!]J_ani:
[[-0.002  0.    -0.   ]
 [ 0.    -0.002  0.   ]
 [-0.     0.    -0.002]]
----------------------------------------------------------------------------------------
   Cr1   Cr1   (  2,  -2,   0) -0.0124   ( 0.000, 13.490,  0.001) 13.490 
J_iso: -0.0124 
[Testing!] Jprime: -0.009,  B: -0.002
[Testing!] DMI: ( 0.0000 -0.0007  0.0033)
[Testing!]J_ani:
[[-0.002 -0.     0.   ]
 [-0.    -0.002  0.   ]
 [ 0.     0.    -0.002]]
----------------------------------------------------------------------------------------
   Cr2   Cr2   (  2,  -2,   0) -0.0124   ( 0.000, 13.490,  0.001) 13.490 
J_iso: -0.0124 
[Testing!] Jprime: -0.009,  B: -0.002
[Testing!] DMI: ( 0.0000  0.0007 -0.0033)
[Testing!]J_ani:
[[-0.002  0.    -0.   ]
 [ 0.    -0.002  0.   ]
 [-0.     0.    -0.002]]
----------------------------------------------------------------------------------------
   Cr1   Cr1   ( -2,   0,   0) -0.0124   (11.698, -6.745, -0.001) 13.503 
J_iso: -0.0124 
[Testing!] Jprime: -0.010,  B: -0.002
[Testing!] DMI: (-0.0005  0.0002  0.0033)
[Testing!]J_ani:
[[-0.002  0.    -0.   ]
 [ 0.    -0.002 -0.   ]
 [-0.    -0.    -0.002]]
----------------------------------------------------------------------------------------
   Cr2   Cr2   ( -2,   0,   0) -0.0124   (11.698, -6.745, -0.001) 13.503 
J_iso: -0.0124 
[Testing!] Jprime: -0.010,  B: -0.002
[Testing!] DMI: ( 0.0005 -0.0002 -0.0033)
[Testing!]J_ani:
[[-0.002  0.    -0.   ]
 [ 0.    -0.002 -0.   ]
 [-0.    -0.    -0.002]]
----------------------------------------------------------------------------------------
   Cr1   Cr1   (  2,   0,   0) -0.0124   (-11.698,  6.745,  0.001) 13.503 
J_iso: -0.0124 
[Testing!] Jprime: -0.010,  B: -0.002
[Testing!] DMI: ( 0.0005 -0.0002 -0.0033)
[Testing!]J_ani:
[[-0.002  0.    -0.   ]
 [ 0.    -0.002 -0.   ]
 [-0.    -0.    -0.002]]
----------------------------------------------------------------------------------------
   Cr2   Cr2   (  2,   0,   0) -0.0124   (-11.698,  6.745,  0.001) 13.503 
J_iso: -0.0124 
[Testing!] Jprime: -0.010,  B: -0.002
[Testing!] DMI: (-0.0005  0.0002  0.0033)
[Testing!]J_ani:
[[-0.002  0.    -0.   ]
 [ 0.    -0.002 -0.   ]
 [-0.    -0.    -0.002]]
----------------------------------------------------------------------------------------
   Cr1   Cr1   (  0,  -2,   0) -0.0124   (11.698,  6.745,  0.001) 13.503 
J_iso: -0.0124 
[Testing!] Jprime: -0.010,  B: -0.002
[Testing!] DMI: (-0.0005 -0.0002 -0.0033)
[Testing!]J_ani:
[[-0.002 -0.     0.   ]
 [-0.    -0.002 -0.   ]
 [ 0.    -0.    -0.002]]
----------------------------------------------------------------------------------------
   Cr2   Cr2   (  0,  -2,   0) -0.0124   (11.698,  6.745,  0.001) 13.503 
J_iso: -0.0124 
[Testing!] Jprime: -0.010,  B: -0.002
[Testing!] DMI: ( 0.0005  0.0002  0.0033)
[Testing!]J_ani:
[[-0.002 -0.     0.   ]
 [-0.    -0.002 -0.   ]
 [ 0.    -0.    -0.002]]
----------------------------------------------------------------------------------------
   Cr1   Cr1   (  0,   2,   0) -0.0124   (-11.698, -6.745, -0.001) 13.503 
J_iso: -0.0124 
[Testing!] Jprime: -0.010,  B: -0.002
[Testing!] DMI: ( 0.0005  0.0002  0.0033)
[Testing!]J_ani:
[[-0.002 -0.     0.   ]
 [-0.    -0.002 -0.   ]
 [ 0.    -0.    -0.002]]
----------------------------------------------------------------------------------------
   Cr2   Cr2   (  0,   2,   0) -0.0124   (-11.698, -6.745, -0.001) 13.503 
J_iso: -0.0124 
[Testing!] Jprime: -0.010,  B: -0.002
[Testing!] DMI: (-0.0005 -0.0002 -0.0033)
[Testing!]J_ani:
[[-0.002 -0.     0.   ]
 [-0.    -0.002 -0.   ]
 [ 0.    -0.    -0.002]]
----------------------------------------------------------------------------------------
   Cr2   Cr1   ( -2,   2,   0)  0.0014   ( 3.893, -13.490, -0.001) 14.040 
J_iso:  0.0014 
[Testing!] Jprime: 0.012,  B: -0.006
[Testing!] DMI: (-0.0000  0.0000 -0.0000)
[Testing!]J_ani:
[[-0.002 -0.    -0.001]
 [-0.    -0.002 -0.   ]
 [-0.001 -0.    -0.001]]
----------------------------------------------------------------------------------------
   Cr1   Cr2   (  2,  -2,   0)  0.0014   (-3.893, 13.490,  0.001) 14.040 
J_iso:  0.0014 
[Testing!] Jprime: 0.012,  B: -0.006
[Testing!] DMI: ( 0.0000 -0.0000  0.0000)
[Testing!]J_ani:
[[-0.002 -0.    -0.001]
 [-0.    -0.002 -0.   ]
 [-0.001 -0.    -0.001]]
----------------------------------------------------------------------------------------
   Cr1   Cr2   ( -2,   2,   0)  0.0014   (-3.893, -13.490, -0.001) 14.040 
J_iso:  0.0014 
[Testing!] Jprime: 0.012,  B: -0.006
[Testing!] DMI: (-0.0000 -0.0000  0.0000)
[Testing!]J_ani:
[[-0.002  0.     0.001]
 [ 0.    -0.002 -0.   ]
 [ 0.001 -0.    -0.001]]
----------------------------------------------------------------------------------------
   Cr2   Cr1   (  2,  -2,   0)  0.0014   ( 3.893, 13.490,  0.001) 14.040 
J_iso:  0.0014 
[Testing!] Jprime: 0.012,  B: -0.006
[Testing!] DMI: ( 0.0000  0.0000 -0.0000)
[Testing!]J_ani:
[[-0.002  0.     0.001]
 [ 0.    -0.002 -0.   ]
 [ 0.001 -0.    -0.001]]
----------------------------------------------------------------------------------------
   Cr2   Cr1   ( -2,   1,   0)  0.0014   ( 9.742, -10.117, -0.001) 14.045 
J_iso:  0.0014 
[Testing!] Jprime: 0.011,  B: -0.006
[Testing!] DMI: ( 0.0000 -0.0000 -0.0000)
[Testing!]J_ani:
[[-0.002  0.    -0.   ]
 [ 0.    -0.002  0.001]
 [-0.     0.001 -0.001]]
----------------------------------------------------------------------------------------
   Cr1   Cr2   (  2,  -1,   0)  0.0014   (-9.742, 10.117,  0.001) 14.045 
J_iso:  0.0014 
[Testing!] Jprime: 0.011,  B: -0.006
[Testing!] DMI: (-0.0000  0.0000  0.0000)
[Testing!]J_ani:
[[-0.002  0.    -0.   ]
 [ 0.    -0.002  0.001]
 [-0.     0.001 -0.001]]
----------------------------------------------------------------------------------------
   Cr1   Cr2   ( -1,   2,   0)  0.0014   (-9.742, -10.117, -0.001) 14.045 
J_iso:  0.0014 
[Testing!] Jprime: 0.011,  B: -0.006
[Testing!] DMI: (-0.0000  0.0000  0.0000)
[Testing!]J_ani:
[[-0.002 -0.     0.   ]
 [-0.    -0.002  0.001]
 [ 0.     0.001 -0.001]]
----------------------------------------------------------------------------------------
   Cr2   Cr1   (  1,  -2,   0)  0.0014   ( 9.742, 10.117,  0.001) 14.045 
J_iso:  0.0014 
[Testing!] Jprime: 0.011,  B: -0.006
[Testing!] DMI: ( 0.0000 -0.0000 -0.0000)
[Testing!]J_ani:
[[-0.002 -0.     0.   ]
 [-0.    -0.002  0.001]
 [ 0.     0.001 -0.001]]
----------------------------------------------------------------------------------------
   Cr2   Cr1   (  2,   1,   0)  0.0012   (-13.654,  3.372,  0.000) 14.065 
J_iso:  0.0012 
[Testing!] Jprime: 0.011,  B: -0.006
[Testing!] DMI: ( 0.0000  0.0000 -0.0000)
[Testing!]J_ani:
[[-0.002  0.     0.001]
 [ 0.    -0.002 -0.001]
 [ 0.001 -0.001 -0.001]]
----------------------------------------------------------------------------------------
   Cr1   Cr2   ( -2,  -1,   0)  0.0012   (13.654, -3.372, -0.000) 14.065 
J_iso:  0.0012 
[Testing!] Jprime: 0.011,  B: -0.006
[Testing!] DMI: (-0.0000 -0.0000  0.0000)
[Testing!]J_ani:
[[-0.002  0.     0.001]
 [ 0.    -0.002 -0.001]
 [ 0.001 -0.001 -0.001]]
----------------------------------------------------------------------------------------
   Cr2   Cr1   (  1,   2,   0)  0.0012   (-13.654, -3.372, -0.000) 14.065 
J_iso:  0.0012 
[Testing!] Jprime: 0.011,  B: -0.006
[Testing!] DMI: (-0.0000  0.0000 -0.0000)
[Testing!]J_ani:
[[-0.002 -0.    -0.001]
 [-0.    -0.002 -0.001]
 [-0.001 -0.001 -0.001]]
----------------------------------------------------------------------------------------
   Cr1   Cr2   ( -1,  -2,   0)  0.0012   (13.654,  3.372,  0.000) 14.065 
J_iso:  0.0012 
[Testing!] Jprime: 0.011,  B: -0.006
[Testing!] DMI: ( 0.0000 -0.0000  0.0000)
[Testing!]J_ani:
[[-0.002 -0.    -0.001]
 [-0.    -0.002 -0.001]
 [-0.001 -0.001 -0.001]]
----------------------------------------------------------------------------------------
   Cr1   Cr2   ( -3,   1,   0) -0.0063   ( 7.805, -13.490, -0.001) 15.585 
J_iso: -0.0063 
[Testing!] Jprime: 0.012,  B: -0.010
[Testing!] DMI: (-0.0000 -0.0000  0.0000)
[Testing!]J_ani:
[[-0.001 -0.     0.   ]
 [-0.    -0.001 -0.   ]
 [ 0.    -0.    -0.002]]
----------------------------------------------------------------------------------------
   Cr2   Cr1   (  3,  -1,   0) -0.0063   (-7.805, 13.490,  0.001) 15.585 
J_iso: -0.0063 
[Testing!] Jprime: 0.012,  B: -0.010
[Testing!] DMI: ( 0.0000  0.0000 -0.0000)
[Testing!]J_ani:
[[-0.001 -0.     0.   ]
 [-0.    -0.001 -0.   ]
 [ 0.    -0.    -0.002]]
----------------------------------------------------------------------------------------
   Cr1   Cr2   (  1,  -3,   0) -0.0063   ( 7.805, 13.490,  0.001) 15.585 
J_iso: -0.0063 
[Testing!] Jprime: 0.012,  B: -0.010
[Testing!] DMI: ( 0.0000 -0.0000  0.0000)
[Testing!]J_ani:
[[-0.001  0.    -0.   ]
 [ 0.    -0.001 -0.   ]
 [-0.    -0.    -0.002]]
----------------------------------------------------------------------------------------
   Cr2   Cr1   ( -1,   3,   0) -0.0063   (-7.805, -13.490, -0.001) 15.585 
J_iso: -0.0063 
[Testing!] Jprime: 0.012,  B: -0.010
[Testing!] DMI: (-0.0000  0.0000 -0.0000)
[Testing!]J_ani:
[[-0.001  0.    -0.   ]
 [ 0.    -0.001 -0.   ]
 [-0.    -0.    -0.002]]
----------------------------------------------------------------------------------------
   Cr2   Cr1   ( -1,  -1,   0) -0.0060   (15.591,  0.000, -0.000) 15.591 
J_iso: -0.0060 
[Testing!] Jprime: 0.011,  B: -0.009
[Testing!] DMI: ( 0.0000 -0.0000 -0.0000)
[Testing!]J_ani:
[[-0.001  0.     0.   ]
 [ 0.    -0.001  0.   ]
 [ 0.     0.    -0.002]]
----------------------------------------------------------------------------------------
   Cr1   Cr2   (  1,   1,   0) -0.0060   (-15.591, -0.000,  0.000) 15.591 
J_iso: -0.0060 
[Testing!] Jprime: 0.011,  B: -0.009
[Testing!] DMI: (-0.0000  0.0000  0.0000)
[Testing!]J_ani:
[[-0.001  0.     0.   ]
 [ 0.    -0.001  0.   ]
 [ 0.     0.    -0.002]]
----------------------------------------------------------------------------------------
   Cr2   Cr1   ( -2,   3,   0) -0.0013   (-1.956, -16.862, -0.002) 16.976 
J_iso: -0.0013 
[Testing!] Jprime: 0.001,  B: -0.001
[Testing!] DMI: (-0.0000  0.0000 -0.0000)
[Testing!]J_ani:
[[-0. -0. -0.]
 [-0. -0. -0.]
 [-0. -0. -0.]]
----------------------------------------------------------------------------------------
   Cr1   Cr2   (  2,  -3,   0) -0.0013   ( 1.956, 16.862,  0.002) 16.976 
J_iso: -0.0013 
[Testing!] Jprime: 0.001,  B: -0.001
[Testing!] DMI: ( 0.0000 -0.0000  0.0000)
[Testing!]J_ani:
[[-0. -0. -0.]
 [-0. -0. -0.]
 [-0. -0. -0.]]
----------------------------------------------------------------------------------------
   Cr1   Cr2   ( -3,   2,   0) -0.0013   ( 1.956, -16.862, -0.002) 16.976 
J_iso: -0.0013 
[Testing!] Jprime: 0.001,  B: -0.001
[Testing!] DMI: (-0.0000 -0.0000  0.0000)
[Testing!]J_ani:
[[-0.  0.  0.]
 [ 0. -0. -0.]
 [ 0. -0. -0.]]
----------------------------------------------------------------------------------------
   Cr2   Cr1   (  3,  -2,   0) -0.0013   (-1.956, 16.862,  0.002) 16.976 
J_iso: -0.0013 
[Testing!] Jprime: 0.001,  B: -0.001
[Testing!] DMI: ( 0.0000  0.0000 -0.0000)
[Testing!]J_ani:
[[-0.  0.  0.]
 [ 0. -0. -0.]
 [ 0. -0. -0.]]
----------------------------------------------------------------------------------------
   Cr2   Cr1   ( -2,   0,   0) -0.0012   (15.591, -6.745, -0.001) 16.987 
J_iso: -0.0012 
[Testing!] Jprime: 0.001,  B: -0.001
[Testing!] DMI: ( 0.0000 -0.0000 -0.0000)
[Testing!]J_ani:
[[-0.  0.  0.]
 [ 0. -0.  0.]
 [ 0.  0. -0.]]
----------------------------------------------------------------------------------------
   Cr1   Cr2   (  2,   0,   0) -0.0012   (-15.591,  6.745,  0.001) 16.987 
J_iso: -0.0012 
[Testing!] Jprime: 0.001,  B: -0.001
[Testing!] DMI: (-0.0000  0.0000  0.0000)
[Testing!]J_ani:
[[-0.  0.  0.]
 [ 0. -0.  0.]
 [ 0.  0. -0.]]
----------------------------------------------------------------------------------------
   Cr2   Cr1   (  0,  -2,   0) -0.0012   (15.591,  6.745,  0.001) 16.987 
J_iso: -0.0012 
[Testing!] Jprime: 0.001,  B: -0.001
[Testing!] DMI: (-0.0000 -0.0000 -0.0000)
[Testing!]J_ani:
[[-0. -0. -0.]
 [-0. -0.  0.]
 [-0.  0. -0.]]
----------------------------------------------------------------------------------------
   Cr1   Cr2   (  0,   2,   0) -0.0012   (-15.591, -6.745, -0.001) 16.987 
J_iso: -0.0012 
[Testing!] Jprime: 0.001,  B: -0.001
[Testing!] DMI: ( 0.0000  0.0000  0.0000)
[Testing!]J_ani:
[[-0. -0. -0.]
 [-0. -0.  0.]
 [-0.  0. -0.]]
----------------------------------------------------------------------------------------
   Cr2   Cr1   (  3,   0,   0) -0.0012   (-13.654, 10.117,  0.001) 16.994 
J_iso: -0.0012 
[Testing!] Jprime: 0.001,  B: -0.001
[Testing!] DMI: ( 0.0000  0.0000 -0.0000)
[Testing!]J_ani:
[[-0.  0.  0.]
 [ 0. -0.  0.]
 [ 0.  0. -0.]]
----------------------------------------------------------------------------------------
   Cr1   Cr2   ( -3,   0,   0) -0.0012   (13.654, -10.117, -0.001) 16.994 
J_iso: -0.0012 
[Testing!] Jprime: 0.001,  B: -0.001
[Testing!] DMI: (-0.0000 -0.0000  0.0000)
[Testing!]J_ani:
[[-0.  0.  0.]
 [ 0. -0.  0.]
 [ 0.  0. -0.]]
----------------------------------------------------------------------------------------
   Cr1   Cr2   (  0,  -3,   0) -0.0012   (13.654, 10.117,  0.001) 16.994 
J_iso: -0.0012 
[Testing!] Jprime: 0.001,  B: -0.001
[Testing!] DMI: ( 0.0000 -0.0000  0.0000)
[Testing!]J_ani:
[[-0. -0. -0.]
 [-0. -0.  0.]
 [-0.  0. -0.]]
----------------------------------------------------------------------------------------
   Cr2   Cr1   (  0,   3,   0) -0.0012   (-13.654, -10.117, -0.001) 16.994 
J_iso: -0.0012 
[Testing!] Jprime: 0.001,  B: -0.001
[Testing!] DMI: (-0.0000  0.0000 -0.0000)
[Testing!]J_ani:
[[-0. -0. -0.]
 [-0. -0.  0.]
 [-0.  0. -0.]]
----------------------------------------------------------------------------------------
   Cr1   Cr1   ( -3,   2,   0)  0.0004   ( 5.849, -16.862, -0.002) 17.848 
J_iso:  0.0004 
[Testing!] Jprime: 0.004,  B: -0.002
[Testing!] DMI: (-0.0001  0.0001 -0.0003)
[Testing!]J_ani:
[[-0. -0. -0.]
 [-0. -0.  0.]
 [-0.  0. -0.]]
----------------------------------------------------------------------------------------
   Cr2   Cr2   ( -3,   2,   0)  0.0004   ( 5.849, -16.862, -0.002) 17.848 
J_iso:  0.0004 
[Testing!] Jprime: 0.004,  B: -0.002
[Testing!] DMI: ( 0.0001 -0.0001  0.0003)
[Testing!]J_ani:
[[-0. -0. -0.]
 [-0. -0.  0.]
 [-0.  0. -0.]]
----------------------------------------------------------------------------------------
   Cr1   Cr1   (  3,  -2,   0)  0.0004   (-5.849, 16.862,  0.002) 17.848 
J_iso:  0.0004 
[Testing!] Jprime: 0.004,  B: -0.002
[Testing!] DMI: ( 0.0001 -0.0001  0.0003)
[Testing!]J_ani:
[[-0. -0. -0.]
 [-0. -0.  0.]
 [-0.  0. -0.]]
----------------------------------------------------------------------------------------
   Cr2   Cr2   (  3,  -2,   0)  0.0004   (-5.849, 16.862,  0.002) 17.848 
J_iso:  0.0004 
[Testing!] Jprime: 0.004,  B: -0.002
[Testing!] DMI: (-0.0001  0.0001 -0.0003)
[Testing!]J_ani:
[[-0. -0. -0.]
 [-0. -0.  0.]
 [-0.  0. -0.]]
----------------------------------------------------------------------------------------
   Cr1   Cr1   ( -2,   3,   0)  0.0004   (-5.849, -16.862, -0.002) 17.848 
J_iso:  0.0004 
[Testing!] Jprime: 0.004,  B: -0.002
[Testing!] DMI: ( 0.0001  0.0001 -0.0003)
[Testing!]J_ani:
[[-0.  0.  0.]
 [ 0. -0.  0.]
 [ 0.  0. -0.]]
----------------------------------------------------------------------------------------
   Cr2   Cr2   ( -2,   3,   0)  0.0004   (-5.849, -16.862, -0.002) 17.848 
J_iso:  0.0004 
[Testing!] Jprime: 0.004,  B: -0.002
[Testing!] DMI: (-0.0001 -0.0001  0.0003)
[Testing!]J_ani:
[[-0.  0.  0.]
 [ 0. -0.  0.]
 [ 0.  0. -0.]]
----------------------------------------------------------------------------------------
   Cr1   Cr1   (  2,  -3,   0)  0.0004   ( 5.849, 16.862,  0.002) 17.848 
J_iso:  0.0004 
[Testing!] Jprime: 0.004,  B: -0.002
[Testing!] DMI: (-0.0001 -0.0001  0.0003)
[Testing!]J_ani:
[[-0.  0.  0.]
 [ 0. -0.  0.]
 [ 0.  0. -0.]]
----------------------------------------------------------------------------------------
   Cr2   Cr2   (  2,  -3,   0)  0.0004   ( 5.849, 16.862,  0.002) 17.848 
J_iso:  0.0004 
[Testing!] Jprime: 0.004,  B: -0.002
[Testing!] DMI: ( 0.0001  0.0001 -0.0003)
[Testing!]J_ani:
[[-0.  0.  0.]
 [ 0. -0.  0.]
 [ 0.  0. -0.]]
----------------------------------------------------------------------------------------
   Cr1   Cr1   ( -3,   1,   0)  0.0004   (11.698, -13.490, -0.001) 17.856 
J_iso:  0.0004 
[Testing!] Jprime: 0.004,  B: -0.002
[Testing!] DMI: ( 0.0000  0.0001  0.0003)
[Testing!]J_ani:
[[-0. -0. -0.]
 [-0. -0.  0.]
 [-0.  0. -0.]]
----------------------------------------------------------------------------------------
   Cr2   Cr2   ( -3,   1,   0)  0.0004   (11.698, -13.490, -0.001) 17.856 
J_iso:  0.0004 
[Testing!] Jprime: 0.004,  B: -0.002
[Testing!] DMI: (-0.0000 -0.0001 -0.0003)
[Testing!]J_ani:
[[-0. -0. -0.]
 [-0. -0.  0.]
 [-0.  0. -0.]]
----------------------------------------------------------------------------------------
   Cr1   Cr1   (  3,  -1,   0)  0.0004   (-11.698, 13.490,  0.001) 17.856 
J_iso:  0.0004 
[Testing!] Jprime: 0.004,  B: -0.002
[Testing!] DMI: (-0.0000 -0.0001 -0.0003)
[Testing!]J_ani:
[[-0. -0. -0.]
 [-0. -0.  0.]
 [-0.  0. -0.]]
----------------------------------------------------------------------------------------
   Cr2   Cr2   (  3,  -1,   0)  0.0004   (-11.698, 13.490,  0.001) 17.856 
J_iso:  0.0004 
[Testing!] Jprime: 0.004,  B: -0.002
[Testing!] DMI: ( 0.0000  0.0001  0.0003)
[Testing!]J_ani:
[[-0. -0. -0.]
 [-0. -0.  0.]
 [-0.  0. -0.]]
----------------------------------------------------------------------------------------
   Cr1   Cr1   ( -1,   3,   0)  0.0004   (-11.698, -13.490, -0.001) 17.856 
J_iso:  0.0004 
[Testing!] Jprime: 0.004,  B: -0.002
[Testing!] DMI: (-0.0000  0.0001  0.0003)
[Testing!]J_ani:
[[-0.  0.  0.]
 [ 0. -0.  0.]
 [ 0.  0. -0.]]
----------------------------------------------------------------------------------------
   Cr2   Cr2   ( -1,   3,   0)  0.0004   (-11.698, -13.490, -0.001) 17.856 
J_iso:  0.0004 
[Testing!] Jprime: 0.004,  B: -0.002
[Testing!] DMI: ( 0.0000 -0.0001 -0.0003)
[Testing!]J_ani:
[[-0.  0.  0.]
 [ 0. -0.  0.]
 [ 0.  0. -0.]]
----------------------------------------------------------------------------------------
   Cr1   Cr1   (  1,  -3,   0)  0.0004   (11.698, 13.490,  0.001) 17.856 
J_iso:  0.0004 
[Testing!] Jprime: 0.004,  B: -0.002
[Testing!] DMI: ( 0.0000 -0.0001 -0.0003)
[Testing!]J_ani:
[[-0.  0.  0.]
 [ 0. -0.  0.]
 [ 0.  0. -0.]]
----------------------------------------------------------------------------------------
   Cr2   Cr2   (  1,  -3,   0)  0.0004   (11.698, 13.490,  0.001) 17.856 
J_iso:  0.0004 
[Testing!] Jprime: 0.004,  B: -0.002
[Testing!] DMI: (-0.0000  0.0001  0.0003)
[Testing!]J_ani:
[[-0.  0.  0.]
 [ 0. -0.  0.]
 [ 0.  0. -0.]]
----------------------------------------------------------------------------------------
   Cr1   Cr1   ( -2,  -1,   0)  0.0004   (17.547, -3.372, -0.000) 17.868 
J_iso:  0.0004 
[Testing!] Jprime: 0.004,  B: -0.002
[Testing!] DMI: (-0.0001 -0.0001  0.0003)
[Testing!]J_ani:
[[-0. -0.  0.]
 [-0. -0. -0.]
 [ 0. -0. -0.]]
----------------------------------------------------------------------------------------
   Cr2   Cr2   ( -2,  -1,   0)  0.0004   (17.547, -3.372, -0.000) 17.868 
J_iso:  0.0004 
[Testing!] Jprime: 0.004,  B: -0.002
[Testing!] DMI: ( 0.0001  0.0001 -0.0003)
[Testing!]J_ani:
[[-0. -0.  0.]
 [-0. -0. -0.]
 [ 0. -0. -0.]]
----------------------------------------------------------------------------------------
   Cr1   Cr1   (  2,   1,   0)  0.0004   (-17.547,  3.372,  0.000) 17.868 
J_iso:  0.0004 
[Testing!] Jprime: 0.004,  B: -0.002
[Testing!] DMI: ( 0.0001  0.0001 -0.0003)
[Testing!]J_ani:
[[-0. -0.  0.]
 [-0. -0. -0.]
 [ 0. -0. -0.]]
----------------------------------------------------------------------------------------
   Cr2   Cr2   (  2,   1,   0)  0.0004   (-17.547,  3.372,  0.000) 17.868 
J_iso:  0.0004 
[Testing!] Jprime: 0.004,  B: -0.002
[Testing!] DMI: (-0.0001 -0.0001  0.0003)
[Testing!]J_ani:
[[-0. -0.  0.]
 [-0. -0. -0.]
 [ 0. -0. -0.]]
----------------------------------------------------------------------------------------
   Cr1   Cr1   ( -1,  -2,   0)  0.0004   (17.547,  3.372,  0.000) 17.868 
J_iso:  0.0004 
[Testing!] Jprime: 0.004,  B: -0.002
[Testing!] DMI: (-0.0001  0.0001 -0.0003)
[Testing!]J_ani:
[[-0.  0. -0.]
 [ 0. -0. -0.]
 [-0. -0. -0.]]
----------------------------------------------------------------------------------------
   Cr2   Cr2   ( -1,  -2,   0)  0.0004   (17.547,  3.372,  0.000) 17.868 
J_iso:  0.0004 
[Testing!] Jprime: 0.004,  B: -0.002
[Testing!] DMI: ( 0.0001 -0.0001  0.0003)
[Testing!]J_ani:
[[-0.  0. -0.]
 [ 0. -0. -0.]
 [-0. -0. -0.]]
----------------------------------------------------------------------------------------
   Cr1   Cr1   (  1,   2,   0)  0.0004   (-17.547, -3.372, -0.000) 17.868 
J_iso:  0.0004 
[Testing!] Jprime: 0.004,  B: -0.002
[Testing!] DMI: ( 0.0001 -0.0001  0.0003)
[Testing!]J_ani:
[[-0.  0. -0.]
 [ 0. -0. -0.]
 [-0. -0. -0.]]
----------------------------------------------------------------------------------------
   Cr2   Cr2   (  1,   2,   0)  0.0004   (-17.547, -3.372, -0.000) 17.868 
J_iso:  0.0004 
[Testing!] Jprime: 0.004,  B: -0.002
[Testing!] DMI: (-0.0001  0.0001 -0.0003)
[Testing!]J_ani:
[[-0.  0. -0.]
 [ 0. -0. -0.]
 [-0. -0. -0.]]
----------------------------------------------------------------------------------------
   Cr2   Cr1   ( -3,   2,   0)  0.0003   ( 9.742, -16.862, -0.002) 19.474 
J_iso:  0.0003 
[Testing!] Jprime: 0.003,  B: -0.001
[Testing!] DMI: (-0.0000 -0.0000  0.0000)
[Testing!]J_ani:
[[-0. -0.  0.]
 [-0. -0. -0.]
 [ 0. -0. -0.]]
----------------------------------------------------------------------------------------
   Cr1   Cr2   (  3,  -2,   0)  0.0003   (-9.742, 16.862,  0.002) 19.474 
J_iso:  0.0003 
[Testing!] Jprime: 0.003,  B: -0.001
[Testing!] DMI: ( 0.0000  0.0000 -0.0000)
[Testing!]J_ani:
[[-0. -0.  0.]
 [-0. -0. -0.]
 [ 0. -0. -0.]]
----------------------------------------------------------------------------------------
   Cr1   Cr2   ( -2,   3,   0)  0.0003   (-9.742, -16.862, -0.002) 19.474 
J_iso:  0.0003 
[Testing!] Jprime: 0.003,  B: -0.001
[Testing!] DMI: (-0.0000  0.0000 -0.0000)
[Testing!]J_ani:
[[-0.  0. -0.]
 [ 0. -0. -0.]
 [-0. -0. -0.]]
----------------------------------------------------------------------------------------
   Cr2   Cr1   (  2,  -3,   0)  0.0003   ( 9.742, 16.862,  0.002) 19.474 
J_iso:  0.0003 
[Testing!] Jprime: 0.003,  B: -0.001
[Testing!] DMI: ( 0.0000 -0.0000  0.0000)
[Testing!]J_ani:
[[-0.  0. -0.]
 [ 0. -0. -0.]
 [-0. -0. -0.]]
----------------------------------------------------------------------------------------
   Cr1   Cr2   ( -2,  -2,   0)  0.0003   (19.503,  0.000,  0.000) 19.503 
J_iso:  0.0003 
[Testing!] Jprime: 0.002,  B: -0.001
[Testing!] DMI: ( 0.0000 -0.0000 -0.0000)
[Testing!]J_ani:
[[-0.  0.  0.]
 [ 0. -0.  0.]
 [ 0.  0. -0.]]
----------------------------------------------------------------------------------------
   Cr2   Cr1   (  2,   2,   0)  0.0003   (-19.503, -0.000, -0.000) 19.503 
J_iso:  0.0003 
[Testing!] Jprime: 0.002,  B: -0.001
[Testing!] DMI: (-0.0000  0.0000  0.0000)
[Testing!]J_ani:
[[-0.  0.  0.]
 [ 0. -0.  0.]
 [ 0.  0. -0.]]
----------------------------------------------------------------------------------------
   Cr1   Cr1   ( -3,   3,   0) -0.0002   (-0.000, -20.235, -0.002) 20.235 
J_iso: -0.0002 
[Testing!] Jprime: 0.001,  B: -0.000
[Testing!] DMI: ( 0.0000  0.0001 -0.0002)
[Testing!]J_ani:
[[-0.  0.  0.]
 [ 0. -0. -0.]
 [ 0. -0. -0.]]
----------------------------------------------------------------------------------------
   Cr2   Cr2   ( -3,   3,   0) -0.0002   (-0.000, -20.235, -0.002) 20.235 
J_iso: -0.0002 
[Testing!] Jprime: 0.001,  B: -0.000
[Testing!] DMI: ( 0.0000 -0.0001  0.0002)
[Testing!]J_ani:
[[-0. -0. -0.]
 [-0. -0. -0.]
 [-0. -0. -0.]]
----------------------------------------------------------------------------------------
   Cr1   Cr1   (  3,  -3,   0) -0.0002   ( 0.000, 20.235,  0.002) 20.235 
J_iso: -0.0002 
[Testing!] Jprime: 0.001,  B: -0.000
[Testing!] DMI: (-0.0000 -0.0001  0.0002)
[Testing!]J_ani:
[[-0.  0.  0.]
 [ 0. -0. -0.]
 [ 0. -0. -0.]]
----------------------------------------------------------------------------------------
   Cr2   Cr2   (  3,  -3,   0) -0.0002   ( 0.000, 20.235,  0.002) 20.235 
J_iso: -0.0002 
[Testing!] Jprime: 0.001,  B: -0.000
[Testing!] DMI: (-0.0000  0.0001 -0.0002)
[Testing!]J_ani:
[[-0. -0. -0.]
 [-0. -0. -0.]
 [-0. -0. -0.]]
----------------------------------------------------------------------------------------
   Cr1   Cr1   ( -3,   0,   0) -0.0002   (17.547, -10.117, -0.001) 20.255 
J_iso: -0.0002 
[Testing!] Jprime: 0.001,  B: -0.000
[Testing!] DMI: (-0.0000  0.0000  0.0002)
[Testing!]J_ani:
[[-0.  0.  0.]
 [ 0. -0.  0.]
 [ 0.  0. -0.]]
----------------------------------------------------------------------------------------
   Cr2   Cr2   ( -3,   0,   0) -0.0002   (17.547, -10.117, -0.001) 20.255 
J_iso: -0.0002 
[Testing!] Jprime: 0.001,  B: -0.000
[Testing!] DMI: ( 0.0000 -0.0000 -0.0002)
[Testing!]J_ani:
[[-0.  0.  0.]
 [ 0. -0.  0.]
 [ 0.  0. -0.]]
----------------------------------------------------------------------------------------
   Cr1   Cr1   (  3,   0,   0) -0.0002   (-17.547, 10.117,  0.001) 20.255 
J_iso: -0.0002 
[Testing!] Jprime: 0.001,  B: -0.000
[Testing!] DMI: ( 0.0000 -0.0000 -0.0002)
[Testing!]J_ani:
[[-0.  0.  0.]
 [ 0. -0.  0.]
 [ 0.  0. -0.]]
----------------------------------------------------------------------------------------
   Cr2   Cr2   (  3,   0,   0) -0.0002   (-17.547, 10.117,  0.001) 20.255 
J_iso: -0.0002 
[Testing!] Jprime: 0.001,  B: -0.000
[Testing!] DMI: (-0.0000  0.0000  0.0002)
[Testing!]J_ani:
[[-0.  0.  0.]
 [ 0. -0.  0.]
 [ 0.  0. -0.]]
----------------------------------------------------------------------------------------
   Cr1   Cr1   (  0,  -3,   0) -0.0002   (17.547, 10.117,  0.001) 20.255 
J_iso: -0.0002 
[Testing!] Jprime: 0.001,  B: -0.000
[Testing!] DMI: (-0.0000 -0.0000 -0.0002)
[Testing!]J_ani:
[[-0. -0. -0.]
 [-0. -0.  0.]
 [-0.  0. -0.]]
----------------------------------------------------------------------------------------
   Cr2   Cr2   (  0,  -3,   0) -0.0002   (17.547, 10.117,  0.001) 20.255 
J_iso: -0.0002 
[Testing!] Jprime: 0.001,  B: -0.000
[Testing!] DMI: ( 0.0000  0.0000  0.0002)
[Testing!]J_ani:
[[-0. -0. -0.]
 [-0. -0.  0.]
 [-0.  0. -0.]]
----------------------------------------------------------------------------------------
   Cr1   Cr1   (  0,   3,   0) -0.0002   (-17.547, -10.117, -0.001) 20.255 
J_iso: -0.0002 
[Testing!] Jprime: 0.001,  B: -0.000
[Testing!] DMI: ( 0.0000  0.0000  0.0002)
[Testing!]J_ani:
[[-0. -0. -0.]
 [-0. -0.  0.]
 [-0.  0. -0.]]
----------------------------------------------------------------------------------------
   Cr2   Cr2   (  0,   3,   0) -0.0002   (-17.547, -10.117, -0.001) 20.255 
J_iso: -0.0002 
[Testing!] Jprime: 0.001,  B: -0.000
[Testing!] DMI: (-0.0000 -0.0000 -0.0002)
[Testing!]J_ani:
[[-0. -0. -0.]
 [-0. -0.  0.]
 [-0.  0. -0.]]
----------------------------------------------------------------------------------------
   Cr2   Cr1   ( -3,   3,   0) -0.0001   ( 3.893, -20.235, -0.002) 20.606 
J_iso: -0.0001 
[Testing!] Jprime: 0.000,  B: -0.000
[Testing!] DMI: (-0.0000  0.0000 -0.0000)
[Testing!]J_ani:
[[-0.  0. -0.]
 [ 0. -0. -0.]
 [-0. -0. -0.]]
----------------------------------------------------------------------------------------
   Cr1   Cr2   (  3,  -3,   0) -0.0001   (-3.893, 20.235,  0.002) 20.606 
J_iso: -0.0001 
[Testing!] Jprime: 0.000,  B: -0.000
[Testing!] DMI: ( 0.0000 -0.0000  0.0000)
[Testing!]J_ani:
[[-0.  0. -0.]
 [ 0. -0. -0.]
 [-0. -0. -0.]]
----------------------------------------------------------------------------------------
   Cr1   Cr2   ( -3,   3,   0) -0.0001   (-3.893, -20.235, -0.002) 20.606 
J_iso: -0.0001 
[Testing!] Jprime: 0.000,  B: -0.000
[Testing!] DMI: (-0.0000 -0.0000  0.0000)
[Testing!]J_ani:
[[-0. -0.  0.]
 [-0. -0. -0.]
 [ 0. -0. -0.]]
----------------------------------------------------------------------------------------
   Cr2   Cr1   (  3,  -3,   0) -0.0001   ( 3.893, 20.235,  0.002) 20.606 
J_iso: -0.0001 
[Testing!] Jprime: 0.000,  B: -0.000
[Testing!] DMI: ( 0.0000  0.0000 -0.0000)
[Testing!]J_ani:
[[-0. -0.  0.]
 [-0. -0. -0.]
 [ 0. -0. -0.]]
----------------------------------------------------------------------------------------
   Cr1   Cr2   (  3,  -1,   0) -0.0001   (-15.591, 13.490,  0.001) 20.617 
J_iso: -0.0001 
[Testing!] Jprime: 0.000,  B: -0.000
[Testing!] DMI: (-0.0000  0.0000  0.0000)
[Testing!]J_ani:
[[-0.  0.  0.]
 [ 0. -0.  0.]
 [ 0.  0. -0.]]
----------------------------------------------------------------------------------------
   Cr2   Cr1   ( -3,   1,   0) -0.0001   (15.591, -13.490, -0.001) 20.617 
J_iso: -0.0001 
[Testing!] Jprime: 0.000,  B: -0.000
[Testing!] DMI: ( 0.0000 -0.0000 -0.0000)
[Testing!]J_ani:
[[-0.  0.  0.]
 [ 0. -0.  0.]
 [ 0.  0. -0.]]
----------------------------------------------------------------------------------------
   Cr1   Cr2   ( -1,   3,   0) -0.0001   (-15.591, -13.490, -0.001) 20.617 
J_iso: -0.0001 
[Testing!] Jprime: 0.000,  B: -0.000
[Testing!] DMI: ( 0.0000  0.0000  0.0000)
[Testing!]J_ani:
[[-0. -0. -0.]
 [-0. -0.  0.]
 [-0.  0. -0.]]
----------------------------------------------------------------------------------------
   Cr2   Cr1   (  1,  -3,   0) -0.0001   (15.591, 13.490,  0.001) 20.617 
J_iso: -0.0001 
[Testing!] Jprime: 0.000,  B: -0.000
[Testing!] DMI: (-0.0000 -0.0000 -0.0000)
[Testing!]J_ani:
[[-0. -0. -0.]
 [-0. -0.  0.]
 [-0.  0. -0.]]
----------------------------------------------------------------------------------------
   Cr1   Cr2   ( -3,  -1,   0) -0.0001   (19.503, -6.745, -0.001) 20.637 
J_iso: -0.0001 
[Testing!] Jprime: 0.000,  B: -0.000
[Testing!] DMI: (-0.0000 -0.0000  0.0000)
[Testing!]J_ani:
[[-0. -0.  0.]
 [-0. -0.  0.]
 [ 0.  0. -0.]]
----------------------------------------------------------------------------------------
   Cr2   Cr1   (  3,   1,   0) -0.0001   (-19.503,  6.745,  0.001) 20.637 
J_iso: -0.0001 
[Testing!] Jprime: 0.000,  B: -0.000
[Testing!] DMI: ( 0.0000  0.0000 -0.0000)
[Testing!]J_ani:
[[-0. -0.  0.]
 [-0. -0.  0.]
 [ 0.  0. -0.]]
----------------------------------------------------------------------------------------
   Cr1   Cr2   ( -1,  -3,   0) -0.0001   (19.503,  6.745,  0.001) 20.637 
J_iso: -0.0001 
[Testing!] Jprime: 0.000,  B: -0.000
[Testing!] DMI: ( 0.0000 -0.0000  0.0000)
[Testing!]J_ani:
[[-0.  0. -0.]
 [ 0. -0.  0.]
 [-0.  0. -0.]]
----------------------------------------------------------------------------------------
   Cr2   Cr1   (  1,   3,   0) -0.0001   (-19.503, -6.745, -0.001) 20.637 
J_iso: -0.0001 
[Testing!] Jprime: 0.000,  B: -0.000
[Testing!] DMI: (-0.0000  0.0000 -0.0000)
[Testing!]J_ani:
[[-0.  0. -0.]
 [ 0. -0.  0.]
 [-0.  0. -0.]]
----------------------------------------------------------------------------------------
   Cr2   Cr1   ( -2,  -1,   0) -0.0000   (21.440, -3.372, -0.000) 21.703 
J_iso: -0.0000 
[Testing!] Jprime: 0.001,  B: -0.000
[Testing!] DMI: ( 0.0000 -0.0000 -0.0000)
[Testing!]J_ani:
[[-0.  0.  0.]
 [ 0. -0. -0.]
 [ 0. -0. -0.]]
----------------------------------------------------------------------------------------
   Cr1   Cr2   (  2,   1,   0) -0.0000   (-21.440,  3.372,  0.000) 21.703 
J_iso: -0.0000 
[Testing!] Jprime: 0.001,  B: -0.000
[Testing!] DMI: (-0.0000  0.0000  0.0000)
[Testing!]J_ani:
[[-0.  0.  0.]
 [ 0. -0. -0.]
 [ 0. -0. -0.]]
----------------------------------------------------------------------------------------
   Cr2   Cr1   ( -1,  -2,   0) -0.0000   (21.440,  3.372,  0.000) 21.703 
J_iso: -0.0000 
[Testing!] Jprime: 0.001,  B: -0.000
[Testing!] DMI: (-0.0000 -0.0000 -0.0000)
[Testing!]J_ani:
[[-0. -0. -0.]
 [-0. -0. -0.]
 [-0. -0. -0.]]
----------------------------------------------------------------------------------------
   Cr1   Cr2   (  1,   2,   0) -0.0000   (-21.440, -3.372, -0.000) 21.703 
J_iso: -0.0000 
[Testing!] Jprime: 0.001,  B: -0.000
[Testing!] DMI: ( 0.0000  0.0000  0.0000)
[Testing!]J_ani:
[[-0. -0. -0.]
 [-0. -0. -0.]
 [-0. -0. -0.]]
----------------------------------------------------------------------------------------
   Cr1   Cr1   ( -2,  -2,   0)  0.0000   (23.396,  0.000, -0.000) 23.396 
J_iso:  0.0000 
[Testing!] Jprime: 0.001,  B: -0.000
[Testing!] DMI: (-0.0000 -0.0000 -0.0000)
[Testing!]J_ani:
[[-0.  0.  0.]
 [ 0. -0. -0.]
 [ 0. -0. -0.]]
----------------------------------------------------------------------------------------
   Cr2   Cr2   ( -2,  -2,   0)  0.0000   (23.396,  0.000, -0.000) 23.396 
J_iso:  0.0000 
[Testing!] Jprime: 0.001,  B: -0.000
[Testing!] DMI: ( 0.0000 -0.0000 -0.0000)
[Testing!]J_ani:
[[-0. -0. -0.]
 [-0. -0. -0.]
 [-0. -0. -0.]]
----------------------------------------------------------------------------------------
   Cr1   Cr1   (  2,   2,   0)  0.0000   (-23.396, -0.000,  0.000) 23.396 
J_iso:  0.0000 
[Testing!] Jprime: 0.001,  B: -0.000
[Testing!] DMI: ( 0.0000  0.0000  0.0000)
[Testing!]J_ani:
[[-0.  0.  0.]
 [ 0. -0. -0.]
 [ 0. -0. -0.]]
----------------------------------------------------------------------------------------
   Cr2   Cr2   (  2,   2,   0)  0.0000   (-23.396, -0.000,  0.000) 23.396 
J_iso:  0.0000 
[Testing!] Jprime: 0.001,  B: -0.000
[Testing!] DMI: (-0.0000  0.0000  0.0000)
[Testing!]J_ani:
[[-0. -0. -0.]
 [-0. -0. -0.]
 [-0. -0. -0.]]
----------------------------------------------------------------------------------------
   Cr2   Cr1   ( -3,   0,   0)  0.0001   (21.440, -10.117, -0.001) 23.707 
J_iso:  0.0001 
[Testing!] Jprime: 0.000,  B: -0.000
[Testing!] DMI: ( 0.0000 -0.0000 -0.0000)
[Testing!]J_ani:
[[-0.  0.  0.]
 [ 0. -0.  0.]
 [ 0.  0. -0.]]
----------------------------------------------------------------------------------------
   Cr1   Cr2   (  3,   0,   0)  0.0001   (-21.440, 10.117,  0.001) 23.707 
J_iso:  0.0001 
[Testing!] Jprime: 0.000,  B: -0.000
[Testing!] DMI: (-0.0000  0.0000  0.0000)
[Testing!]J_ani:
[[-0.  0.  0.]
 [ 0. -0.  0.]
 [ 0.  0. -0.]]
----------------------------------------------------------------------------------------
   Cr2   Cr1   (  0,  -3,   0)  0.0001   (21.440, 10.117,  0.001) 23.707 
J_iso:  0.0001 
[Testing!] Jprime: 0.000,  B: -0.000
[Testing!] DMI: (-0.0000 -0.0000 -0.0000)
[Testing!]J_ani:
[[-0. -0. -0.]
 [-0. -0.  0.]
 [-0.  0. -0.]]
----------------------------------------------------------------------------------------
   Cr1   Cr2   (  0,   3,   0)  0.0001   (-21.440, -10.117, -0.001) 23.707 
J_iso:  0.0001 
[Testing!] Jprime: 0.000,  B: -0.000
[Testing!] DMI: ( 0.0000  0.0000  0.0000)
[Testing!]J_ani:
[[-0. -0. -0.]
 [-0. -0.  0.]
 [-0.  0. -0.]]
----------------------------------------------------------------------------------------
   Cr1   Cr1   ( -3,  -1,   0)  0.0001   (23.396, -6.745, -0.001) 24.349 
J_iso:  0.0001 
[Testing!] Jprime: 0.000,  B: -0.000
[Testing!] DMI: ( 0.0000  0.0000 -0.0000)
[Testing!]J_ani:
[[-0. -0.  0.]
 [-0. -0.  0.]
 [ 0.  0. -0.]]
----------------------------------------------------------------------------------------
   Cr2   Cr2   ( -3,  -1,   0)  0.0001   (23.396, -6.745, -0.001) 24.349 
J_iso:  0.0001 
[Testing!] Jprime: 0.000,  B: -0.000
[Testing!] DMI: (-0.0000 -0.0000  0.0000)
[Testing!]J_ani:
[[-0. -0.  0.]
 [-0. -0.  0.]
 [ 0.  0. -0.]]
----------------------------------------------------------------------------------------
   Cr1   Cr1   (  3,   1,   0)  0.0001   (-23.396,  6.745,  0.001) 24.349 
J_iso:  0.0001 
[Testing!] Jprime: 0.000,  B: -0.000
[Testing!] DMI: (-0.0000 -0.0000  0.0000)
[Testing!]J_ani:
[[-0. -0.  0.]
 [-0. -0.  0.]
 [ 0.  0. -0.]]
----------------------------------------------------------------------------------------
   Cr2   Cr2   (  3,   1,   0)  0.0001   (-23.396,  6.745,  0.001) 24.349 
J_iso:  0.0001 
[Testing!] Jprime: 0.000,  B: -0.000
[Testing!] DMI: ( 0.0000  0.0000 -0.0000)
[Testing!]J_ani:
[[-0. -0.  0.]
 [-0. -0.  0.]
 [ 0.  0. -0.]]
----------------------------------------------------------------------------------------
   Cr1   Cr1   ( -1,  -3,   0)  0.0001   (23.396,  6.745,  0.001) 24.349 
J_iso:  0.0001 
[Testing!] Jprime: 0.000,  B: -0.000
[Testing!] DMI: ( 0.0000 -0.0000  0.0000)
[Testing!]J_ani:
[[-0.  0. -0.]
 [ 0. -0.  0.]
 [-0.  0. -0.]]
----------------------------------------------------------------------------------------
   Cr2   Cr2   ( -1,  -3,   0)  0.0001   (23.396,  6.745,  0.001) 24.349 
J_iso:  0.0001 
[Testing!] Jprime: 0.000,  B: -0.000
[Testing!] DMI: (-0.0000  0.0000 -0.0000)
[Testing!]J_ani:
[[-0.  0. -0.]
 [ 0. -0.  0.]
 [-0.  0. -0.]]
----------------------------------------------------------------------------------------
   Cr1   Cr1   (  1,   3,   0)  0.0001   (-23.396, -6.745, -0.001) 24.349 
J_iso:  0.0001 
[Testing!] Jprime: 0.000,  B: -0.000
[Testing!] DMI: (-0.0000  0.0000 -0.0000)
[Testing!]J_ani:
[[-0.  0. -0.]
 [ 0. -0.  0.]
 [-0.  0. -0.]]
----------------------------------------------------------------------------------------
   Cr2   Cr2   (  1,   3,   0)  0.0001   (-23.396, -6.745, -0.001) 24.349 
J_iso:  0.0001 
[Testing!] Jprime: 0.000,  B: -0.000
[Testing!] DMI: ( 0.0000 -0.0000  0.0000)
[Testing!]J_ani:
[[-0.  0. -0.]
 [ 0. -0.  0.]
 [-0.  0. -0.]]
----------------------------------------------------------------------------------------
   Cr1   Cr2   ( -3,  -2,   0) -0.0000   (25.352, -3.372, -0.000) 25.576 
J_iso: -0.0000 
[Testing!] Jprime: 0.000,  B: -0.000
[Testing!] DMI: ( 0.0000 -0.0000 -0.0000)
[Testing!]J_ani:
[[-0.  0.  0.]
 [ 0. -0.  0.]
 [ 0.  0. -0.]]
----------------------------------------------------------------------------------------
   Cr2   Cr1   (  3,   2,   0) -0.0000   (-25.352,  3.372,  0.000) 25.576 
J_iso: -0.0000 
[Testing!] Jprime: 0.000,  B: -0.000
[Testing!] DMI: (-0.0000  0.0000  0.0000)
[Testing!]J_ani:
[[-0.  0.  0.]
 [ 0. -0.  0.]
 [ 0.  0. -0.]]
----------------------------------------------------------------------------------------
   Cr1   Cr2   ( -2,  -3,   0) -0.0000   (25.352,  3.372,  0.000) 25.576 
J_iso: -0.0000 
[Testing!] Jprime: 0.000,  B: -0.000
[Testing!] DMI: (-0.0000 -0.0000 -0.0000)
[Testing!]J_ani:
[[-0. -0. -0.]
 [-0. -0.  0.]
 [-0.  0. -0.]]
----------------------------------------------------------------------------------------
   Cr2   Cr1   (  2,   3,   0) -0.0000   (-25.352, -3.372, -0.000) 25.576 
J_iso: -0.0000 
[Testing!] Jprime: 0.000,  B: -0.000
[Testing!] DMI: ( 0.0000  0.0000  0.0000)
[Testing!]J_ani:
[[-0. -0. -0.]
 [-0. -0.  0.]
 [-0.  0. -0.]]
----------------------------------------------------------------------------------------
   Cr2   Cr1   ( -2,  -2,   0) -0.0001   (27.289,  0.000, -0.000) 27.289 
J_iso: -0.0001 
[Testing!] Jprime: 0.001,  B: -0.000
[Testing!] DMI: ( 0.0000  0.0000  0.0000)
[Testing!]J_ani:
[[ 0. -0. -0.]
 [-0.  0. -0.]
 [-0. -0. -0.]]
----------------------------------------------------------------------------------------
   Cr1   Cr2   (  2,   2,   0) -0.0001   (-27.289, -0.000,  0.000) 27.289 
J_iso: -0.0001 
[Testing!] Jprime: 0.001,  B: -0.000
[Testing!] DMI: (-0.0000 -0.0000 -0.0000)
[Testing!]J_ani:
[[ 0. -0. -0.]
 [-0.  0. -0.]
 [-0. -0. -0.]]
----------------------------------------------------------------------------------------
   Cr2   Cr1   ( -3,  -1,   0) -0.0000   (27.289, -6.745, -0.001) 28.110 
J_iso: -0.0000 
[Testing!] Jprime: 0.001,  B: -0.000
[Testing!] DMI: ( 0.0000 -0.0000 -0.0000)
[Testing!]J_ani:
[[-0. -0. -0.]
 [-0. -0.  0.]
 [-0.  0. -0.]]
----------------------------------------------------------------------------------------
   Cr1   Cr2   (  3,   1,   0) -0.0000   (-27.289,  6.745,  0.001) 28.110 
J_iso: -0.0000 
[Testing!] Jprime: 0.001,  B: -0.000
[Testing!] DMI: (-0.0000  0.0000  0.0000)
[Testing!]J_ani:
[[-0. -0. -0.]
 [-0. -0.  0.]
 [-0.  0. -0.]]
----------------------------------------------------------------------------------------
   Cr2   Cr1   ( -1,  -3,   0) -0.0000   (27.289,  6.745,  0.001) 28.110 
J_iso: -0.0000 
[Testing!] Jprime: 0.001,  B: -0.000
[Testing!] DMI: (-0.0000 -0.0000 -0.0000)
[Testing!]J_ani:
[[-0.  0.  0.]
 [ 0. -0.  0.]
 [ 0.  0. -0.]]
----------------------------------------------------------------------------------------
   Cr1   Cr2   (  1,   3,   0) -0.0000   (-27.289, -6.745, -0.001) 28.110 
J_iso: -0.0000 
[Testing!] Jprime: 0.001,  B: -0.000
[Testing!] DMI: ( 0.0000  0.0000  0.0000)
[Testing!]J_ani:
[[-0.  0.  0.]
 [ 0. -0.  0.]
 [ 0.  0. -0.]]
----------------------------------------------------------------------------------------
   Cr1   Cr1   ( -3,  -2,   0)  0.0000   (29.245, -3.372, -0.000) 29.439 
J_iso:  0.0000 
[Testing!] Jprime: 0.001,  B: -0.000
[Testing!] DMI: ( 0.0000 -0.0000 -0.0000)
[Testing!]J_ani:
[[-0. -0. -0.]
 [-0. -0.  0.]
 [-0.  0. -0.]]
----------------------------------------------------------------------------------------
   Cr2   Cr2   ( -3,  -2,   0)  0.0000   (29.245, -3.372, -0.000) 29.439 
J_iso:  0.0000 
[Testing!] Jprime: 0.001,  B: -0.000
[Testing!] DMI: (-0.0000  0.0000  0.0000)
[Testing!]J_ani:
[[-0. -0. -0.]
 [-0. -0.  0.]
 [-0.  0. -0.]]
----------------------------------------------------------------------------------------
   Cr2   Cr2   (  3,   2,   0)  0.0000   (-29.245,  3.372,  0.000) 29.439 
J_iso:  0.0000 
[Testing!] Jprime: 0.001,  B: -0.000
[Testing!] DMI: ( 0.0000 -0.0000 -0.0000)
[Testing!]J_ani:
[[-0. -0. -0.]
 [-0. -0.  0.]
 [-0.  0. -0.]]
----------------------------------------------------------------------------------------
   Cr1   Cr1   (  3,   2,   0)  0.0000   (-29.245,  3.372,  0.000) 29.439 
J_iso:  0.0000 
[Testing!] Jprime: 0.001,  B: -0.000
[Testing!] DMI: (-0.0000  0.0000  0.0000)
[Testing!]J_ani:
[[-0. -0. -0.]
 [-0. -0.  0.]
 [-0.  0. -0.]]
----------------------------------------------------------------------------------------
   Cr1   Cr1   ( -2,  -3,   0)  0.0000   (29.245,  3.372,  0.000) 29.439 
J_iso:  0.0000 
[Testing!] Jprime: 0.001,  B: -0.000
[Testing!] DMI: ( 0.0000  0.0000  0.0000)
[Testing!]J_ani:
[[-0.  0.  0.]
 [ 0. -0.  0.]
 [ 0.  0. -0.]]
----------------------------------------------------------------------------------------
   Cr2   Cr2   ( -2,  -3,   0)  0.0000   (29.245,  3.372,  0.000) 29.439 
J_iso:  0.0000 
[Testing!] Jprime: 0.001,  B: -0.000
[Testing!] DMI: (-0.0000 -0.0000 -0.0000)
[Testing!]J_ani:
[[-0.  0.  0.]
 [ 0. -0.  0.]
 [ 0.  0. -0.]]
----------------------------------------------------------------------------------------
   Cr2   Cr2   (  2,   3,   0)  0.0000   (-29.245, -3.372, -0.000) 29.439 
J_iso:  0.0000 
[Testing!] Jprime: 0.001,  B: -0.000
[Testing!] DMI: ( 0.0000  0.0000  0.0000)
[Testing!]J_ani:
[[-0.  0.  0.]
 [ 0. -0.  0.]
 [ 0.  0. -0.]]
----------------------------------------------------------------------------------------
   Cr1   Cr1   (  2,   3,   0)  0.0000   (-29.245, -3.372, -0.000) 29.439 
J_iso:  0.0000 
[Testing!] Jprime: 0.001,  B: -0.000
[Testing!] DMI: (-0.0000 -0.0000 -0.0000)
[Testing!]J_ani:
[[-0.  0.  0.]
 [ 0. -0.  0.]
 [ 0.  0. -0.]]
----------------------------------------------------------------------------------------
   Cr1   Cr2   ( -3,  -3,   0) -0.0000   (31.201,  0.000,  0.000) 31.201 
J_iso: -0.0000 
[Testing!] Jprime: 0.000,  B: -0.000
[Testing!] DMI: ( 0.0000  0.0000 -0.0000)
[Testing!]J_ani:
[[ 0.  0.  0.]
 [ 0. -0. -0.]
 [ 0. -0. -0.]]
----------------------------------------------------------------------------------------
   Cr2   Cr1   (  3,   3,   0) -0.0000   (-31.201, -0.000, -0.000) 31.201 
J_iso: -0.0000 
[Testing!] Jprime: 0.000,  B: -0.000
[Testing!] DMI: (-0.0000 -0.0000  0.0000)
[Testing!]J_ani:
[[ 0.  0.  0.]
 [ 0. -0. -0.]
 [ 0. -0. -0.]]
----------------------------------------------------------------------------------------
   Cr1   Cr2   (  3,   2,   0) -0.0000   (-33.138,  3.372,  0.000) 33.309 
J_iso: -0.0000 
[Testing!] Jprime: 0.001,  B: -0.000
[Testing!] DMI: (-0.0000 -0.0000  0.0000)
[Testing!]J_ani:
[[-0. -0. -0.]
 [-0. -0.  0.]
 [-0.  0. -0.]]
----------------------------------------------------------------------------------------
   Cr2   Cr1   ( -3,  -2,   0) -0.0000   (33.138, -3.372, -0.000) 33.309 
J_iso: -0.0000 
[Testing!] Jprime: 0.001,  B: -0.000
[Testing!] DMI: ( 0.0000  0.0000 -0.0000)
[Testing!]J_ani:
[[-0. -0. -0.]
 [-0. -0.  0.]
 [-0.  0. -0.]]
----------------------------------------------------------------------------------------
   Cr1   Cr2   (  2,   3,   0) -0.0000   (-33.138, -3.372, -0.000) 33.309 
J_iso: -0.0000 
[Testing!] Jprime: 0.001,  B: -0.000
[Testing!] DMI: ( 0.0000 -0.0000  0.0000)
[Testing!]J_ani:
[[-0.  0.  0.]
 [ 0. -0.  0.]
 [ 0.  0. -0.]]
----------------------------------------------------------------------------------------
   Cr2   Cr1   ( -2,  -3,   0) -0.0000   (33.138,  3.372,  0.000) 33.309 
J_iso: -0.0000 
[Testing!] Jprime: 0.001,  B: -0.000
[Testing!] DMI: (-0.0000  0.0000 -0.0000)
[Testing!]J_ani:
[[-0.  0.  0.]
 [ 0. -0.  0.]
 [ 0.  0. -0.]]
----------------------------------------------------------------------------------------
   Cr1   Cr1   ( -3,  -3,   0)  0.0001   (35.094,  0.000, -0.000) 35.094 
J_iso:  0.0001 
[Testing!] Jprime: 0.000,  B: -0.000
[Testing!] DMI: (-0.0000  0.0000 -0.0000)
[Testing!]J_ani:
[[-0. -0.  0.]
 [-0. -0. -0.]
 [ 0. -0. -0.]]
----------------------------------------------------------------------------------------
   Cr2   Cr2   ( -3,  -3,   0)  0.0001   (35.094,  0.000, -0.000) 35.094 
J_iso:  0.0001 
[Testing!] Jprime: 0.000,  B: -0.000
[Testing!] DMI: ( 0.0000  0.0000 -0.0000)
[Testing!]J_ani:
[[-0.  0. -0.]
 [ 0. -0. -0.]
 [-0. -0. -0.]]
----------------------------------------------------------------------------------------
   Cr1   Cr1   (  3,   3,   0)  0.0001   (-35.094, -0.000,  0.000) 35.094 
J_iso:  0.0001 
[Testing!] Jprime: 0.000,  B: -0.000
[Testing!] DMI: ( 0.0000 -0.0000  0.0000)
[Testing!]J_ani:
[[-0. -0.  0.]
 [-0. -0. -0.]
 [ 0. -0. -0.]]
----------------------------------------------------------------------------------------
   Cr2   Cr2   (  3,   3,   0)  0.0001   (-35.094, -0.000,  0.000) 35.094 
J_iso:  0.0001 
[Testing!] Jprime: 0.000,  B: -0.000
[Testing!] DMI: (-0.0000 -0.0000  0.0000)
[Testing!]J_ani:
[[-0.  0. -0.]
 [ 0. -0. -0.]
 [-0. -0. -0.]]
----------------------------------------------------------------------------------------
   Cr1   Cr2   (  3,   3,   0)  0.0001   (-38.987, -0.000,  0.000) 38.987 
J_iso:  0.0001 
[Testing!] Jprime: 0.001,  B: -0.000
[Testing!] DMI: ( 0.0000 -0.0000  0.0000)
[Testing!]J_ani:
[[-0.  0.  0.]
 [ 0. -0. -0.]
 [ 0. -0. -0.]]
----------------------------------------------------------------------------------------
   Cr2   Cr1   ( -3,  -3,   0)  0.0001   (38.987,  0.000, -0.000) 38.987 
J_iso:  0.0001 
[Testing!] Jprime: 0.001,  B: -0.000
[Testing!] DMI: (-0.0000  0.0000 -0.0000)
[Testing!]J_ani:
[[-0.  0.  0.]
 [ 0. -0. -0.]
 [ 0. -0. -0.]]
