==========================================================================================
Information: 
Exchange parameters generated by TB2J 0.7.0
Generation time: 21/11/22 17:07:14
 Input from non-collinear Siesta data.
 working directory: /home/hexu/projects/TB2J_tutorial/tutorials/CrI3_Siesta/DFT/x
 fdf_fname: siesta-x.fdf.
Warning: The DMI component parallel to the spin orientation, the Jani which has the component of that orientation should be disregarded
 e.g. if the spins are along z, the xz, yz, zz, zx, zy components and the z component of DMI.
 If you need these component, try to do three calculations with spin along x, y, z,  or use structure with z rotated to x, y and z. And then use TB2J_merge.py to get the full set of parameters.

==========================================================================================
Cell (Angstrom):
 0.000   3.372   5.849
-0.000  -3.372   5.849
13.256   0.001   0.000

==========================================================================================
Atoms:  
(Note: charge and magmoms only count the wannier functions.)
Atom_number      x         y         z     w_charge    M(x)      M(y)      M(z)   
Cr1             6.6281    0.0007    3.9026    5.6940    0.0000    0.0000    3.3506
Cr2             6.6281    0.0007    7.7953    5.6940   -0.0000   -0.0000    3.3506
I1              5.0719    1.1666    2.0276    5.0785   -0.0006    0.0003   -0.1132
I2              8.1847    2.2073    7.8766    5.0785    0.0006   -0.0003   -0.1132
I3              5.0699    1.0412    5.8490    5.0779    0.0000   -0.0000   -0.1146
I4              8.1864   -1.0397    5.8490    5.0779   -0.0000   -0.0000   -0.1146
I5              5.0716   -2.2059    3.8214    5.0785    0.0006   -0.0003   -0.1132
I6              8.1844   -1.1652    9.6703    5.0785   -0.0006    0.0003   -0.1132
Total                                        41.8577   -0.0000    0.0000    6.0192

==========================================================================================
Exchange: 
    i      j          R        J_iso(meV)          vector          distance(A) 
----------------------------------------------------------------------------------------
   Cr1   Cr2   (  0,   0,   0)  1.3698   ( 0.000, -0.000,  3.893)  3.893 
J_iso:  1.3698 
[Testing!] Jprime: 11.185,  B: -5.159
[Testing!] DMI: ( 0.0000  0.0000 -0.0000)
[Testing!]J_ani:
[[ -0.213  -0.415  -0.   ]
 [ -0.415  -0.794   0.   ]
 [ -0.      0.    -10.319]]
----------------------------------------------------------------------------------------
   Cr2   Cr1   (  0,   0,   0)  1.3698   (-0.000,  0.000, -3.893)  3.893 
J_iso:  1.3698 
[Testing!] Jprime: 11.185,  B: -5.159
[Testing!] DMI: (-0.0000 -0.0000  0.0000)
[Testing!]J_ani:
[[ -0.213  -0.415  -0.   ]
 [ -0.415  -0.794   0.   ]
 [ -0.      0.    -10.319]]
----------------------------------------------------------------------------------------
   Cr1   Cr2   (  0,  -1,   0)  1.7351   ( 0.000,  3.372, -1.956)  3.899 
J_iso:  1.7351 
[Testing!] Jprime: 11.854,  B: -5.284
[Testing!] DMI: ( 0.0000 -0.0000 -0.0000)
[Testing!]J_ani:
[[ -0.485   0.209   0.132]
 [  0.209  -0.412  -0.335]
 [  0.132  -0.335 -10.568]]
----------------------------------------------------------------------------------------
   Cr2   Cr1   (  0,   1,   0)  1.7351   (-0.000, -3.372,  1.956)  3.899 
J_iso:  1.7351 
[Testing!] Jprime: 11.854,  B: -5.284
[Testing!] DMI: (-0.0000  0.0000  0.0000)
[Testing!]J_ani:
[[ -0.485   0.209   0.132]
 [  0.209  -0.412  -0.335]
 [  0.132  -0.335 -10.568]]
----------------------------------------------------------------------------------------
   Cr1   Cr2   ( -1,   0,   0)  1.7351   (-0.000, -3.372, -1.956)  3.899 
J_iso:  1.7351 
[Testing!] Jprime: 11.854,  B: -5.284
[Testing!] DMI: ( 0.0000 -0.0000  0.0000)
[Testing!]J_ani:
[[ -0.485   0.209  -0.132]
 [  0.209  -0.412   0.335]
 [ -0.132   0.335 -10.568]]
----------------------------------------------------------------------------------------
   Cr2   Cr1   (  1,   0,   0)  1.7351   ( 0.000,  3.372,  1.956)  3.899 
J_iso:  1.7351 
[Testing!] Jprime: 11.854,  B: -5.284
[Testing!] DMI: (-0.0000  0.0000 -0.0000)
[Testing!]J_ani:
[[ -0.485   0.209  -0.132]
 [  0.209  -0.412   0.335]
 [ -0.132   0.335 -10.568]]
----------------------------------------------------------------------------------------
   Cr1   Cr1   ( -1,   1,   0)  0.8533   (-0.001, -6.745,  0.000)  6.745 
J_iso:  0.8533 
[Testing!] Jprime: 3.211,  B: -1.232
[Testing!] DMI: (-0.0188 -0.0488 -0.0000)
[Testing!]J_ani:
[[-0.103 -0.04   0.   ]
 [-0.04  -0.11  -0.   ]
 [ 0.    -0.    -2.464]]
----------------------------------------------------------------------------------------
   Cr2   Cr2   ( -1,   1,   0)  0.8533   (-0.001, -6.745,  0.000)  6.745 
J_iso:  0.8533 
[Testing!] Jprime: 3.211,  B: -1.232
[Testing!] DMI: ( 0.0188  0.0488 -0.0000)
[Testing!]J_ani:
[[-0.103 -0.04  -0.   ]
 [-0.04  -0.11   0.   ]
 [-0.     0.    -2.464]]
----------------------------------------------------------------------------------------
   Cr1   Cr1   (  1,  -1,   0)  0.8533   ( 0.001,  6.745, -0.000)  6.745 
J_iso:  0.8533 
[Testing!] Jprime: 3.211,  B: -1.232
[Testing!] DMI: ( 0.0188  0.0488  0.0000)
[Testing!]J_ani:
[[-0.103 -0.04   0.   ]
 [-0.04  -0.11  -0.   ]
 [ 0.    -0.    -2.464]]
----------------------------------------------------------------------------------------
   Cr2   Cr2   (  1,  -1,   0)  0.8533   ( 0.001,  6.745, -0.000)  6.745 
J_iso:  0.8533 
[Testing!] Jprime: 3.211,  B: -1.232
[Testing!] DMI: (-0.0188 -0.0488  0.0000)
[Testing!]J_ani:
[[-0.103 -0.04  -0.   ]
 [-0.04  -0.11   0.   ]
 [-0.     0.    -2.464]]
----------------------------------------------------------------------------------------
   Cr1   Cr1   ( -1,   0,   0)  0.8584   (-0.000, -3.372, -5.849)  6.752 
J_iso:  0.8584 
[Testing!] Jprime: 3.238,  B: -1.238
[Testing!] DMI: ( 0.0207 -0.0212 -0.0765)
[Testing!]J_ani:
[[-0.131  0.018 -0.141]
 [ 0.018 -0.06  -0.034]
 [-0.141 -0.034 -2.475]]
----------------------------------------------------------------------------------------
   Cr2   Cr2   ( -1,   0,   0)  0.8584   (-0.000, -3.372, -5.849)  6.752 
J_iso:  0.8584 
[Testing!] Jprime: 3.238,  B: -1.238
[Testing!] DMI: (-0.0207  0.0212  0.0765)
[Testing!]J_ani:
[[-0.131  0.018 -0.141]
 [ 0.018 -0.06  -0.034]
 [-0.141 -0.034 -2.475]]
----------------------------------------------------------------------------------------
   Cr1   Cr1   (  1,   0,   0)  0.8584   ( 0.000,  3.372,  5.849)  6.752 
J_iso:  0.8584 
[Testing!] Jprime: 3.238,  B: -1.238
[Testing!] DMI: (-0.0207  0.0212  0.0765)
[Testing!]J_ani:
[[-0.131  0.018 -0.141]
 [ 0.018 -0.06  -0.034]
 [-0.141 -0.034 -2.475]]
----------------------------------------------------------------------------------------
   Cr2   Cr2   (  1,   0,   0)  0.8584   ( 0.000,  3.372,  5.849)  6.752 
J_iso:  0.8584 
[Testing!] Jprime: 3.238,  B: -1.238
[Testing!] DMI: ( 0.0207 -0.0212 -0.0765)
[Testing!]J_ani:
[[-0.131  0.018 -0.141]
 [ 0.018 -0.06  -0.034]
 [-0.141 -0.034 -2.475]]
----------------------------------------------------------------------------------------
   Cr1   Cr1   (  0,   1,   0)  0.8584   (-0.000, -3.372,  5.849)  6.752 
J_iso:  0.8584 
[Testing!] Jprime: 3.238,  B: -1.238
[Testing!] DMI: ( 0.0207 -0.0212  0.0765)
[Testing!]J_ani:
[[-0.131  0.018  0.141]
 [ 0.018 -0.06   0.034]
 [ 0.141  0.034 -2.475]]
----------------------------------------------------------------------------------------
   Cr1   Cr1   (  0,  -1,   0)  0.8584   ( 0.000,  3.372, -5.849)  6.752 
J_iso:  0.8584 
[Testing!] Jprime: 3.238,  B: -1.238
[Testing!] DMI: (-0.0207  0.0212 -0.0765)
[Testing!]J_ani:
[[-0.131  0.018  0.141]
 [ 0.018 -0.06   0.034]
 [ 0.141  0.034 -2.475]]
----------------------------------------------------------------------------------------
   Cr2   Cr2   (  0,  -1,   0)  0.8584   ( 0.000,  3.372, -5.849)  6.752 
J_iso:  0.8584 
[Testing!] Jprime: 3.238,  B: -1.238
[Testing!] DMI: ( 0.0207 -0.0212  0.0765)
[Testing!]J_ani:
[[-0.131  0.018  0.141]
 [ 0.018 -0.06   0.034]
 [ 0.141  0.034 -2.475]]
----------------------------------------------------------------------------------------
   Cr2   Cr2   (  0,   1,   0)  0.8584   (-0.000, -3.372,  5.849)  6.752 
J_iso:  0.8584 
[Testing!] Jprime: 3.238,  B: -1.238
[Testing!] DMI: (-0.0207  0.0212 -0.0765)
[Testing!]J_ani:
[[-0.131  0.018  0.141]
 [ 0.018 -0.06   0.034]
 [ 0.141  0.034 -2.475]]
----------------------------------------------------------------------------------------
   Cr2   Cr1   ( -1,   1,   0) -0.1160   (-0.001, -6.745, -3.893)  7.788 
J_iso: -0.1160 
[Testing!] Jprime: 0.208,  B: -0.186
[Testing!] DMI: (-0.0000 -0.0000 -0.0000)
[Testing!]J_ani:
[[-0.052  0.012  0.019]
 [ 0.012 -0.044  0.019]
 [ 0.019  0.019 -0.372]]
----------------------------------------------------------------------------------------
   Cr1   Cr2   (  1,  -1,   0) -0.1160   ( 0.001,  6.745,  3.893)  7.788 
J_iso: -0.1160 
[Testing!] Jprime: 0.208,  B: -0.186
[Testing!] DMI: ( 0.0000  0.0000  0.0000)
[Testing!]J_ani:
[[-0.052  0.012  0.019]
 [ 0.012 -0.044  0.019]
 [ 0.019  0.019 -0.372]]
----------------------------------------------------------------------------------------
   Cr1   Cr2   ( -1,   1,   0) -0.1160   (-0.001, -6.745,  3.893)  7.788 
J_iso: -0.1160 
[Testing!] Jprime: 0.208,  B: -0.186
[Testing!] DMI: ( 0.0000  0.0000 -0.0000)
[Testing!]J_ani:
[[-0.052  0.012 -0.019]
 [ 0.012 -0.044 -0.019]
 [-0.019 -0.019 -0.372]]
----------------------------------------------------------------------------------------
   Cr2   Cr1   (  1,  -1,   0) -0.1160   ( 0.001,  6.745, -3.893)  7.788 
J_iso: -0.1160 
[Testing!] Jprime: 0.208,  B: -0.186
[Testing!] DMI: (-0.0000 -0.0000  0.0000)
[Testing!]J_ani:
[[-0.052  0.012 -0.019]
 [ 0.012 -0.044 -0.019]
 [-0.019 -0.019 -0.372]]
----------------------------------------------------------------------------------------
   Cr1   Cr2   ( -1,  -1,   0) -0.1166   ( 0.000,  0.000, -7.805)  7.805 
J_iso: -0.1166 
[Testing!] Jprime: 0.205,  B: -0.185
[Testing!] DMI: ( 0.0000 -0.0000  0.0000)
[Testing!]J_ani:
[[-0.039 -0.021 -0.   ]
 [-0.021 -0.06  -0.   ]
 [-0.    -0.    -0.371]]
----------------------------------------------------------------------------------------
   Cr2   Cr1   (  1,   1,   0) -0.1166   (-0.000, -0.000,  7.805)  7.805 
J_iso: -0.1166 
[Testing!] Jprime: 0.205,  B: -0.185
[Testing!] DMI: (-0.0000  0.0000 -0.0000)
[Testing!]J_ani:
[[-0.039 -0.021 -0.   ]
 [-0.021 -0.06  -0.   ]
 [-0.    -0.    -0.371]]
----------------------------------------------------------------------------------------
   Cr2   Cr1   ( -1,   2,   0)  0.0154   (-0.001, -10.117,  1.956) 10.305 
J_iso:  0.0154 
[Testing!] Jprime: 0.165,  B: -0.080
[Testing!] DMI: ( 0.0000  0.0000  0.0000)
[Testing!]J_ani:
[[-0.01  -0.001  0.008]
 [-0.001 -0.009  0.012]
 [ 0.008  0.012 -0.159]]
----------------------------------------------------------------------------------------
   Cr1   Cr2   (  1,  -2,   0)  0.0154   ( 0.001, 10.117, -1.956) 10.305 
J_iso:  0.0154 
[Testing!] Jprime: 0.165,  B: -0.080
[Testing!] DMI: (-0.0000 -0.0000 -0.0000)
[Testing!]J_ani:
[[-0.01  -0.001  0.008]
 [-0.001 -0.009  0.012]
 [ 0.008  0.012 -0.159]]
----------------------------------------------------------------------------------------
   Cr1   Cr2   ( -2,   1,   0)  0.0154   (-0.001, -10.117, -1.956) 10.305 
J_iso:  0.0154 
[Testing!] Jprime: 0.165,  B: -0.080
[Testing!] DMI: (-0.0000 -0.0000  0.0000)
[Testing!]J_ani:
[[-0.01  -0.001 -0.008]
 [-0.001 -0.009 -0.012]
 [-0.008 -0.012 -0.159]]
----------------------------------------------------------------------------------------
   Cr2   Cr1   (  2,  -1,   0)  0.0154   ( 0.001, 10.117,  1.956) 10.305 
J_iso:  0.0154 
[Testing!] Jprime: 0.165,  B: -0.080
[Testing!] DMI: ( 0.0000  0.0000 -0.0000)
[Testing!]J_ani:
[[-0.01  -0.001 -0.008]
 [-0.001 -0.009 -0.012]
 [-0.008 -0.012 -0.159]]
----------------------------------------------------------------------------------------
   Cr2   Cr1   ( -1,   0,   0)  0.0088   (-0.000, -3.372, -9.742) 10.309 
J_iso:  0.0088 
[Testing!] Jprime: 0.153,  B: -0.077
[Testing!] DMI: ( 0.0000 -0.0000 -0.0000)
[Testing!]J_ani:
[[-0.007  0.001  0.001]
 [ 0.001 -0.011 -0.018]
 [ 0.001 -0.018 -0.153]]
----------------------------------------------------------------------------------------
   Cr1   Cr2   (  1,   0,   0)  0.0088   ( 0.000,  3.372,  9.742) 10.309 
J_iso:  0.0088 
[Testing!] Jprime: 0.153,  B: -0.077
[Testing!] DMI: (-0.0000  0.0000  0.0000)
[Testing!]J_ani:
[[-0.007  0.001  0.001]
 [ 0.001 -0.011 -0.018]
 [ 0.001 -0.018 -0.153]]
----------------------------------------------------------------------------------------
   Cr2   Cr1   (  0,  -1,   0)  0.0088   ( 0.000,  3.372, -9.742) 10.309 
J_iso:  0.0088 
[Testing!] Jprime: 0.153,  B: -0.077
[Testing!] DMI: ( 0.0000 -0.0000  0.0000)
[Testing!]J_ani:
[[-0.007  0.001 -0.001]
 [ 0.001 -0.011  0.018]
 [-0.001  0.018 -0.153]]
----------------------------------------------------------------------------------------
   Cr1   Cr2   (  0,   1,   0)  0.0088   (-0.000, -3.372,  9.742) 10.309 
J_iso:  0.0088 
[Testing!] Jprime: 0.153,  B: -0.077
[Testing!] DMI: (-0.0000  0.0000 -0.0000)
[Testing!]J_ani:
[[-0.007  0.001 -0.001]
 [ 0.001 -0.011  0.018]
 [-0.001  0.018 -0.153]]
----------------------------------------------------------------------------------------
   Cr1   Cr2   ( -2,   0,   0)  0.0065   (-0.001, -6.745, -7.805) 10.316 
J_iso:  0.0065 
[Testing!] Jprime: 0.163,  B: -0.082
[Testing!] DMI: (-0.0000 -0.0000  0.0000)
[Testing!]J_ani:
[[-0.007  0.    -0.008]
 [ 0.    -0.006  0.014]
 [-0.008  0.014 -0.163]]
----------------------------------------------------------------------------------------
   Cr2   Cr1   (  2,   0,   0)  0.0065   ( 0.001,  6.745,  7.805) 10.316 
J_iso:  0.0065 
[Testing!] Jprime: 0.163,  B: -0.082
[Testing!] DMI: ( 0.0000  0.0000 -0.0000)
[Testing!]J_ani:
[[-0.007  0.    -0.008]
 [ 0.    -0.006  0.014]
 [-0.008  0.014 -0.163]]
----------------------------------------------------------------------------------------
   Cr1   Cr2   (  0,  -2,   0)  0.0065   ( 0.001,  6.745, -7.805) 10.316 
J_iso:  0.0065 
[Testing!] Jprime: 0.163,  B: -0.082
[Testing!] DMI: (-0.0000 -0.0000 -0.0000)
[Testing!]J_ani:
[[-0.007  0.     0.008]
 [ 0.    -0.006 -0.014]
 [ 0.008 -0.014 -0.163]]
----------------------------------------------------------------------------------------
   Cr2   Cr1   (  0,   2,   0)  0.0065   (-0.001, -6.745,  7.805) 10.316 
J_iso:  0.0065 
[Testing!] Jprime: 0.163,  B: -0.082
[Testing!] DMI: ( 0.0000  0.0000  0.0000)
[Testing!]J_ani:
[[-0.007  0.     0.008]
 [ 0.    -0.006 -0.014]
 [ 0.008 -0.014 -0.163]]
----------------------------------------------------------------------------------------
   Cr1   Cr1   (  2,  -1,   0) -0.0413   ( 0.001, 10.117,  5.849) 11.686 
J_iso: -0.0413 
[Testing!] Jprime: 0.028,  B: -0.037
[Testing!] DMI: ( 0.0002 -0.0070 -0.0036)
[Testing!]J_ani:
[[-0.005 -0.002 -0.004]
 [-0.002 -0.006 -0.001]
 [-0.004 -0.001 -0.075]]
----------------------------------------------------------------------------------------
   Cr1   Cr1   ( -2,   1,   0) -0.0413   (-0.001, -10.117, -5.849) 11.686 
J_iso: -0.0413 
[Testing!] Jprime: 0.028,  B: -0.037
[Testing!] DMI: (-0.0002  0.0070  0.0036)
[Testing!]J_ani:
[[-0.005 -0.002 -0.004]
 [-0.002 -0.006 -0.001]
 [-0.004 -0.001 -0.075]]
----------------------------------------------------------------------------------------
   Cr2   Cr2   ( -2,   1,   0) -0.0413   (-0.001, -10.117, -5.849) 11.686 
J_iso: -0.0413 
[Testing!] Jprime: 0.028,  B: -0.037
[Testing!] DMI: ( 0.0002 -0.0070 -0.0036)
[Testing!]J_ani:
[[-0.005 -0.002 -0.004]
 [-0.002 -0.006 -0.001]
 [-0.004 -0.001 -0.075]]
----------------------------------------------------------------------------------------
   Cr2   Cr2   (  2,  -1,   0) -0.0413   ( 0.001, 10.117,  5.849) 11.686 
J_iso: -0.0413 
[Testing!] Jprime: 0.028,  B: -0.037
[Testing!] DMI: (-0.0002  0.0070  0.0036)
[Testing!]J_ani:
[[-0.005 -0.002 -0.004]
 [-0.002 -0.006 -0.001]
 [-0.004 -0.001 -0.075]]
----------------------------------------------------------------------------------------
   Cr1   Cr1   ( -1,   2,   0) -0.0413   (-0.001, -10.117,  5.849) 11.686 
J_iso: -0.0413 
[Testing!] Jprime: 0.028,  B: -0.037
[Testing!] DMI: (-0.0002  0.0070 -0.0036)
[Testing!]J_ani:
[[-0.005 -0.002  0.004]
 [-0.002 -0.006  0.001]
 [ 0.004  0.001 -0.075]]
----------------------------------------------------------------------------------------
   Cr2   Cr2   ( -1,   2,   0) -0.0413   (-0.001, -10.117,  5.849) 11.686 
J_iso: -0.0413 
[Testing!] Jprime: 0.028,  B: -0.037
[Testing!] DMI: ( 0.0002 -0.0070  0.0036)
[Testing!]J_ani:
[[-0.005 -0.002  0.004]
 [-0.002 -0.006  0.001]
 [ 0.004  0.001 -0.075]]
----------------------------------------------------------------------------------------
   Cr1   Cr1   (  1,  -2,   0) -0.0413   ( 0.001, 10.117, -5.849) 11.686 
J_iso: -0.0413 
[Testing!] Jprime: 0.028,  B: -0.037
[Testing!] DMI: ( 0.0002 -0.0070  0.0036)
[Testing!]J_ani:
[[-0.005 -0.002  0.004]
 [-0.002 -0.006  0.001]
 [ 0.004  0.001 -0.075]]
----------------------------------------------------------------------------------------
   Cr2   Cr2   (  1,  -2,   0) -0.0413   ( 0.001, 10.117, -5.849) 11.686 
J_iso: -0.0413 
[Testing!] Jprime: 0.028,  B: -0.037
[Testing!] DMI: (-0.0002  0.0070 -0.0036)
[Testing!]J_ani:
[[-0.005 -0.002  0.004]
 [-0.002 -0.006  0.001]
 [ 0.004  0.001 -0.075]]
----------------------------------------------------------------------------------------
   Cr1   Cr1   ( -1,  -1,   0) -0.0424   (-0.000,  0.000, -11.698) 11.698 
J_iso: -0.0424 
[Testing!] Jprime: 0.025,  B: -0.037
[Testing!] DMI: ( 0.0000  0.0000  0.0053)
[Testing!]J_ani:
[[-0.005  0.003 -0.   ]
 [ 0.003 -0.007  0.   ]
 [-0.     0.    -0.074]]
----------------------------------------------------------------------------------------
   Cr2   Cr2   ( -1,  -1,   0) -0.0424   (-0.000,  0.000, -11.698) 11.698 
J_iso: -0.0424 
[Testing!] Jprime: 0.025,  B: -0.037
[Testing!] DMI: ( 0.0000  0.0000 -0.0053)
[Testing!]J_ani:
[[-0.005  0.003  0.   ]
 [ 0.003 -0.007 -0.   ]
 [ 0.    -0.    -0.074]]
----------------------------------------------------------------------------------------
   Cr1   Cr1   (  1,   1,   0) -0.0424   ( 0.000, -0.000, 11.698) 11.698 
J_iso: -0.0424 
[Testing!] Jprime: 0.025,  B: -0.037
[Testing!] DMI: (-0.0000 -0.0000 -0.0053)
[Testing!]J_ani:
[[-0.005  0.003 -0.   ]
 [ 0.003 -0.007  0.   ]
 [-0.     0.    -0.074]]
----------------------------------------------------------------------------------------
   Cr2   Cr2   (  1,   1,   0) -0.0424   ( 0.000, -0.000, 11.698) 11.698 
J_iso: -0.0424 
[Testing!] Jprime: 0.025,  B: -0.037
[Testing!] DMI: (-0.0000 -0.0000  0.0053)
[Testing!]J_ani:
[[-0.005  0.003  0.   ]
 [ 0.003 -0.007 -0.   ]
 [ 0.    -0.    -0.074]]
----------------------------------------------------------------------------------------
   Cr1   Cr1   ( -2,   2,   0) -0.0123   (-0.001, -13.490,  0.000) 13.490 
J_iso: -0.0123 
[Testing!] Jprime: -0.012,  B: -0.001
[Testing!] DMI: (-0.0032  0.0018 -0.0000)
[Testing!]J_ani:
[[-0.001  0.     0.   ]
 [ 0.    -0.003 -0.   ]
 [ 0.    -0.    -0.002]]
----------------------------------------------------------------------------------------
   Cr2   Cr2   ( -2,   2,   0) -0.0123   (-0.001, -13.490,  0.000) 13.490 
J_iso: -0.0123 
[Testing!] Jprime: -0.012,  B: -0.001
[Testing!] DMI: ( 0.0032 -0.0018 -0.0000)
[Testing!]J_ani:
[[-0.001  0.    -0.   ]
 [ 0.    -0.003  0.   ]
 [-0.     0.    -0.002]]
----------------------------------------------------------------------------------------
   Cr1   Cr1   (  2,  -2,   0) -0.0123   ( 0.001, 13.490, -0.000) 13.490 
J_iso: -0.0123 
[Testing!] Jprime: -0.012,  B: -0.001
[Testing!] DMI: ( 0.0032 -0.0018  0.0000)
[Testing!]J_ani:
[[-0.001  0.     0.   ]
 [ 0.    -0.003 -0.   ]
 [ 0.    -0.    -0.002]]
----------------------------------------------------------------------------------------
   Cr2   Cr2   (  2,  -2,   0) -0.0123   ( 0.001, 13.490, -0.000) 13.490 
J_iso: -0.0123 
[Testing!] Jprime: -0.012,  B: -0.001
[Testing!] DMI: (-0.0032  0.0018  0.0000)
[Testing!]J_ani:
[[-0.001  0.    -0.   ]
 [ 0.    -0.003  0.   ]
 [-0.     0.    -0.002]]
----------------------------------------------------------------------------------------
   Cr1   Cr1   ( -2,   0,   0) -0.0121   (-0.001, -6.745, -11.698) 13.503 
J_iso: -0.0121 
[Testing!] Jprime: -0.010,  B: -0.002
[Testing!] DMI: ( 0.0033  0.0007 -0.0029)
[Testing!]J_ani:
[[-0.002 -0.     0.   ]
 [-0.    -0.002 -0.   ]
 [ 0.    -0.    -0.004]]
----------------------------------------------------------------------------------------
   Cr2   Cr2   ( -2,   0,   0) -0.0121   (-0.001, -6.745, -11.698) 13.503 
J_iso: -0.0121 
[Testing!] Jprime: -0.010,  B: -0.002
[Testing!] DMI: (-0.0033 -0.0007  0.0029)
[Testing!]J_ani:
[[-0.002 -0.     0.   ]
 [-0.    -0.002 -0.   ]
 [ 0.    -0.    -0.004]]
----------------------------------------------------------------------------------------
   Cr1   Cr1   (  2,   0,   0) -0.0121   ( 0.001,  6.745, 11.698) 13.503 
J_iso: -0.0121 
[Testing!] Jprime: -0.010,  B: -0.002
[Testing!] DMI: (-0.0033 -0.0007  0.0029)
[Testing!]J_ani:
[[-0.002 -0.     0.   ]
 [-0.    -0.002 -0.   ]
 [ 0.    -0.    -0.004]]
----------------------------------------------------------------------------------------
   Cr2   Cr2   (  2,   0,   0) -0.0121   ( 0.001,  6.745, 11.698) 13.503 
J_iso: -0.0121 
[Testing!] Jprime: -0.010,  B: -0.002
[Testing!] DMI: ( 0.0033  0.0007 -0.0029)
[Testing!]J_ani:
[[-0.002 -0.     0.   ]
 [-0.    -0.002 -0.   ]
 [ 0.    -0.    -0.004]]
----------------------------------------------------------------------------------------
   Cr1   Cr1   (  0,  -2,   0) -0.0121   ( 0.001,  6.745, -11.698) 13.503 
J_iso: -0.0121 
[Testing!] Jprime: -0.010,  B: -0.002
[Testing!] DMI: (-0.0033 -0.0007 -0.0029)
[Testing!]J_ani:
[[-0.002 -0.    -0.   ]
 [-0.    -0.002  0.   ]
 [-0.     0.    -0.004]]
----------------------------------------------------------------------------------------
   Cr2   Cr2   (  0,  -2,   0) -0.0121   ( 0.001,  6.745, -11.698) 13.503 
J_iso: -0.0121 
[Testing!] Jprime: -0.010,  B: -0.002
[Testing!] DMI: ( 0.0033  0.0007  0.0029)
[Testing!]J_ani:
[[-0.002 -0.    -0.   ]
 [-0.    -0.002  0.   ]
 [-0.     0.    -0.004]]
----------------------------------------------------------------------------------------
   Cr1   Cr1   (  0,   2,   0) -0.0121   (-0.001, -6.745, 11.698) 13.503 
J_iso: -0.0121 
[Testing!] Jprime: -0.010,  B: -0.002
[Testing!] DMI: ( 0.0033  0.0007  0.0029)
[Testing!]J_ani:
[[-0.002 -0.    -0.   ]
 [-0.    -0.002  0.   ]
 [-0.     0.    -0.004]]
----------------------------------------------------------------------------------------
   Cr2   Cr2   (  0,   2,   0) -0.0121   (-0.001, -6.745, 11.698) 13.503 
J_iso: -0.0121 
[Testing!] Jprime: -0.010,  B: -0.002
[Testing!] DMI: (-0.0033 -0.0007 -0.0029)
[Testing!]J_ani:
[[-0.002 -0.    -0.   ]
 [-0.    -0.002  0.   ]
 [-0.     0.    -0.004]]
----------------------------------------------------------------------------------------
   Cr2   Cr1   ( -2,   2,   0)  0.0019   (-0.001, -13.490, -3.893) 14.040 
J_iso:  0.0019 
[Testing!] Jprime: 0.012,  B: -0.006
[Testing!] DMI: (-0.0000  0.0000 -0.0000)
[Testing!]J_ani:
[[-0.    -0.    -0.   ]
 [-0.    -0.003 -0.002]
 [-0.    -0.002 -0.012]]
----------------------------------------------------------------------------------------
   Cr1   Cr2   (  2,  -2,   0)  0.0019   ( 0.001, 13.490,  3.893) 14.040 
J_iso:  0.0019 
[Testing!] Jprime: 0.012,  B: -0.006
[Testing!] DMI: ( 0.0000 -0.0000  0.0000)
[Testing!]J_ani:
[[-0.    -0.    -0.   ]
 [-0.    -0.003 -0.002]
 [-0.    -0.002 -0.012]]
----------------------------------------------------------------------------------------
   Cr1   Cr2   ( -2,   2,   0)  0.0019   (-0.001, -13.490,  3.893) 14.040 
J_iso:  0.0019 
[Testing!] Jprime: 0.012,  B: -0.006
[Testing!] DMI: ( 0.0000 -0.0000 -0.0000)
[Testing!]J_ani:
[[-0.    -0.     0.   ]
 [-0.    -0.003  0.002]
 [ 0.     0.002 -0.012]]
----------------------------------------------------------------------------------------
   Cr2   Cr1   (  2,  -2,   0)  0.0019   ( 0.001, 13.490, -3.893) 14.040 
J_iso:  0.0019 
[Testing!] Jprime: 0.012,  B: -0.006
[Testing!] DMI: (-0.0000  0.0000  0.0000)
[Testing!]J_ani:
[[-0.    -0.     0.   ]
 [-0.    -0.003  0.002]
 [ 0.     0.002 -0.012]]
----------------------------------------------------------------------------------------
   Cr2   Cr1   ( -2,   1,   0)  0.0023   (-0.001, -10.117, -9.742) 14.045 
J_iso:  0.0023 
[Testing!] Jprime: 0.012,  B: -0.006
[Testing!] DMI: (-0.0000 -0.0000 -0.0000)
[Testing!]J_ani:
[[-0.001  0.002 -0.   ]
 [ 0.002 -0.003  0.001]
 [-0.     0.001 -0.011]]
----------------------------------------------------------------------------------------
   Cr1   Cr2   (  2,  -1,   0)  0.0023   ( 0.001, 10.117,  9.742) 14.045 
J_iso:  0.0023 
[Testing!] Jprime: 0.012,  B: -0.006
[Testing!] DMI: ( 0.0000  0.0000  0.0000)
[Testing!]J_ani:
[[-0.001  0.002 -0.   ]
 [ 0.002 -0.003  0.001]
 [-0.     0.001 -0.011]]
----------------------------------------------------------------------------------------
   Cr1   Cr2   ( -1,   2,   0)  0.0023   (-0.001, -10.117,  9.742) 14.045 
J_iso:  0.0023 
[Testing!] Jprime: 0.012,  B: -0.006
[Testing!] DMI: ( 0.0000  0.0000 -0.0000)
[Testing!]J_ani:
[[-0.001  0.002  0.   ]
 [ 0.002 -0.003 -0.001]
 [ 0.    -0.001 -0.011]]
----------------------------------------------------------------------------------------
   Cr2   Cr1   (  1,  -2,   0)  0.0023   ( 0.001, 10.117, -9.742) 14.045 
J_iso:  0.0023 
[Testing!] Jprime: 0.012,  B: -0.006
[Testing!] DMI: (-0.0000 -0.0000  0.0000)
[Testing!]J_ani:
[[-0.001  0.002  0.   ]
 [ 0.002 -0.003 -0.001]
 [ 0.    -0.001 -0.011]]
----------------------------------------------------------------------------------------
   Cr2   Cr1   (  2,   1,   0)  0.0022   ( 0.000,  3.372, 13.654) 14.065 
J_iso:  0.0022 
[Testing!] Jprime: 0.012,  B: -0.006
[Testing!] DMI: (-0.0000  0.0000  0.0000)
[Testing!]J_ani:
[[-0.001 -0.001  0.   ]
 [-0.001 -0.003 -0.001]
 [ 0.    -0.001 -0.011]]
----------------------------------------------------------------------------------------
   Cr1   Cr2   ( -2,  -1,   0)  0.0022   (-0.000, -3.372, -13.654) 14.065 
J_iso:  0.0022 
[Testing!] Jprime: 0.012,  B: -0.006
[Testing!] DMI: ( 0.0000 -0.0000 -0.0000)
[Testing!]J_ani:
[[-0.001 -0.001  0.   ]
 [-0.001 -0.003 -0.001]
 [ 0.    -0.001 -0.011]]
----------------------------------------------------------------------------------------
   Cr2   Cr1   (  1,   2,   0)  0.0022   (-0.000, -3.372, 13.654) 14.065 
J_iso:  0.0022 
[Testing!] Jprime: 0.012,  B: -0.006
[Testing!] DMI: (-0.0000  0.0000 -0.0000)
[Testing!]J_ani:
[[-0.001 -0.001 -0.   ]
 [-0.001 -0.003  0.001]
 [-0.     0.001 -0.011]]
----------------------------------------------------------------------------------------
   Cr1   Cr2   ( -1,  -2,   0)  0.0022   ( 0.000,  3.372, -13.654) 14.065 
J_iso:  0.0022 
[Testing!] Jprime: 0.012,  B: -0.006
[Testing!] DMI: ( 0.0000 -0.0000  0.0000)
[Testing!]J_ani:
[[-0.001 -0.001 -0.   ]
 [-0.001 -0.003  0.001]
 [-0.     0.001 -0.011]]
----------------------------------------------------------------------------------------
   Cr1   Cr2   ( -3,   1,   0) -0.0057   (-0.001, -13.490, -7.805) 15.585 
J_iso: -0.0057 
[Testing!] Jprime: 0.012,  B: -0.010
[Testing!] DMI: ( 0.0000 -0.0000  0.0000)
[Testing!]J_ani:
[[-0.002 -0.    -0.001]
 [-0.    -0.001  0.   ]
 [-0.001  0.    -0.019]]
----------------------------------------------------------------------------------------
   Cr2   Cr1   (  3,  -1,   0) -0.0057   ( 0.001, 13.490,  7.805) 15.585 
J_iso: -0.0057 
[Testing!] Jprime: 0.012,  B: -0.010
[Testing!] DMI: (-0.0000  0.0000 -0.0000)
[Testing!]J_ani:
[[-0.002 -0.    -0.001]
 [-0.    -0.001  0.   ]
 [-0.001  0.    -0.019]]
----------------------------------------------------------------------------------------
   Cr1   Cr2   (  1,  -3,   0) -0.0057   ( 0.001, 13.490, -7.805) 15.585 
J_iso: -0.0057 
[Testing!] Jprime: 0.012,  B: -0.010
[Testing!] DMI: ( 0.0000 -0.0000 -0.0000)
[Testing!]J_ani:
[[-0.002 -0.     0.001]
 [-0.    -0.001 -0.   ]
 [ 0.001 -0.    -0.019]]
----------------------------------------------------------------------------------------
   Cr2   Cr1   ( -1,   3,   0) -0.0057   (-0.001, -13.490,  7.805) 15.585 
J_iso: -0.0057 
[Testing!] Jprime: 0.012,  B: -0.010
[Testing!] DMI: (-0.0000  0.0000  0.0000)
[Testing!]J_ani:
[[-0.002 -0.     0.001]
 [-0.    -0.001 -0.   ]
 [ 0.001 -0.    -0.019]]
----------------------------------------------------------------------------------------
   Cr2   Cr1   ( -1,  -1,   0) -0.0067   (-0.000,  0.000, -15.591) 15.591 
J_iso: -0.0067 
[Testing!] Jprime: 0.009,  B: -0.009
[Testing!] DMI: (-0.0000 -0.0000  0.0000)
[Testing!]J_ani:
[[-0.001  0.001 -0.   ]
 [ 0.001 -0.001  0.   ]
 [-0.     0.    -0.017]]
----------------------------------------------------------------------------------------
   Cr1   Cr2   (  1,   1,   0) -0.0067   ( 0.000, -0.000, 15.591) 15.591 
J_iso: -0.0067 
[Testing!] Jprime: 0.009,  B: -0.009
[Testing!] DMI: ( 0.0000  0.0000 -0.0000)
[Testing!]J_ani:
[[-0.001  0.001 -0.   ]
 [ 0.001 -0.001  0.   ]
 [-0.     0.    -0.017]]
----------------------------------------------------------------------------------------
   Cr2   Cr1   ( -2,   3,   0) -0.0013   (-0.002, -16.862,  1.956) 16.976 
J_iso: -0.0013 
[Testing!] Jprime: 0.000,  B: -0.001
[Testing!] DMI: (-0.0000  0.0000 -0.0000)
[Testing!]J_ani:
[[-0.    -0.     0.   ]
 [-0.    -0.001  0.001]
 [ 0.     0.001 -0.002]]
----------------------------------------------------------------------------------------
   Cr1   Cr2   (  2,  -3,   0) -0.0013   ( 0.002, 16.862, -1.956) 16.976 
J_iso: -0.0013 
[Testing!] Jprime: 0.000,  B: -0.001
[Testing!] DMI: ( 0.0000 -0.0000  0.0000)
[Testing!]J_ani:
[[-0.    -0.     0.   ]
 [-0.    -0.001  0.001]
 [ 0.     0.001 -0.002]]
----------------------------------------------------------------------------------------
   Cr1   Cr2   ( -3,   2,   0) -0.0013   (-0.002, -16.862, -1.956) 16.976 
J_iso: -0.0013 
[Testing!] Jprime: 0.000,  B: -0.001
[Testing!] DMI: ( 0.0000 -0.0000 -0.0000)
[Testing!]J_ani:
[[-0.    -0.    -0.   ]
 [-0.    -0.001 -0.001]
 [-0.    -0.001 -0.002]]
----------------------------------------------------------------------------------------
   Cr2   Cr1   (  3,  -2,   0) -0.0013   ( 0.002, 16.862,  1.956) 16.976 
J_iso: -0.0013 
[Testing!] Jprime: 0.000,  B: -0.001
[Testing!] DMI: (-0.0000  0.0000  0.0000)
[Testing!]J_ani:
[[-0.    -0.    -0.   ]
 [-0.    -0.001 -0.001]
 [-0.    -0.001 -0.002]]
----------------------------------------------------------------------------------------
   Cr2   Cr1   ( -2,   0,   0) -0.0012   (-0.001, -6.745, -15.591) 16.987 
J_iso: -0.0012 
[Testing!] Jprime: 0.001,  B: -0.001
[Testing!] DMI: (-0.0000 -0.0000  0.0000)
[Testing!]J_ani:
[[-0.     0.    -0.   ]
 [ 0.    -0.001 -0.001]
 [-0.    -0.001 -0.002]]
----------------------------------------------------------------------------------------
   Cr1   Cr2   (  2,   0,   0) -0.0012   ( 0.001,  6.745, 15.591) 16.987 
J_iso: -0.0012 
[Testing!] Jprime: 0.001,  B: -0.001
[Testing!] DMI: ( 0.0000  0.0000 -0.0000)
[Testing!]J_ani:
[[-0.     0.    -0.   ]
 [ 0.    -0.001 -0.001]
 [-0.    -0.001 -0.002]]
----------------------------------------------------------------------------------------
   Cr2   Cr1   (  0,  -2,   0) -0.0012   ( 0.001,  6.745, -15.591) 16.987 
J_iso: -0.0012 
[Testing!] Jprime: 0.001,  B: -0.001
[Testing!] DMI: (-0.0000 -0.0000 -0.0000)
[Testing!]J_ani:
[[-0.     0.     0.   ]
 [ 0.    -0.001  0.001]
 [ 0.     0.001 -0.002]]
----------------------------------------------------------------------------------------
   Cr1   Cr2   (  0,   2,   0) -0.0012   (-0.001, -6.745, 15.591) 16.987 
J_iso: -0.0012 
[Testing!] Jprime: 0.001,  B: -0.001
[Testing!] DMI: ( 0.0000  0.0000  0.0000)
[Testing!]J_ani:
[[-0.     0.     0.   ]
 [ 0.    -0.001  0.001]
 [ 0.     0.001 -0.002]]
----------------------------------------------------------------------------------------
   Cr2   Cr1   (  3,   0,   0) -0.0012   ( 0.001, 10.117, 13.654) 16.994 
J_iso: -0.0012 
[Testing!] Jprime: 0.001,  B: -0.001
[Testing!] DMI: (-0.0000  0.0000  0.0000)
[Testing!]J_ani:
[[-0.     0.    -0.   ]
 [ 0.    -0.001  0.001]
 [-0.     0.001 -0.002]]
----------------------------------------------------------------------------------------
   Cr1   Cr2   ( -3,   0,   0) -0.0012   (-0.001, -10.117, -13.654) 16.994 
J_iso: -0.0012 
[Testing!] Jprime: 0.001,  B: -0.001
[Testing!] DMI: ( 0.0000 -0.0000 -0.0000)
[Testing!]J_ani:
[[-0.     0.    -0.   ]
 [ 0.    -0.001  0.001]
 [-0.     0.001 -0.002]]
----------------------------------------------------------------------------------------
   Cr1   Cr2   (  0,  -3,   0) -0.0012   ( 0.001, 10.117, -13.654) 16.994 
J_iso: -0.0012 
[Testing!] Jprime: 0.001,  B: -0.001
[Testing!] DMI: ( 0.0000 -0.0000  0.0000)
[Testing!]J_ani:
[[-0.     0.     0.   ]
 [ 0.    -0.001 -0.001]
 [ 0.    -0.001 -0.002]]
----------------------------------------------------------------------------------------
   Cr2   Cr1   (  0,   3,   0) -0.0012   (-0.001, -10.117, 13.654) 16.994 
J_iso: -0.0012 
[Testing!] Jprime: 0.001,  B: -0.001
[Testing!] DMI: (-0.0000  0.0000 -0.0000)
[Testing!]J_ani:
[[-0.     0.     0.   ]
 [ 0.    -0.001 -0.001]
 [ 0.    -0.001 -0.002]]
----------------------------------------------------------------------------------------
   Cr1   Cr1   ( -3,   2,   0)  0.0005   (-0.002, -16.862, -5.849) 17.848 
J_iso:  0.0005 
[Testing!] Jprime: 0.004,  B: -0.002
[Testing!] DMI: (-0.0002  0.0002  0.0000)
[Testing!]J_ani:
[[-0.     0.     0.   ]
 [ 0.    -0.    -0.001]
 [ 0.    -0.001 -0.003]]
----------------------------------------------------------------------------------------
   Cr2   Cr2   ( -3,   2,   0)  0.0005   (-0.002, -16.862, -5.849) 17.848 
J_iso:  0.0005 
[Testing!] Jprime: 0.004,  B: -0.002
[Testing!] DMI: ( 0.0002 -0.0002 -0.0000)
[Testing!]J_ani:
[[-0.     0.     0.   ]
 [ 0.    -0.    -0.001]
 [ 0.    -0.001 -0.003]]
----------------------------------------------------------------------------------------
   Cr1   Cr1   (  3,  -2,   0)  0.0005   ( 0.002, 16.862,  5.849) 17.848 
J_iso:  0.0005 
[Testing!] Jprime: 0.004,  B: -0.002
[Testing!] DMI: ( 0.0002 -0.0002 -0.0000)
[Testing!]J_ani:
[[-0.     0.     0.   ]
 [ 0.    -0.    -0.001]
 [ 0.    -0.001 -0.003]]
----------------------------------------------------------------------------------------
   Cr2   Cr2   (  3,  -2,   0)  0.0005   ( 0.002, 16.862,  5.849) 17.848 
J_iso:  0.0005 
[Testing!] Jprime: 0.004,  B: -0.002
[Testing!] DMI: (-0.0002  0.0002  0.0000)
[Testing!]J_ani:
[[-0.     0.     0.   ]
 [ 0.    -0.    -0.001]
 [ 0.    -0.001 -0.003]]
----------------------------------------------------------------------------------------
   Cr1   Cr1   ( -2,   3,   0)  0.0005   (-0.002, -16.862,  5.849) 17.848 
J_iso:  0.0005 
[Testing!] Jprime: 0.004,  B: -0.002
[Testing!] DMI: (-0.0002  0.0002 -0.0000)
[Testing!]J_ani:
[[-0.     0.    -0.   ]
 [ 0.    -0.     0.001]
 [-0.     0.001 -0.003]]
----------------------------------------------------------------------------------------
   Cr2   Cr2   ( -2,   3,   0)  0.0005   (-0.002, -16.862,  5.849) 17.848 
J_iso:  0.0005 
[Testing!] Jprime: 0.004,  B: -0.002
[Testing!] DMI: ( 0.0002 -0.0002  0.0000)
[Testing!]J_ani:
[[-0.     0.    -0.   ]
 [ 0.    -0.     0.001]
 [-0.     0.001 -0.003]]
----------------------------------------------------------------------------------------
   Cr1   Cr1   (  2,  -3,   0)  0.0005   ( 0.002, 16.862, -5.849) 17.848 
J_iso:  0.0005 
[Testing!] Jprime: 0.004,  B: -0.002
[Testing!] DMI: ( 0.0002 -0.0002  0.0000)
[Testing!]J_ani:
[[-0.     0.    -0.   ]
 [ 0.    -0.     0.001]
 [-0.     0.001 -0.003]]
----------------------------------------------------------------------------------------
   Cr2   Cr2   (  2,  -3,   0)  0.0005   ( 0.002, 16.862, -5.849) 17.848 
J_iso:  0.0005 
[Testing!] Jprime: 0.004,  B: -0.002
[Testing!] DMI: (-0.0002  0.0002 -0.0000)
[Testing!]J_ani:
[[-0.     0.    -0.   ]
 [ 0.    -0.     0.001]
 [-0.     0.001 -0.003]]
----------------------------------------------------------------------------------------
   Cr1   Cr1   ( -3,   1,   0)  0.0005   (-0.001, -13.490, -11.698) 17.856 
J_iso:  0.0005 
[Testing!] Jprime: 0.004,  B: -0.002
[Testing!] DMI: ( 0.0003  0.0001 -0.0000)
[Testing!]J_ani:
[[-0.     0.    -0.   ]
 [ 0.    -0.     0.   ]
 [-0.     0.    -0.003]]
----------------------------------------------------------------------------------------
   Cr2   Cr2   ( -3,   1,   0)  0.0005   (-0.001, -13.490, -11.698) 17.856 
J_iso:  0.0005 
[Testing!] Jprime: 0.004,  B: -0.002
[Testing!] DMI: (-0.0003 -0.0001  0.0000)
[Testing!]J_ani:
[[-0.     0.    -0.   ]
 [ 0.    -0.     0.   ]
 [-0.     0.    -0.003]]
----------------------------------------------------------------------------------------
   Cr1   Cr1   (  3,  -1,   0)  0.0005   ( 0.001, 13.490, 11.698) 17.856 
J_iso:  0.0005 
[Testing!] Jprime: 0.004,  B: -0.002
[Testing!] DMI: (-0.0003 -0.0001  0.0000)
[Testing!]J_ani:
[[-0.     0.    -0.   ]
 [ 0.    -0.     0.   ]
 [-0.     0.    -0.003]]
----------------------------------------------------------------------------------------
   Cr2   Cr2   (  3,  -1,   0)  0.0005   ( 0.001, 13.490, 11.698) 17.856 
J_iso:  0.0005 
[Testing!] Jprime: 0.004,  B: -0.002
[Testing!] DMI: ( 0.0003  0.0001 -0.0000)
[Testing!]J_ani:
[[-0.     0.    -0.   ]
 [ 0.    -0.     0.   ]
 [-0.     0.    -0.003]]
----------------------------------------------------------------------------------------
   Cr1   Cr1   ( -1,   3,   0)  0.0005   (-0.001, -13.490, 11.698) 17.856 
J_iso:  0.0005 
[Testing!] Jprime: 0.004,  B: -0.002
[Testing!] DMI: ( 0.0003  0.0001  0.0000)
[Testing!]J_ani:
[[-0.     0.     0.   ]
 [ 0.    -0.    -0.   ]
 [ 0.    -0.    -0.003]]
----------------------------------------------------------------------------------------
   Cr2   Cr2   ( -1,   3,   0)  0.0005   (-0.001, -13.490, 11.698) 17.856 
J_iso:  0.0005 
[Testing!] Jprime: 0.004,  B: -0.002
[Testing!] DMI: (-0.0003 -0.0001 -0.0000)
[Testing!]J_ani:
[[-0.     0.     0.   ]
 [ 0.    -0.    -0.   ]
 [ 0.    -0.    -0.003]]
----------------------------------------------------------------------------------------
   Cr1   Cr1   (  1,  -3,   0)  0.0005   ( 0.001, 13.490, -11.698) 17.856 
J_iso:  0.0005 
[Testing!] Jprime: 0.004,  B: -0.002
[Testing!] DMI: (-0.0003 -0.0001 -0.0000)
[Testing!]J_ani:
[[-0.     0.     0.   ]
 [ 0.    -0.    -0.   ]
 [ 0.    -0.    -0.003]]
----------------------------------------------------------------------------------------
   Cr2   Cr2   (  1,  -3,   0)  0.0005   ( 0.001, 13.490, -11.698) 17.856 
J_iso:  0.0005 
[Testing!] Jprime: 0.004,  B: -0.002
[Testing!] DMI: ( 0.0003  0.0001  0.0000)
[Testing!]J_ani:
[[-0.     0.     0.   ]
 [ 0.    -0.    -0.   ]
 [ 0.    -0.    -0.003]]
----------------------------------------------------------------------------------------
   Cr1   Cr1   ( -2,  -1,   0)  0.0005   (-0.000, -3.372, -17.547) 17.868 
J_iso:  0.0005 
[Testing!] Jprime: 0.004,  B: -0.002
[Testing!] DMI: ( 0.0003  0.0000  0.0000)
[Testing!]J_ani:
[[-0.    -0.    -0.   ]
 [-0.    -0.    -0.001]
 [-0.    -0.001 -0.003]]
----------------------------------------------------------------------------------------
   Cr2   Cr2   ( -2,  -1,   0)  0.0005   (-0.000, -3.372, -17.547) 17.868 
J_iso:  0.0005 
[Testing!] Jprime: 0.004,  B: -0.002
[Testing!] DMI: (-0.0003 -0.0000 -0.0000)
[Testing!]J_ani:
[[-0.    -0.    -0.   ]
 [-0.    -0.    -0.001]
 [-0.    -0.001 -0.003]]
----------------------------------------------------------------------------------------
   Cr1   Cr1   (  2,   1,   0)  0.0005   ( 0.000,  3.372, 17.547) 17.868 
J_iso:  0.0005 
[Testing!] Jprime: 0.004,  B: -0.002
[Testing!] DMI: (-0.0003 -0.0000 -0.0000)
[Testing!]J_ani:
[[-0.    -0.    -0.   ]
 [-0.    -0.    -0.001]
 [-0.    -0.001 -0.003]]
----------------------------------------------------------------------------------------
   Cr2   Cr2   (  2,   1,   0)  0.0005   ( 0.000,  3.372, 17.547) 17.868 
J_iso:  0.0005 
[Testing!] Jprime: 0.004,  B: -0.002
[Testing!] DMI: ( 0.0003  0.0000  0.0000)
[Testing!]J_ani:
[[-0.    -0.    -0.   ]
 [-0.    -0.    -0.001]
 [-0.    -0.001 -0.003]]
----------------------------------------------------------------------------------------
   Cr1   Cr1   ( -1,  -2,   0)  0.0005   ( 0.000,  3.372, -17.547) 17.868 
J_iso:  0.0005 
[Testing!] Jprime: 0.004,  B: -0.002
[Testing!] DMI: (-0.0003 -0.0000  0.0000)
[Testing!]J_ani:
[[-0.    -0.     0.   ]
 [-0.    -0.     0.001]
 [ 0.     0.001 -0.003]]
----------------------------------------------------------------------------------------
   Cr2   Cr2   ( -1,  -2,   0)  0.0005   ( 0.000,  3.372, -17.547) 17.868 
J_iso:  0.0005 
[Testing!] Jprime: 0.004,  B: -0.002
[Testing!] DMI: ( 0.0003  0.0000 -0.0000)
[Testing!]J_ani:
[[-0.    -0.     0.   ]
 [-0.    -0.     0.001]
 [ 0.     0.001 -0.003]]
----------------------------------------------------------------------------------------
   Cr1   Cr1   (  1,   2,   0)  0.0005   (-0.000, -3.372, 17.547) 17.868 
J_iso:  0.0005 
[Testing!] Jprime: 0.004,  B: -0.002
[Testing!] DMI: ( 0.0003  0.0000 -0.0000)
[Testing!]J_ani:
[[-0.    -0.     0.   ]
 [-0.    -0.     0.001]
 [ 0.     0.001 -0.003]]
----------------------------------------------------------------------------------------
   Cr2   Cr2   (  1,   2,   0)  0.0005   (-0.000, -3.372, 17.547) 17.868 
J_iso:  0.0005 
[Testing!] Jprime: 0.004,  B: -0.002
[Testing!] DMI: (-0.0003 -0.0000  0.0000)
[Testing!]J_ani:
[[-0.    -0.     0.   ]
 [-0.    -0.     0.001]
 [ 0.     0.001 -0.003]]
----------------------------------------------------------------------------------------
   Cr2   Cr1   ( -3,   2,   0)  0.0003   (-0.002, -16.862, -9.742) 19.474 
J_iso:  0.0003 
[Testing!] Jprime: 0.002,  B: -0.001
[Testing!] DMI: ( 0.0000  0.0000  0.0000)
[Testing!]J_ani:
[[-0.    -0.    -0.   ]
 [-0.    -0.    -0.   ]
 [-0.    -0.    -0.002]]
----------------------------------------------------------------------------------------
   Cr1   Cr2   (  3,  -2,   0)  0.0003   ( 0.002, 16.862,  9.742) 19.474 
J_iso:  0.0003 
[Testing!] Jprime: 0.002,  B: -0.001
[Testing!] DMI: (-0.0000 -0.0000 -0.0000)
[Testing!]J_ani:
[[-0.    -0.    -0.   ]
 [-0.    -0.    -0.   ]
 [-0.    -0.    -0.002]]
----------------------------------------------------------------------------------------
   Cr1   Cr2   ( -2,   3,   0)  0.0003   (-0.002, -16.862,  9.742) 19.474 
J_iso:  0.0003 
[Testing!] Jprime: 0.002,  B: -0.001
[Testing!] DMI: (-0.0000 -0.0000  0.0000)
[Testing!]J_ani:
[[-0.    -0.     0.   ]
 [-0.    -0.     0.   ]
 [ 0.     0.    -0.002]]
----------------------------------------------------------------------------------------
   Cr2   Cr1   (  2,  -3,   0)  0.0003   ( 0.002, 16.862, -9.742) 19.474 
J_iso:  0.0003 
[Testing!] Jprime: 0.002,  B: -0.001
[Testing!] DMI: ( 0.0000  0.0000 -0.0000)
[Testing!]J_ani:
[[-0.    -0.     0.   ]
 [-0.    -0.     0.   ]
 [ 0.     0.    -0.002]]
----------------------------------------------------------------------------------------
   Cr1   Cr2   ( -2,  -2,   0)  0.0004   ( 0.000,  0.000, -19.503) 19.503 
J_iso:  0.0004 
[Testing!] Jprime: 0.002,  B: -0.001
[Testing!] DMI: (-0.0000  0.0000 -0.0000)
[Testing!]J_ani:
[[-0.     0.    -0.   ]
 [ 0.    -0.    -0.   ]
 [-0.    -0.    -0.002]]
----------------------------------------------------------------------------------------
   Cr2   Cr1   (  2,   2,   0)  0.0004   (-0.000, -0.000, 19.503) 19.503 
J_iso:  0.0004 
[Testing!] Jprime: 0.002,  B: -0.001
[Testing!] DMI: ( 0.0000 -0.0000  0.0000)
[Testing!]J_ani:
[[-0.     0.    -0.   ]
 [ 0.    -0.    -0.   ]
 [-0.    -0.    -0.002]]
----------------------------------------------------------------------------------------
   Cr1   Cr1   ( -3,   3,   0) -0.0002   (-0.002, -20.235,  0.000) 20.235 
J_iso: -0.0002 
[Testing!] Jprime: 0.000,  B: -0.000
[Testing!] DMI: (-0.0002  0.0000  0.0000)
[Testing!]J_ani:
[[-0.    -0.    -0.   ]
 [-0.    -0.    -0.   ]
 [-0.    -0.    -0.001]]
----------------------------------------------------------------------------------------
   Cr2   Cr2   ( -3,   3,   0) -0.0002   (-0.002, -20.235,  0.000) 20.235 
J_iso: -0.0002 
[Testing!] Jprime: 0.000,  B: -0.000
[Testing!] DMI: ( 0.0002 -0.0000  0.0000)
[Testing!]J_ani:
[[-0.    -0.     0.   ]
 [-0.    -0.     0.   ]
 [ 0.     0.    -0.001]]
----------------------------------------------------------------------------------------
   Cr1   Cr1   (  3,  -3,   0) -0.0002   ( 0.002, 20.235, -0.000) 20.235 
J_iso: -0.0002 
[Testing!] Jprime: 0.000,  B: -0.000
[Testing!] DMI: ( 0.0002 -0.0000 -0.0000)
[Testing!]J_ani:
[[-0.    -0.    -0.   ]
 [-0.    -0.    -0.   ]
 [-0.    -0.    -0.001]]
----------------------------------------------------------------------------------------
   Cr2   Cr2   (  3,  -3,   0) -0.0002   ( 0.002, 20.235, -0.000) 20.235 
J_iso: -0.0002 
[Testing!] Jprime: 0.000,  B: -0.000
[Testing!] DMI: (-0.0002  0.0000 -0.0000)
[Testing!]J_ani:
[[-0.    -0.     0.   ]
 [-0.    -0.     0.   ]
 [ 0.     0.    -0.001]]
----------------------------------------------------------------------------------------
   Cr1   Cr1   ( -3,   0,   0) -0.0001   (-0.001, -10.117, -17.547) 20.255 
J_iso: -0.0001 
[Testing!] Jprime: 0.000,  B: -0.000
[Testing!] DMI: ( 0.0002  0.0000  0.0001)
[Testing!]J_ani:
[[-0.     0.    -0.   ]
 [ 0.    -0.    -0.   ]
 [-0.    -0.    -0.001]]
----------------------------------------------------------------------------------------
   Cr2   Cr2   ( -3,   0,   0) -0.0001   (-0.001, -10.117, -17.547) 20.255 
J_iso: -0.0001 
[Testing!] Jprime: 0.000,  B: -0.000
[Testing!] DMI: (-0.0002 -0.0000 -0.0001)
[Testing!]J_ani:
[[-0.     0.    -0.   ]
 [ 0.    -0.    -0.   ]
 [-0.    -0.    -0.001]]
----------------------------------------------------------------------------------------
   Cr1   Cr1   (  3,   0,   0) -0.0001   ( 0.001, 10.117, 17.547) 20.255 
J_iso: -0.0001 
[Testing!] Jprime: 0.000,  B: -0.000
[Testing!] DMI: (-0.0002 -0.0000 -0.0001)
[Testing!]J_ani:
[[-0.     0.    -0.   ]
 [ 0.    -0.    -0.   ]
 [-0.    -0.    -0.001]]
----------------------------------------------------------------------------------------
   Cr2   Cr2   (  3,   0,   0) -0.0001   ( 0.001, 10.117, 17.547) 20.255 
J_iso: -0.0001 
[Testing!] Jprime: 0.000,  B: -0.000
[Testing!] DMI: ( 0.0002  0.0000  0.0001)
[Testing!]J_ani:
[[-0.     0.    -0.   ]
 [ 0.    -0.    -0.   ]
 [-0.    -0.    -0.001]]
----------------------------------------------------------------------------------------
   Cr1   Cr1   (  0,  -3,   0) -0.0001   ( 0.001, 10.117, -17.547) 20.255 
J_iso: -0.0001 
[Testing!] Jprime: 0.000,  B: -0.000
[Testing!] DMI: (-0.0002 -0.0000  0.0001)
[Testing!]J_ani:
[[-0.     0.     0.   ]
 [ 0.    -0.     0.   ]
 [ 0.     0.    -0.001]]
----------------------------------------------------------------------------------------
   Cr2   Cr2   (  0,  -3,   0) -0.0001   ( 0.001, 10.117, -17.547) 20.255 
J_iso: -0.0001 
[Testing!] Jprime: 0.000,  B: -0.000
[Testing!] DMI: ( 0.0002  0.0000 -0.0001)
[Testing!]J_ani:
[[-0.     0.     0.   ]
 [ 0.    -0.     0.   ]
 [ 0.     0.    -0.001]]
----------------------------------------------------------------------------------------
   Cr1   Cr1   (  0,   3,   0) -0.0001   (-0.001, -10.117, 17.547) 20.255 
J_iso: -0.0001 
[Testing!] Jprime: 0.000,  B: -0.000
[Testing!] DMI: ( 0.0002  0.0000 -0.0001)
[Testing!]J_ani:
[[-0.     0.     0.   ]
 [ 0.    -0.     0.   ]
 [ 0.     0.    -0.001]]
----------------------------------------------------------------------------------------
   Cr2   Cr2   (  0,   3,   0) -0.0001   (-0.001, -10.117, 17.547) 20.255 
J_iso: -0.0001 
[Testing!] Jprime: 0.000,  B: -0.000
[Testing!] DMI: (-0.0002 -0.0000  0.0001)
[Testing!]J_ani:
[[-0.     0.     0.   ]
 [ 0.    -0.     0.   ]
 [ 0.     0.    -0.001]]
----------------------------------------------------------------------------------------
   Cr2   Cr1   ( -3,   3,   0) -0.0001   (-0.002, -20.235, -3.893) 20.606 
J_iso: -0.0001 
[Testing!] Jprime: 0.000,  B: -0.000
[Testing!] DMI: (-0.0000  0.0000 -0.0000)
[Testing!]J_ani:
[[-0. -0.  0.]
 [-0. -0. -0.]
 [ 0. -0. -0.]]
----------------------------------------------------------------------------------------
   Cr1   Cr2   (  3,  -3,   0) -0.0001   ( 0.002, 20.235,  3.893) 20.606 
J_iso: -0.0001 
[Testing!] Jprime: 0.000,  B: -0.000
[Testing!] DMI: ( 0.0000 -0.0000  0.0000)
[Testing!]J_ani:
[[-0. -0.  0.]
 [-0. -0. -0.]
 [ 0. -0. -0.]]
----------------------------------------------------------------------------------------
   Cr1   Cr2   ( -3,   3,   0) -0.0001   (-0.002, -20.235,  3.893) 20.606 
J_iso: -0.0001 
[Testing!] Jprime: 0.000,  B: -0.000
[Testing!] DMI: ( 0.0000 -0.0000 -0.0000)
[Testing!]J_ani:
[[-0. -0. -0.]
 [-0. -0.  0.]
 [-0.  0. -0.]]
----------------------------------------------------------------------------------------
   Cr2   Cr1   (  3,  -3,   0) -0.0001   ( 0.002, 20.235, -3.893) 20.606 
J_iso: -0.0001 
[Testing!] Jprime: 0.000,  B: -0.000
[Testing!] DMI: (-0.0000  0.0000  0.0000)
[Testing!]J_ani:
[[-0. -0. -0.]
 [-0. -0.  0.]
 [-0.  0. -0.]]
----------------------------------------------------------------------------------------
   Cr2   Cr1   ( -3,   1,   0) -0.0001   (-0.001, -13.490, -15.591) 20.617 
J_iso: -0.0001 
[Testing!] Jprime: -0.000,  B: -0.000
[Testing!] DMI: (-0.0000 -0.0000 -0.0000)
[Testing!]J_ani:
[[-0.  0.  0.]
 [ 0. -0.  0.]
 [ 0.  0. -0.]]
----------------------------------------------------------------------------------------
   Cr1   Cr2   (  3,  -1,   0) -0.0001   ( 0.001, 13.490, 15.591) 20.617 
J_iso: -0.0001 
[Testing!] Jprime: -0.000,  B: -0.000
[Testing!] DMI: ( 0.0000  0.0000  0.0000)
[Testing!]J_ani:
[[-0.  0.  0.]
 [ 0. -0.  0.]
 [ 0.  0. -0.]]
----------------------------------------------------------------------------------------
   Cr1   Cr2   ( -1,   3,   0) -0.0001   (-0.001, -13.490, 15.591) 20.617 
J_iso: -0.0001 
[Testing!] Jprime: -0.000,  B: -0.000
[Testing!] DMI: ( 0.0000  0.0000 -0.0000)
[Testing!]J_ani:
[[-0.  0. -0.]
 [ 0. -0. -0.]
 [-0. -0. -0.]]
----------------------------------------------------------------------------------------
   Cr2   Cr1   (  1,  -3,   0) -0.0001   ( 0.001, 13.490, -15.591) 20.617 
J_iso: -0.0001 
[Testing!] Jprime: -0.000,  B: -0.000
[Testing!] DMI: (-0.0000 -0.0000  0.0000)
[Testing!]J_ani:
[[-0.  0. -0.]
 [ 0. -0. -0.]
 [-0. -0. -0.]]
----------------------------------------------------------------------------------------
   Cr1   Cr2   ( -3,  -1,   0) -0.0001   (-0.001, -6.745, -19.503) 20.637 
J_iso: -0.0001 
[Testing!] Jprime: 0.000,  B: -0.000
[Testing!] DMI: ( 0.0000 -0.0000  0.0000)
[Testing!]J_ani:
[[-0.  0.  0.]
 [ 0. -0. -0.]
 [ 0. -0. -0.]]
----------------------------------------------------------------------------------------
   Cr2   Cr1   (  3,   1,   0) -0.0001   ( 0.001,  6.745, 19.503) 20.637 
J_iso: -0.0001 
[Testing!] Jprime: 0.000,  B: -0.000
[Testing!] DMI: (-0.0000  0.0000 -0.0000)
[Testing!]J_ani:
[[-0.  0.  0.]
 [ 0. -0. -0.]
 [ 0. -0. -0.]]
----------------------------------------------------------------------------------------
   Cr1   Cr2   ( -1,  -3,   0) -0.0001   ( 0.001,  6.745, -19.503) 20.637 
J_iso: -0.0001 
[Testing!] Jprime: 0.000,  B: -0.000
[Testing!] DMI: ( 0.0000 -0.0000 -0.0000)
[Testing!]J_ani:
[[-0.  0. -0.]
 [ 0. -0.  0.]
 [-0.  0. -0.]]
----------------------------------------------------------------------------------------
   Cr2   Cr1   (  1,   3,   0) -0.0001   (-0.001, -6.745, 19.503) 20.637 
J_iso: -0.0001 
[Testing!] Jprime: 0.000,  B: -0.000
[Testing!] DMI: (-0.0000  0.0000  0.0000)
[Testing!]J_ani:
[[-0.  0. -0.]
 [ 0. -0.  0.]
 [-0.  0. -0.]]
----------------------------------------------------------------------------------------
   Cr2   Cr1   ( -2,  -1,   0) -0.0000   (-0.000, -3.372, -21.440) 21.703 
J_iso: -0.0000 
[Testing!] Jprime: 0.001,  B: -0.000
[Testing!] DMI: (-0.0000 -0.0000  0.0000)
[Testing!]J_ani:
[[-0.    -0.    -0.   ]
 [-0.    -0.    -0.   ]
 [-0.    -0.    -0.001]]
----------------------------------------------------------------------------------------
   Cr1   Cr2   (  2,   1,   0) -0.0000   ( 0.000,  3.372, 21.440) 21.703 
J_iso: -0.0000 
[Testing!] Jprime: 0.001,  B: -0.000
[Testing!] DMI: ( 0.0000  0.0000 -0.0000)
[Testing!]J_ani:
[[-0.    -0.    -0.   ]
 [-0.    -0.    -0.   ]
 [-0.    -0.    -0.001]]
----------------------------------------------------------------------------------------
   Cr2   Cr1   ( -1,  -2,   0) -0.0000   ( 0.000,  3.372, -21.440) 21.703 
J_iso: -0.0000 
[Testing!] Jprime: 0.001,  B: -0.000
[Testing!] DMI: (-0.0000 -0.0000 -0.0000)
[Testing!]J_ani:
[[-0.    -0.     0.   ]
 [-0.    -0.     0.   ]
 [ 0.     0.    -0.001]]
----------------------------------------------------------------------------------------
   Cr1   Cr2   (  1,   2,   0) -0.0000   (-0.000, -3.372, 21.440) 21.703 
J_iso: -0.0000 
[Testing!] Jprime: 0.001,  B: -0.000
[Testing!] DMI: ( 0.0000  0.0000  0.0000)
[Testing!]J_ani:
[[-0.    -0.     0.   ]
 [-0.    -0.     0.   ]
 [ 0.     0.    -0.001]]
----------------------------------------------------------------------------------------
   Cr1   Cr1   ( -2,  -2,   0)  0.0000   (-0.000,  0.000, -23.396) 23.396 
J_iso:  0.0000 
[Testing!] Jprime: 0.001,  B: -0.000
[Testing!] DMI: (-0.0000 -0.0000 -0.0000)
[Testing!]J_ani:
[[-0.    -0.    -0.   ]
 [-0.    -0.    -0.   ]
 [-0.    -0.    -0.001]]
----------------------------------------------------------------------------------------
   Cr2   Cr2   ( -2,  -2,   0)  0.0000   (-0.000,  0.000, -23.396) 23.396 
J_iso:  0.0000 
[Testing!] Jprime: 0.001,  B: -0.000
[Testing!] DMI: (-0.0000 -0.0000  0.0000)
[Testing!]J_ani:
[[-0.    -0.     0.   ]
 [-0.    -0.     0.   ]
 [ 0.     0.    -0.001]]
----------------------------------------------------------------------------------------
   Cr1   Cr1   (  2,   2,   0)  0.0000   ( 0.000, -0.000, 23.396) 23.396 
J_iso:  0.0000 
[Testing!] Jprime: 0.001,  B: -0.000
[Testing!] DMI: ( 0.0000  0.0000  0.0000)
[Testing!]J_ani:
[[-0.    -0.    -0.   ]
 [-0.    -0.    -0.   ]
 [-0.    -0.    -0.001]]
----------------------------------------------------------------------------------------
   Cr2   Cr2   (  2,   2,   0)  0.0000   ( 0.000, -0.000, 23.396) 23.396 
J_iso:  0.0000 
[Testing!] Jprime: 0.001,  B: -0.000
[Testing!] DMI: ( 0.0000  0.0000 -0.0000)
[Testing!]J_ani:
[[-0.    -0.     0.   ]
 [-0.    -0.     0.   ]
 [ 0.     0.    -0.001]]
----------------------------------------------------------------------------------------
   Cr2   Cr1   ( -3,   0,   0)  0.0001   (-0.001, -10.117, -21.440) 23.707 
J_iso:  0.0001 
[Testing!] Jprime: 0.000,  B: -0.000
[Testing!] DMI: (-0.0000 -0.0000  0.0000)
[Testing!]J_ani:
[[-0.  0. -0.]
 [ 0. -0.  0.]
 [-0.  0. -0.]]
----------------------------------------------------------------------------------------
   Cr1   Cr2   (  3,   0,   0)  0.0001   ( 0.001, 10.117, 21.440) 23.707 
J_iso:  0.0001 
[Testing!] Jprime: 0.000,  B: -0.000
[Testing!] DMI: ( 0.0000  0.0000 -0.0000)
[Testing!]J_ani:
[[-0.  0. -0.]
 [ 0. -0.  0.]
 [-0.  0. -0.]]
----------------------------------------------------------------------------------------
   Cr2   Cr1   (  0,  -3,   0)  0.0001   ( 0.001, 10.117, -21.440) 23.707 
J_iso:  0.0001 
[Testing!] Jprime: 0.000,  B: -0.000
[Testing!] DMI: (-0.0000 -0.0000 -0.0000)
[Testing!]J_ani:
[[-0.  0.  0.]
 [ 0. -0. -0.]
 [ 0. -0. -0.]]
----------------------------------------------------------------------------------------
   Cr1   Cr2   (  0,   3,   0)  0.0001   (-0.001, -10.117, 21.440) 23.707 
J_iso:  0.0001 
[Testing!] Jprime: 0.000,  B: -0.000
[Testing!] DMI: ( 0.0000  0.0000  0.0000)
[Testing!]J_ani:
[[-0.  0.  0.]
 [ 0. -0. -0.]
 [ 0. -0. -0.]]
----------------------------------------------------------------------------------------
   Cr1   Cr1   ( -3,  -1,   0)  0.0001   (-0.001, -6.745, -23.396) 24.349 
J_iso:  0.0001 
[Testing!] Jprime: 0.000,  B: -0.000
[Testing!] DMI: (-0.0000  0.0000 -0.0000)
[Testing!]J_ani:
[[-0.  0.  0.]
 [ 0. -0.  0.]
 [ 0.  0. -0.]]
----------------------------------------------------------------------------------------
   Cr2   Cr2   ( -3,  -1,   0)  0.0001   (-0.001, -6.745, -23.396) 24.349 
J_iso:  0.0001 
[Testing!] Jprime: 0.000,  B: -0.000
[Testing!] DMI: ( 0.0000 -0.0000  0.0000)
[Testing!]J_ani:
[[-0.  0.  0.]
 [ 0. -0.  0.]
 [ 0.  0. -0.]]
----------------------------------------------------------------------------------------
   Cr1   Cr1   (  3,   1,   0)  0.0001   ( 0.001,  6.745, 23.396) 24.349 
J_iso:  0.0001 
[Testing!] Jprime: 0.000,  B: -0.000
[Testing!] DMI: ( 0.0000 -0.0000  0.0000)
[Testing!]J_ani:
[[-0.  0.  0.]
 [ 0. -0.  0.]
 [ 0.  0. -0.]]
----------------------------------------------------------------------------------------
   Cr2   Cr2   (  3,   1,   0)  0.0001   ( 0.001,  6.745, 23.396) 24.349 
J_iso:  0.0001 
[Testing!] Jprime: 0.000,  B: -0.000
[Testing!] DMI: (-0.0000  0.0000 -0.0000)
[Testing!]J_ani:
[[-0.  0.  0.]
 [ 0. -0.  0.]
 [ 0.  0. -0.]]
----------------------------------------------------------------------------------------
   Cr1   Cr1   ( -1,  -3,   0)  0.0001   ( 0.001,  6.745, -23.396) 24.349 
J_iso:  0.0001 
[Testing!] Jprime: 0.000,  B: -0.000
[Testing!] DMI: ( 0.0000 -0.0000 -0.0000)
[Testing!]J_ani:
[[-0.  0. -0.]
 [ 0. -0. -0.]
 [-0. -0. -0.]]
----------------------------------------------------------------------------------------
   Cr2   Cr2   ( -1,  -3,   0)  0.0001   ( 0.001,  6.745, -23.396) 24.349 
J_iso:  0.0001 
[Testing!] Jprime: 0.000,  B: -0.000
[Testing!] DMI: (-0.0000  0.0000  0.0000)
[Testing!]J_ani:
[[-0.  0. -0.]
 [ 0. -0. -0.]
 [-0. -0. -0.]]
----------------------------------------------------------------------------------------
   Cr1   Cr1   (  1,   3,   0)  0.0001   (-0.001, -6.745, 23.396) 24.349 
J_iso:  0.0001 
[Testing!] Jprime: 0.000,  B: -0.000
[Testing!] DMI: (-0.0000  0.0000  0.0000)
[Testing!]J_ani:
[[-0.  0. -0.]
 [ 0. -0. -0.]
 [-0. -0. -0.]]
----------------------------------------------------------------------------------------
   Cr2   Cr2   (  1,   3,   0)  0.0001   (-0.001, -6.745, 23.396) 24.349 
J_iso:  0.0001 
[Testing!] Jprime: 0.000,  B: -0.000
[Testing!] DMI: ( 0.0000 -0.0000 -0.0000)
[Testing!]J_ani:
[[-0.  0. -0.]
 [ 0. -0. -0.]
 [-0. -0. -0.]]
----------------------------------------------------------------------------------------
   Cr1   Cr2   ( -3,  -2,   0)  0.0000   (-0.000, -3.372, -25.352) 25.576 
J_iso:  0.0000 
[Testing!] Jprime: 0.000,  B: -0.000
[Testing!] DMI: (-0.0000 -0.0000  0.0000)
[Testing!]J_ani:
[[-0.  0. -0.]
 [ 0.  0. -0.]
 [-0. -0. -0.]]
----------------------------------------------------------------------------------------
   Cr2   Cr1   (  3,   2,   0)  0.0000   ( 0.000,  3.372, 25.352) 25.576 
J_iso:  0.0000 
[Testing!] Jprime: 0.000,  B: -0.000
[Testing!] DMI: ( 0.0000  0.0000 -0.0000)
[Testing!]J_ani:
[[-0.  0. -0.]
 [ 0.  0. -0.]
 [-0. -0. -0.]]
----------------------------------------------------------------------------------------
   Cr1   Cr2   ( -2,  -3,   0)  0.0000   ( 0.000,  3.372, -25.352) 25.576 
J_iso:  0.0000 
[Testing!] Jprime: 0.000,  B: -0.000
[Testing!] DMI: (-0.0000 -0.0000 -0.0000)
[Testing!]J_ani:
[[-0.  0.  0.]
 [ 0.  0.  0.]
 [ 0.  0. -0.]]
----------------------------------------------------------------------------------------
   Cr2   Cr1   (  2,   3,   0)  0.0000   (-0.000, -3.372, 25.352) 25.576 
J_iso:  0.0000 
[Testing!] Jprime: 0.000,  B: -0.000
[Testing!] DMI: ( 0.0000  0.0000  0.0000)
[Testing!]J_ani:
[[-0.  0.  0.]
 [ 0.  0.  0.]
 [ 0.  0. -0.]]
----------------------------------------------------------------------------------------
   Cr2   Cr1   ( -2,  -2,   0) -0.0001   (-0.000,  0.000, -27.289) 27.289 
J_iso: -0.0001 
[Testing!] Jprime: 0.000,  B: -0.000
[Testing!] DMI: ( 0.0000  0.0000  0.0000)
[Testing!]J_ani:
[[-0.    -0.     0.   ]
 [-0.     0.     0.   ]
 [ 0.     0.    -0.001]]
----------------------------------------------------------------------------------------
   Cr1   Cr2   (  2,   2,   0) -0.0001   ( 0.000, -0.000, 27.289) 27.289 
J_iso: -0.0001 
[Testing!] Jprime: 0.000,  B: -0.000
[Testing!] DMI: (-0.0000 -0.0000 -0.0000)
[Testing!]J_ani:
[[-0.    -0.     0.   ]
 [-0.     0.     0.   ]
 [ 0.     0.    -0.001]]
----------------------------------------------------------------------------------------
   Cr2   Cr1   ( -3,  -1,   0) -0.0000   (-0.001, -6.745, -27.289) 28.110 
J_iso: -0.0000 
[Testing!] Jprime: 0.001,  B: -0.000
[Testing!] DMI: (-0.0000 -0.0000  0.0000)
[Testing!]J_ani:
[[-0.     0.    -0.   ]
 [ 0.    -0.     0.   ]
 [-0.     0.    -0.001]]
----------------------------------------------------------------------------------------
   Cr1   Cr2   (  3,   1,   0) -0.0000   ( 0.001,  6.745, 27.289) 28.110 
J_iso: -0.0000 
[Testing!] Jprime: 0.001,  B: -0.000
[Testing!] DMI: ( 0.0000  0.0000 -0.0000)
[Testing!]J_ani:
[[-0.     0.    -0.   ]
 [ 0.    -0.     0.   ]
 [-0.     0.    -0.001]]
----------------------------------------------------------------------------------------
   Cr2   Cr1   ( -1,  -3,   0) -0.0000   ( 0.001,  6.745, -27.289) 28.110 
J_iso: -0.0000 
[Testing!] Jprime: 0.001,  B: -0.000
[Testing!] DMI: (-0.0000 -0.0000 -0.0000)
[Testing!]J_ani:
[[-0.     0.     0.   ]
 [ 0.    -0.    -0.   ]
 [ 0.    -0.    -0.001]]
----------------------------------------------------------------------------------------
   Cr1   Cr2   (  1,   3,   0) -0.0000   (-0.001, -6.745, 27.289) 28.110 
J_iso: -0.0000 
[Testing!] Jprime: 0.001,  B: -0.000
[Testing!] DMI: ( 0.0000  0.0000  0.0000)
[Testing!]J_ani:
[[-0.     0.     0.   ]
 [ 0.    -0.    -0.   ]
 [ 0.    -0.    -0.001]]
----------------------------------------------------------------------------------------
   Cr1   Cr1   ( -3,  -2,   0)  0.0000   (-0.000, -3.372, -29.245) 29.439 
J_iso:  0.0000 
[Testing!] Jprime: 0.001,  B: -0.000
[Testing!] DMI: (-0.0000 -0.0000  0.0000)
[Testing!]J_ani:
[[-0.     0.    -0.   ]
 [ 0.    -0.     0.   ]
 [-0.     0.    -0.001]]
----------------------------------------------------------------------------------------
   Cr2   Cr2   ( -3,  -2,   0)  0.0000   (-0.000, -3.372, -29.245) 29.439 
J_iso:  0.0000 
[Testing!] Jprime: 0.001,  B: -0.000
[Testing!] DMI: ( 0.0000  0.0000 -0.0000)
[Testing!]J_ani:
[[-0.     0.    -0.   ]
 [ 0.    -0.     0.   ]
 [-0.     0.    -0.001]]
----------------------------------------------------------------------------------------
   Cr2   Cr2   (  3,   2,   0)  0.0000   ( 0.000,  3.372, 29.245) 29.439 
J_iso:  0.0000 
[Testing!] Jprime: 0.001,  B: -0.000
[Testing!] DMI: (-0.0000 -0.0000  0.0000)
[Testing!]J_ani:
[[-0.     0.    -0.   ]
 [ 0.    -0.     0.   ]
 [-0.     0.    -0.001]]
----------------------------------------------------------------------------------------
   Cr1   Cr1   (  3,   2,   0)  0.0000   ( 0.000,  3.372, 29.245) 29.439 
J_iso:  0.0000 
[Testing!] Jprime: 0.001,  B: -0.000
[Testing!] DMI: ( 0.0000  0.0000 -0.0000)
[Testing!]J_ani:
[[-0.     0.    -0.   ]
 [ 0.    -0.     0.   ]
 [-0.     0.    -0.001]]
----------------------------------------------------------------------------------------
   Cr1   Cr1   ( -2,  -3,   0)  0.0000   ( 0.000,  3.372, -29.245) 29.439 
J_iso:  0.0000 
[Testing!] Jprime: 0.001,  B: -0.000
[Testing!] DMI: ( 0.0000  0.0000  0.0000)
[Testing!]J_ani:
[[-0.     0.     0.   ]
 [ 0.    -0.    -0.   ]
 [ 0.    -0.    -0.001]]
----------------------------------------------------------------------------------------
   Cr2   Cr2   ( -2,  -3,   0)  0.0000   ( 0.000,  3.372, -29.245) 29.439 
J_iso:  0.0000 
[Testing!] Jprime: 0.001,  B: -0.000
[Testing!] DMI: (-0.0000 -0.0000 -0.0000)
[Testing!]J_ani:
[[-0.     0.     0.   ]
 [ 0.    -0.    -0.   ]
 [ 0.    -0.    -0.001]]
----------------------------------------------------------------------------------------
   Cr2   Cr2   (  2,   3,   0)  0.0000   (-0.000, -3.372, 29.245) 29.439 
J_iso:  0.0000 
[Testing!] Jprime: 0.001,  B: -0.000
[Testing!] DMI: ( 0.0000  0.0000  0.0000)
[Testing!]J_ani:
[[-0.     0.     0.   ]
 [ 0.    -0.    -0.   ]
 [ 0.    -0.    -0.001]]
----------------------------------------------------------------------------------------
   Cr1   Cr1   (  2,   3,   0)  0.0000   (-0.000, -3.372, 29.245) 29.439 
J_iso:  0.0000 
[Testing!] Jprime: 0.001,  B: -0.000
[Testing!] DMI: (-0.0000 -0.0000 -0.0000)
[Testing!]J_ani:
[[-0.     0.     0.   ]
 [ 0.    -0.    -0.   ]
 [ 0.    -0.    -0.001]]
----------------------------------------------------------------------------------------
   Cr1   Cr2   ( -3,  -3,   0)  0.0000   ( 0.000,  0.000, -31.201) 31.201 
J_iso:  0.0000 
[Testing!] Jprime: 0.000,  B: -0.000
[Testing!] DMI: (-0.0000  0.0000 -0.0000)
[Testing!]J_ani:
[[-0. -0. -0.]
 [-0.  0. -0.]
 [-0. -0. -0.]]
----------------------------------------------------------------------------------------
   Cr2   Cr1   (  3,   3,   0)  0.0000   (-0.000, -0.000, 31.201) 31.201 
J_iso:  0.0000 
[Testing!] Jprime: 0.000,  B: -0.000
[Testing!] DMI: ( 0.0000 -0.0000  0.0000)
[Testing!]J_ani:
[[-0. -0. -0.]
 [-0.  0. -0.]
 [-0. -0. -0.]]
----------------------------------------------------------------------------------------
   Cr1   Cr2   (  3,   2,   0) -0.0000   ( 0.000,  3.372, 33.138) 33.309 
J_iso: -0.0000 
[Testing!] Jprime: 0.000,  B: -0.000
[Testing!] DMI: ( 0.0000 -0.0000  0.0000)
[Testing!]J_ani:
[[-0.     0.     0.   ]
 [ 0.    -0.    -0.   ]
 [ 0.    -0.    -0.001]]
----------------------------------------------------------------------------------------
   Cr2   Cr1   ( -3,  -2,   0) -0.0000   (-0.000, -3.372, -33.138) 33.309 
J_iso: -0.0000 
[Testing!] Jprime: 0.000,  B: -0.000
[Testing!] DMI: (-0.0000  0.0000 -0.0000)
[Testing!]J_ani:
[[-0.     0.     0.   ]
 [ 0.    -0.    -0.   ]
 [ 0.    -0.    -0.001]]
----------------------------------------------------------------------------------------
   Cr1   Cr2   (  2,   3,   0) -0.0000   (-0.000, -3.372, 33.138) 33.309 
J_iso: -0.0000 
[Testing!] Jprime: 0.000,  B: -0.000
[Testing!] DMI: ( 0.0000 -0.0000 -0.0000)
[Testing!]J_ani:
[[-0.     0.    -0.   ]
 [ 0.    -0.     0.   ]
 [-0.     0.    -0.001]]
----------------------------------------------------------------------------------------
   Cr2   Cr1   ( -2,  -3,   0) -0.0000   ( 0.000,  3.372, -33.138) 33.309 
J_iso: -0.0000 
[Testing!] Jprime: 0.000,  B: -0.000
[Testing!] DMI: (-0.0000  0.0000  0.0000)
[Testing!]J_ani:
[[-0.     0.    -0.   ]
 [ 0.    -0.     0.   ]
 [-0.     0.    -0.001]]
----------------------------------------------------------------------------------------
   Cr1   Cr1   ( -3,  -3,   0)  0.0001   (-0.000,  0.000, -35.094) 35.094 
J_iso:  0.0001 
[Testing!] Jprime: 0.000,  B: -0.000
[Testing!] DMI: (-0.0000  0.0000  0.0000)
[Testing!]J_ani:
[[-0. -0. -0.]
 [-0. -0. -0.]
 [-0. -0. -0.]]
----------------------------------------------------------------------------------------
   Cr2   Cr2   ( -3,  -3,   0)  0.0001   (-0.000,  0.000, -35.094) 35.094 
J_iso:  0.0001 
[Testing!] Jprime: 0.000,  B: -0.000
[Testing!] DMI: (-0.0000  0.0000 -0.0000)
[Testing!]J_ani:
[[-0. -0.  0.]
 [-0. -0.  0.]
 [ 0.  0. -0.]]
----------------------------------------------------------------------------------------
   Cr1   Cr1   (  3,   3,   0)  0.0001   ( 0.000, -0.000, 35.094) 35.094 
J_iso:  0.0001 
[Testing!] Jprime: 0.000,  B: -0.000
[Testing!] DMI: ( 0.0000 -0.0000 -0.0000)
[Testing!]J_ani:
[[-0. -0. -0.]
 [-0. -0. -0.]
 [-0. -0. -0.]]
----------------------------------------------------------------------------------------
   Cr2   Cr2   (  3,   3,   0)  0.0001   ( 0.000, -0.000, 35.094) 35.094 
J_iso:  0.0001 
[Testing!] Jprime: 0.000,  B: -0.000
[Testing!] DMI: ( 0.0000 -0.0000  0.0000)
[Testing!]J_ani:
[[-0. -0.  0.]
 [-0. -0.  0.]
 [ 0.  0. -0.]]
----------------------------------------------------------------------------------------
   Cr1   Cr2   (  3,   3,   0)  0.0001   ( 0.000, -0.000, 38.987) 38.987 
J_iso:  0.0001 
[Testing!] Jprime: 0.000,  B: -0.000
[Testing!] DMI: ( 0.0000 -0.0000 -0.0000)
[Testing!]J_ani:
[[-0. -0.  0.]
 [-0. -0. -0.]
 [ 0. -0. -0.]]
----------------------------------------------------------------------------------------
   Cr2   Cr1   ( -3,  -3,   0)  0.0001   (-0.000,  0.000, -38.987) 38.987 
J_iso:  0.0001 
[Testing!] Jprime: 0.000,  B: -0.000
[Testing!] DMI: (-0.0000  0.0000  0.0000)
[Testing!]J_ani:
[[-0. -0.  0.]
 [-0. -0. -0.]
 [ 0. -0. -0.]]
